#
# A fatal error has been detected by the Java Runtime Environment:
#
#  SIGSEGV (0xb) at pc=0x00007ffb7706b531, pid=24346, tid=140717962061568
#
# JRE version: Java(TM) SE Runtime Environment (7.0_75-b13) (build 1.7.0_75-b13)
# Java VM: Java HotSpot(TM) 64-Bit Server VM (24.75-b04 mixed mode linux-amd64 compressed oops)
# Problematic frame:
# V  [libjvm.so+0x887531]  oopDesc* PSPromotionManager::copy_to_survivor_space<false>(oopDesc*)+0x81
#
# Failed to write core dump. Core dumps have been disabled. To enable core dumping, try "ulimit -c unlimited" before starting Java again
#
# If you would like to submit a bug report, please visit:
#   http://bugreport.sun.com/bugreport/crash.jsp
#

---------------  T H R E A D  ---------------

Current thread (0x00007ffb70024800):  GCTaskThread [stack: 0x00007ffb74146000,0x00007ffb74247000] [id=24355]

siginfo:si_signo=SIGSEGV: si_errno=0, si_code=1 (SEGV_MAPERR), si_addr=0x0000000000000000

Registers:
RAX=0x0000000000000000, RBX=0x0000000760d0988c, RCX=0x0000000000000001, RDX=0x0000000000000006
RSP=0x00007ffb74245ba0, RBP=0x00007ffb74245c10, RSI=0x0000000000000001, RDI=0xfffffffffffffff8
R8 =0x0000000000000001, R9 =0x00007ffb77623518, R10=0x00000000ec1a1315, R11=0x00007ffb777e3a30
R12=0x0000000759976650, R13=0x0000000000000000, R14=0x0000000000000000, R15=0x0000000000000003
RIP=0x00007ffb7706b531, EFLAGS=0x0000000000010246, CSGSFS=0x0000000000000033, ERR=0x0000000000000004
  TRAPNO=0x000000000000000e

Top of Stack: (sp=0x00007ffb74245ba0)
0x00007ffb74245ba0:   00007ffb74245c20 00007ffb77623518
0x00007ffb74245bb0:   0000000760d08a39 00007ffb70068cb0
0x00007ffb74245bc0:   00000006063ce350 0000000760d08a38
0x00007ffb74245bd0:   0000000760d093c5 00007ffb76d96cb8
0x00007ffb74245be0:   0000000605a3b9c8 0000000760d0988c
0x00007ffb74245bf0:   00007ffb70068cb0 00007ffb77607cc0
0x00007ffb74245c00:   0000000000000000 00007ffb70068d20
0x00007ffb74245c10:   00007ffb74245d00 00007ffb7706ae00
0x00007ffb74245c20:   00007ffb74245ca0 00007ffb74245c90
0x00007ffb74245c30:   00007ffb74245ca0 00007ffb74245c60
0x00007ffb74245c40:   00007ffb74245c70 00007ffb74245cc0
0x00007ffb74245c50:   0000000000000000 00007ffb70068d50
0x00007ffb74245c60:   0000000000000058 00007ffb70068cb0
0x00007ffb74245c70:   0000000000000000 00007ffb7006efe0
0x00007ffb74245c80:   0000000000000030 00007ffb7006efb0
0x00007ffb74245c90:   00007ffb74245d60 00007ffb700647a0
0x00007ffb74245ca0:   00007ffb74245cc0 00007ffb7706e49d
0x00007ffb74245cb0:   00007ffb70025120 000000000000001f
0x00007ffb74245cc0:   0000000760d0988d 00007ffb76e593fa
0x00007ffb74245cd0:   00007ffb700208e0 00007ffb70028e30
0x00007ffb74245ce0:   00007ffb70068cb0 0000000000000001
0x00007ffb74245cf0:   00007ffb70025120 00007ffb771f92f8
0x00007ffb74245d00:   00007ffb74245db0 00007ffb7706e9f2
0x00007ffb74245d10:   00007ffb700208c0 0000000000000000
0x00007ffb74245d20:   00007ffb74245d70 00007ffb76fc5ece
0x00007ffb74245d30:   00007ffb700208c0 00007ffb70024800
0x00007ffb74245d40:   00007ffb775e4c50 0000000000000000
0x00007ffb74245d50:   0000000000000000 00007ffb70068cb0
0x00007ffb74245d60:   00007ffb775e4a70 00007ffb70028e00
0x00007ffb74245d70:   0000000000000000 00007ffb70068cb0
0x00007ffb74245d80:   00007ffb74245db0 00007ffb70028e30
0x00007ffb74245d90:   00007ffb70024800 0000000000000001 

Instructions: (pc=0x00007ffb7706b531)
0x00007ffb7706b511:   01 0f 85 28 01 00 00 89 f0 c1 f8 03 41 f6 c5 01
0x00007ffb7706b521:   4c 63 f8 0f 85 37 01 00 00 4c 89 e8 48 83 e0 fd
0x00007ffb7706b531:   48 8b 00 48 c1 e8 03 89 c2 48 8b 05 d7 32 58 00
0x00007ffb7706b541:   83 e2 0f 3b 10 0f 8d 30 01 00 00 48 8b 5d a8 4e 

Register to memory mapping:

RAX=0x0000000000000000 is an unknown value
RBX=0x0000000760d0988c is an unknown value
RCX=0x0000000000000001 is an unknown value
RDX=0x0000000000000006 is an unknown value
RSP=0x00007ffb74245ba0 is an unknown value
RBP=0x00007ffb74245c10 is an unknown value
RSI=0x0000000000000001 is an unknown value
RDI=0xfffffffffffffff8 is an unknown value
R8 =0x0000000000000001 is an unknown value
R9 =0x00007ffb77623518: <offset 0xe3f518> in /opt/jdk1.7.0_75/jre/lib/amd64/server/libjvm.so at 0x00007ffb767e4000
R10=0x00000000ec1a1315 is an unknown value
R11=0x00007ffb777e3a30: <offset 0x187a30> in /lib/x86_64-linux-gnu/libc.so.6 at 0x00007ffb7765c000
R12=0x0000000759976650 is an unknown value
R13=0x0000000000000000 is an unknown value
R14=0x0000000000000000 is an unknown value
R15=0x0000000000000003 is an unknown value


Stack: [0x00007ffb74146000,0x00007ffb74247000],  sp=0x00007ffb74245ba0,  free space=1022k
Native frames: (J=compiled Java code, j=interpreted, Vv=VM code, C=native code)
V  [libjvm.so+0x887531]  oopDesc* PSPromotionManager::copy_to_survivor_space<false>(oopDesc*)+0x81
V  [libjvm.so+0x886e00]  PSPromotionManager::drain_stacks_depth(bool)+0x7c0
V  [libjvm.so+0x88a9f2]  ScavengeRootsTask::do_it(GCTaskManager*, unsigned int)+0x92
V  [libjvm.so+0x5572cf]  GCTaskThread::run()+0x12f
V  [libjvm.so+0x820b88]  java_start(Thread*)+0x108


---------------  P R O C E S S  ---------------

Java Threads: ( => current thread )
  0x00007ffb70853800 JavaThread "Abandoned connection cleanup thread" daemon [_thread_blocked, id=24379, stack(0x00007ffb1db0b000,0x00007ffb1dc0c000)]
  0x00007ffb7056b800 JavaThread "HashSessionScavenger-0" daemon [_thread_blocked, id=24369, stack(0x00007ffb1dc0c000,0x00007ffb1dd0d000)]
  0x00007ffb703d3800 JavaThread "Eclipse Jetty Console" daemon [_thread_in_native, id=24368, stack(0x00007ffb1dd0d000,0x00007ffb1de0e000)]
  0x00007ffb703b2800 JavaThread "AWT-XAWT" daemon [_thread_in_native, id=24367, stack(0x00007ffb271b5000,0x00007ffb272b6000)]
  0x00007ffb7039d800 JavaThread "Java2D Disposer" daemon [_thread_blocked, id=24366, stack(0x00007ffb276c6000,0x00007ffb277c7000)]
  0x00007ffb700a1800 JavaThread "Service Thread" daemon [_thread_blocked, id=24363, stack(0x00007ffb6548e000,0x00007ffb6558f000)]
  0x00007ffb7009f800 JavaThread "C2 CompilerThread1" daemon [_thread_blocked, id=24362, stack(0x00007ffb6558f000,0x00007ffb65690000)]
  0x00007ffb7009c800 JavaThread "C2 CompilerThread0" daemon [_thread_blocked, id=24361, stack(0x00007ffb65690000,0x00007ffb65791000)]
  0x00007ffb7009a000 JavaThread "Signal Dispatcher" daemon [_thread_blocked, id=24360, stack(0x00007ffb65791000,0x00007ffb65892000)]
  0x00007ffb70071800 JavaThread "Finalizer" daemon [_thread_blocked, id=24359, stack(0x00007ffb65f78000,0x00007ffb66079000)]
  0x00007ffb7006f800 JavaThread "Reference Handler" daemon [_thread_blocked, id=24358, stack(0x00007ffb66079000,0x00007ffb6617a000)]
  0x00007ffb7000b000 JavaThread "main" [_thread_blocked, id=24350, stack(0x00007ffb78157000,0x00007ffb78258000)]

Other Threads:
  0x00007ffb7006b000 VMThread [stack: 0x00007ffb6617a000,0x00007ffb6627b000] [id=24357]
  0x00007ffb700ac800 WatcherThread [stack: 0x00007ffb6538d000,0x00007ffb6548e000] [id=24364]

=>0x00007ffb70024800 (exited) GCTaskThread [stack: 0x00007ffb74146000,0x00007ffb74247000] [id=24355]

VM state:at safepoint (normal execution)

VM Mutex/Monitor currently owned by a thread:  ([mutex/lock_event])
[0x00007ffb70007840] Threads_lock - owner thread: 0x00007ffb7006b000
[0x00007ffb70007d40] Heap_lock - owner thread: 0x00007ffb7000b000

Heap
 PSYoungGen      total 150528K, used 129536K [0x0000000758e80000, 0x0000000763600000, 0x0000000800000000)
  eden space 129536K, 100% used [0x0000000758e80000,0x0000000760d00000,0x0000000760d00000)
  from space 20992K, 0% used [0x0000000762180000,0x0000000762180000,0x0000000763600000)
  to   space 20992K, 11% used [0x0000000760d00000,0x0000000760f5c010,0x0000000762180000)
 ParOldGen       total 342016K, used 0K [0x000000060ac00000, 0x000000061fa00000, 0x0000000758e80000)
  object space 342016K, 0% used [0x000000060ac00000,0x000000060ac00000,0x000000061fa00000)
 PSPermGen       total 23552K, used 23102K [0x0000000605a00000, 0x0000000607100000, 0x000000060ac00000)
  object space 23552K, 98% used [0x0000000605a00000,0x000000060708fb00,0x0000000607100000)

Card table byte_map: [0x00007ffb74472000,0x00007ffb75446000] byte_map_base: 0x00007ffb71445000

Polling page: 0x00007ffb78279000

Code Cache  [0x00007ffb6d000000, 0x00007ffb6d270000, 0x00007ffb70000000)
 total_blobs=763 nmethods=321 adapters=395 free_code_cache=47765Kb largest_free_block=48879744

Compilation events (10 events):
Event: 1.938 Thread 0x00007ffb7009f800 nmethod 317 0x00007ffb6d142290 code [0x00007ffb6d1423c0, 0x00007ffb6d142438]
Event: 1.940 Thread 0x00007ffb7009c800 nmethod 316% 0x00007ffb6d140890 code [0x00007ffb6d1409e0, 0x00007ffb6d140c58]
Event: 1.940 Thread 0x00007ffb7009f800  318             java.lang.String::equals (81 bytes)
Event: 1.942 Thread 0x00007ffb7009f800 nmethod 318 0x00007ffb6d143290 code [0x00007ffb6d1433e0, 0x00007ffb6d143638]
Event: 1.946 Thread 0x00007ffb7009c800  319             java.lang.Class::getName (21 bytes)
Event: 1.947 Thread 0x00007ffb7009c800 nmethod 319 0x00007ffb6d1405d0 code [0x00007ffb6d140720, 0x00007ffb6d1407c8]
Event: 1.954 Thread 0x00007ffb7009f800  320 %           java.lang.Class::searchMethods @ 11 (90 bytes)
Event: 1.957 Thread 0x00007ffb7009c800  321             org.apache.log4j.PatternLayout::format (72 bytes)
Event: 1.965 Thread 0x00007ffb7009c800 nmethod 321 0x00007ffb6d1613d0 code [0x00007ffb6d161580, 0x00007ffb6d162288]
Event: 1.965 Thread 0x00007ffb7009f800 nmethod 320% 0x00007ffb6d141310 code [0x00007ffb6d1414e0, 0x00007ffb6d141d48]

GC Heap History (1 events):
Event: 1.966 GC heap before
{Heap before GC invocations=1 (full 0):
 PSYoungGen      total 150528K, used 129536K [0x0000000758e80000, 0x0000000763600000, 0x0000000800000000)
  eden space 129536K, 100% used [0x0000000758e80000,0x0000000760d00000,0x0000000760d00000)
  from space 20992K, 0% used [0x0000000762180000,0x0000000762180000,0x0000000763600000)
  to   space 20992K, 0% used [0x0000000760d00000,0x0000000760d00000,0x0000000762180000)
 ParOldGen       total 342016K, used 0K [0x000000060ac00000, 0x000000061fa00000, 0x0000000758e80000)
  object space 342016K, 0% used [0x000000060ac00000,0x000000060ac00000,0x000000061fa00000)
 PSPermGen       total 23552K, used 23102K [0x0000000605a00000, 0x0000000607100000, 0x000000060ac00000)
  object space 23552K, 98% used [0x0000000605a00000,0x000000060708fb00,0x0000000607100000)

Deoptimization events (10 events):
Event: 1.267 Thread 0x00007ffb7000b000 Uncommon trap: reason=bimorphic action=maybe_recompile pc=0x00007ffb6d0f85ac method=com.sun.org.apache.xerces.internal.impl.XMLDocumentFragmentScannerImpl.scanDocument(Z)Z @ 103
Event: 1.281 Thread 0x00007ffb7000b000 Uncommon trap: reason=bimorphic action=maybe_recompile pc=0x00007ffb6d0f85ac method=com.sun.org.apache.xerces.internal.impl.XMLDocumentFragmentScannerImpl.scanDocument(Z)Z @ 103
Event: 1.295 Thread 0x00007ffb7000b000 Uncommon trap: reason=class_check action=maybe_recompile pc=0x00007ffb6d0fb824 method=com.sun.org.apache.xerces.internal.impl.XMLDocumentFragmentScannerImpl.scanDocument(Z)Z @ 147
Event: 1.300 Thread 0x00007ffb7000b000 Uncommon trap: reason=unreached action=reinterpret pc=0x00007ffb6d0c3a88 method=com.sun.org.apache.xerces.internal.dom.ParentNode.nodeListItem(I)Lorg/w3c/dom/Node; @ 167
Event: 1.518 Thread 0x00007ffb7000b000 Uncommon trap: reason=unreached action=reinterpret pc=0x00007ffb6d1280f0 method=java.lang.Class.searchMethods([Ljava/lang/reflect/Method;Ljava/lang/String;[Ljava/lang/Class;)Ljava/lang/reflect/Method; @ 47
Event: 1.541 Thread 0x00007ffb7000b000 Uncommon trap: reason=unreached action=reinterpret pc=0x00007ffb6d0c2254 method=java.lang.AbstractStringBuilder.append(Ljava/lang/String;)Ljava/lang/AbstractStringBuilder; @ 1
Event: 1.579 Thread 0x00007ffb7000b000 Uncommon trap: reason=class_check action=maybe_recompile pc=0x00007ffb6d080a00 method=java.lang.String.equals(Ljava/lang/Object;)Z @ 8
Event: 1.579 Thread 0x00007ffb7000b000 Uncommon trap: reason=class_check action=maybe_recompile pc=0x00007ffb6d080a00 method=java.lang.String.equals(Ljava/lang/Object;)Z @ 8
Event: 1.899 Thread 0x00007ffb7000b000 Uncommon trap: reason=class_check action=maybe_recompile pc=0x00007ffb6d080a00 method=java.lang.String.equals(Ljava/lang/Object;)Z @ 8
Event: 1.899 Thread 0x00007ffb7000b000 Uncommon trap: reason=class_check action=maybe_recompile pc=0x00007ffb6d080a00 method=java.lang.String.equals(Ljava/lang/Object;)Z @ 8

Internal exceptions (10 events):
Event: 1.913 Thread 0x00007ffb7000b000 Threw 0x0000000760b4f010 at /HUDSON/workspace/7u-2-build-linux-amd64/jdk7u75/1940/hotspot/src/share/vm/prims/jvm.cpp:1281
Event: 1.914 Thread 0x00007ffb7000b000 Threw 0x0000000760b50fa0 at /HUDSON/workspace/7u-2-build-linux-amd64/jdk7u75/1940/hotspot/src/share/vm/prims/jvm.cpp:1281
Event: 1.914 Thread 0x00007ffb7000b000 Threw 0x0000000760b55318 at /HUDSON/workspace/7u-2-build-linux-amd64/jdk7u75/1940/hotspot/src/share/vm/prims/jvm.cpp:1281
Event: 1.914 Thread 0x00007ffb7000b000 Threw 0x0000000760b570f8 at /HUDSON/workspace/7u-2-build-linux-amd64/jdk7u75/1940/hotspot/src/share/vm/prims/jvm.cpp:1281
Event: 1.914 Thread 0x00007ffb7000b000 Threw 0x0000000760b5b1e0 at /HUDSON/workspace/7u-2-build-linux-amd64/jdk7u75/1940/hotspot/src/share/vm/prims/jvm.cpp:1281
Event: 1.914 Thread 0x00007ffb7000b000 Threw 0x0000000760b5d3e8 at /HUDSON/workspace/7u-2-build-linux-amd64/jdk7u75/1940/hotspot/src/share/vm/prims/jvm.cpp:1281
Event: 1.950 Thread 0x00007ffb7000b000 Threw 0x0000000760c74378 at /HUDSON/workspace/7u-2-build-linux-amd64/jdk7u75/1940/hotspot/src/share/vm/prims/jvm.cpp:1281
Event: 1.950 Thread 0x00007ffb7000b000 Threw 0x0000000760c76580 at /HUDSON/workspace/7u-2-build-linux-amd64/jdk7u75/1940/hotspot/src/share/vm/prims/jvm.cpp:1281
Event: 1.960 Thread 0x00007ffb7000b000 Threw 0x0000000760cc5cf0 at /HUDSON/workspace/7u-2-build-linux-amd64/jdk7u75/1940/hotspot/src/share/vm/prims/jvm.cpp:1281
Event: 1.960 Thread 0x00007ffb7000b000 Threw 0x0000000760cc7cf8 at /HUDSON/workspace/7u-2-build-linux-amd64/jdk7u75/1940/hotspot/src/share/vm/prims/jvm.cpp:1281

Events (10 events):
Event: 1.914 loading class 0x00007ffb70b70910 done
Event: 1.914 loading class 0x00007ffb70b70a10
Event: 1.914 loading class 0x00007ffb70b70a10 done
Event: 1.950 loading class 0x00007ffb70b5e340
Event: 1.950 loading class 0x00007ffb70b5e340 done
Event: 1.960 loading class 0x00007ffb70b5e260
Event: 1.960 loading class 0x00007ffb70b5e260 done
Event: 1.960 loading class 0x00007ffb3012b470
Event: 1.960 loading class 0x00007ffb3012b470 done
Event: 1.966 Executing VM operation: ParallelGCFailedAllocation


Dynamic libraries:
00400000-00401000 r-xp 00000000 08:01 67635064                           /opt/jdk1.7.0_75/bin/java
00600000-00601000 rw-p 00000000 08:01 67635064                           /opt/jdk1.7.0_75/bin/java
024d1000-024f2000 rw-p 00000000 00:00 0                                  [heap]
605a00000-607100000 rw-p 00000000 00:00 0 
607100000-60ac00000 rw-p 00000000 00:00 0 
60ac00000-61fa00000 rw-p 00000000 00:00 0 
61fa00000-758e80000 rw-p 00000000 00:00 0 
758e80000-763600000 rw-p 00000000 00:00 0 
763600000-800000000 rw-p 00000000 00:00 0 
7ffb0c000000-7ffb0c021000 rw-p 00000000 00:00 0 
7ffb0c021000-7ffb10000000 ---p 00000000 00:00 0 
7ffb10000000-7ffb10021000 rw-p 00000000 00:00 0 
7ffb10021000-7ffb14000000 ---p 00000000 00:00 0 
7ffb14000000-7ffb14021000 rw-p 00000000 00:00 0 
7ffb14021000-7ffb18000000 ---p 00000000 00:00 0 
7ffb18000000-7ffb18021000 rw-p 00000000 00:00 0 
7ffb18021000-7ffb1c000000 ---p 00000000 00:00 0 
7ffb1db0b000-7ffb1db0e000 ---p 00000000 00:00 0 
7ffb1db0e000-7ffb1dc0c000 rw-p 00000000 00:00 0                          [stack:24379]
7ffb1dc0c000-7ffb1dc0f000 ---p 00000000 00:00 0 
7ffb1dc0f000-7ffb1dd0d000 rw-p 00000000 00:00 0                          [stack:24369]
7ffb1dd0d000-7ffb1dd10000 ---p 00000000 00:00 0 
7ffb1dd10000-7ffb1de0e000 rw-p 00000000 00:00 0                          [stack:24368]
7ffb1de0e000-7ffb1de15000 r-xp 00000000 08:01 33300557                   /usr/lib/x86_64-linux-gnu/libogg.so.0.8.1
7ffb1de15000-7ffb1e015000 ---p 00007000 08:01 33300557                   /usr/lib/x86_64-linux-gnu/libogg.so.0.8.1
7ffb1e015000-7ffb1e016000 r--p 00007000 08:01 33300557                   /usr/lib/x86_64-linux-gnu/libogg.so.0.8.1
7ffb1e016000-7ffb1e017000 rw-p 00008000 08:01 33300557                   /usr/lib/x86_64-linux-gnu/libogg.so.0.8.1
7ffb1e017000-7ffb1e043000 r-xp 00000000 08:01 33300833                   /usr/lib/x86_64-linux-gnu/libvorbis.so.0.4.5
7ffb1e043000-7ffb1e242000 ---p 0002c000 08:01 33300833                   /usr/lib/x86_64-linux-gnu/libvorbis.so.0.4.5
7ffb1e242000-7ffb1e243000 r--p 0002b000 08:01 33300833                   /usr/lib/x86_64-linux-gnu/libvorbis.so.0.4.5
7ffb1e243000-7ffb1e244000 rw-p 0002c000 08:01 33300833                   /usr/lib/x86_64-linux-gnu/libvorbis.so.0.4.5
7ffb1e244000-7ffb1e24d000 r-xp 00000000 08:01 33300463                   /usr/lib/x86_64-linux-gnu/libltdl.so.7.3.0
7ffb1e24d000-7ffb1e44c000 ---p 00009000 08:01 33300463                   /usr/lib/x86_64-linux-gnu/libltdl.so.7.3.0
7ffb1e44c000-7ffb1e44d000 r--p 00008000 08:01 33300463                   /usr/lib/x86_64-linux-gnu/libltdl.so.7.3.0
7ffb1e44d000-7ffb1e44e000 rw-p 00009000 08:01 33300463                   /usr/lib/x86_64-linux-gnu/libltdl.so.7.3.0
7ffb1e44e000-7ffb1e45f000 r-xp 00000000 08:01 33300752                   /usr/lib/x86_64-linux-gnu/libtdb.so.1.2.12
7ffb1e45f000-7ffb1e65e000 ---p 00011000 08:01 33300752                   /usr/lib/x86_64-linux-gnu/libtdb.so.1.2.12
7ffb1e65e000-7ffb1e65f000 r--p 00010000 08:01 33300752                   /usr/lib/x86_64-linux-gnu/libtdb.so.1.2.12
7ffb1e65f000-7ffb1e660000 rw-p 00011000 08:01 33300752                   /usr/lib/x86_64-linux-gnu/libtdb.so.1.2.12
7ffb1e660000-7ffb1e667000 r-xp 00000000 08:01 33300837                   /usr/lib/x86_64-linux-gnu/libvorbisfile.so.3.3.4
7ffb1e667000-7ffb1e866000 ---p 00007000 08:01 33300837                   /usr/lib/x86_64-linux-gnu/libvorbisfile.so.3.3.4
7ffb1e866000-7ffb1e867000 r--p 00006000 08:01 33300837                   /usr/lib/x86_64-linux-gnu/libvorbisfile.so.3.3.4
7ffb1e867000-7ffb1e868000 rw-p 00007000 08:01 33300837                   /usr/lib/x86_64-linux-gnu/libvorbisfile.so.3.3.4
7ffb1e868000-7ffb1e8c2000 r-xp 00000000 08:01 33294300                   /usr/lib/x86_64-linux-gnu/libORBit-2.so.0.1.0
7ffb1e8c2000-7ffb1eac2000 ---p 0005a000 08:01 33294300                   /usr/lib/x86_64-linux-gnu/libORBit-2.so.0.1.0
7ffb1eac2000-7ffb1ead1000 r--p 0005a000 08:01 33294300                   /usr/lib/x86_64-linux-gnu/libORBit-2.so.0.1.0
7ffb1ead1000-7ffb1ead4000 rw-p 00069000 08:01 33294300                   /usr/lib/x86_64-linux-gnu/libORBit-2.so.0.1.0
7ffb1ead4000-7ffb1ead9000 r-xp 00000000 08:01 33294301                   /usr/lib/x86_64-linux-gnu/libORBitCosNaming-2.so.0.1.0
7ffb1ead9000-7ffb1ecd9000 ---p 00005000 08:01 33294301                   /usr/lib/x86_64-linux-gnu/libORBitCosNaming-2.so.0.1.0
7ffb1ecd9000-7ffb1ecda000 r--p 00005000 08:01 33294301                   /usr/lib/x86_64-linux-gnu/libORBitCosNaming-2.so.0.1.0
7ffb1ecda000-7ffb1ecdb000 rw-p 00006000 08:01 33294301                   /usr/lib/x86_64-linux-gnu/libORBitCosNaming-2.so.0.1.0
7ffb1ecdb000-7ffb1ece6000 r-xp 00000000 08:01 72355867                   /lib/x86_64-linux-gnu/libpopt.so.0.0.0
7ffb1ece6000-7ffb1eee5000 ---p 0000b000 08:01 72355867                   /lib/x86_64-linux-gnu/libpopt.so.0.0.0
7ffb1eee5000-7ffb1eee6000 r--p 0000a000 08:01 72355867                   /lib/x86_64-linux-gnu/libpopt.so.0.0.0
7ffb1eee6000-7ffb1eee7000 rw-p 0000b000 08:01 72355867                   /lib/x86_64-linux-gnu/libpopt.so.0.0.0
7ffb1eee7000-7ffb1eef6000 r-xp 00000000 08:01 33299977                   /usr/lib/x86_64-linux-gnu/libcanberra.so.0.2.5
7ffb1eef6000-7ffb1f0f5000 ---p 0000f000 08:01 33299977                   /usr/lib/x86_64-linux-gnu/libcanberra.so.0.2.5
7ffb1f0f5000-7ffb1f0f6000 r--p 0000e000 08:01 33299977                   /usr/lib/x86_64-linux-gnu/libcanberra.so.0.2.5
7ffb1f0f6000-7ffb1f0f7000 rw-p 0000f000 08:01 33299977                   /usr/lib/x86_64-linux-gnu/libcanberra.so.0.2.5
7ffb1f0f7000-7ffb1f0f8000 r-xp 00000000 08:01 33300356                   /usr/lib/x86_64-linux-gnu/libgthread-2.0.so.0.4002.0
7ffb1f0f8000-7ffb1f2f7000 ---p 00001000 08:01 33300356                   /usr/lib/x86_64-linux-gnu/libgthread-2.0.so.0.4002.0
7ffb1f2f7000-7ffb1f2f8000 r--p 00000000 08:01 33300356                   /usr/lib/x86_64-linux-gnu/libgthread-2.0.so.0.4002.0
7ffb1f2f8000-7ffb1f2f9000 rw-p 00001000 08:01 33300356                   /usr/lib/x86_64-linux-gnu/libgthread-2.0.so.0.4002.0
7ffb1f2f9000-7ffb1f30f000 r-xp 00000000 08:01 33294306                   /usr/lib/x86_64-linux-gnu/libbonobo-activation.so.4.0.0
7ffb1f30f000-7ffb1f50f000 ---p 00016000 08:01 33294306                   /usr/lib/x86_64-linux-gnu/libbonobo-activation.so.4.0.0
7ffb1f50f000-7ffb1f511000 r--p 00016000 08:01 33294306                   /usr/lib/x86_64-linux-gnu/libbonobo-activation.so.4.0.0
7ffb1f511000-7ffb1f513000 rw-p 00018000 08:01 33294306                   /usr/lib/x86_64-linux-gnu/libbonobo-activation.so.4.0.0
7ffb1f513000-7ffb1f573000 r-xp 00000000 08:01 33294307                   /usr/lib/x86_64-linux-gnu/libbonobo-2.so.0.0.0
7ffb1f573000-7ffb1f773000 ---p 00060000 08:01 33294307                   /usr/lib/x86_64-linux-gnu/libbonobo-2.so.0.0.0
7ffb1f773000-7ffb1f778000 r--p 00060000 08:01 33294307                   /usr/lib/x86_64-linux-gnu/libbonobo-2.so.0.0.0
7ffb1f778000-7ffb1f783000 rw-p 00065000 08:01 33294307                   /usr/lib/x86_64-linux-gnu/libbonobo-2.so.0.0.0
7ffb1f783000-7ffb1f798000 r-xp 00000000 08:01 33294313                   /usr/lib/x86_64-linux-gnu/libgnome-2.so.0.3200.1
7ffb1f798000-7ffb1f998000 ---p 00015000 08:01 33294313                   /usr/lib/x86_64-linux-gnu/libgnome-2.so.0.3200.1
7ffb1f998000-7ffb1f999000 r--p 00015000 08:01 33294313                   /usr/lib/x86_64-linux-gnu/libgnome-2.so.0.3200.1
7ffb1f999000-7ffb1f99a000 rw-p 00016000 08:01 33294313                   /usr/lib/x86_64-linux-gnu/libgnome-2.so.0.3200.1
7ffb1f99a000-7ffb1f99e000 r-xp 00000000 08:01 72355783                   /lib/x86_64-linux-gnu/libgpg-error.so.0.10.0
7ffb1f99e000-7ffb1fb9d000 ---p 00004000 08:01 72355783                   /lib/x86_64-linux-gnu/libgpg-error.so.0.10.0
7ffb1fb9d000-7ffb1fb9e000 r--p 00003000 08:01 72355783                   /lib/x86_64-linux-gnu/libgpg-error.so.0.10.0
7ffb1fb9e000-7ffb1fb9f000 rw-p 00004000 08:01 72355783                   /lib/x86_64-linux-gnu/libgpg-error.so.0.10.0
7ffb1fb9f000-7ffb1fbbf000 r-xp 00000000 08:01 72355880                   /lib/x86_64-linux-gnu/libselinux.so.1
7ffb1fbbf000-7ffb1fdbe000 ---p 00020000 08:01 72355880                   /lib/x86_64-linux-gnu/libselinux.so.1
7ffb1fdbe000-7ffb1fdbf000 r--p 0001f000 08:01 72355880                   /lib/x86_64-linux-gnu/libselinux.so.1
7ffb1fdbf000-7ffb1fdc0000 rw-p 00020000 08:01 72355880                   /lib/x86_64-linux-gnu/libselinux.so.1
7ffb1fdc0000-7ffb1fdc2000 rw-p 00000000 00:00 0 
7ffb1fdc2000-7ffb1fdff000 r-xp 00000000 08:01 72355683                   /lib/x86_64-linux-gnu/libpcre.so.3.13.1
7ffb1fdff000-7ffb1fffe000 ---p 0003d000 08:01 72355683                   /lib/x86_64-linux-gnu/libpcre.so.3.13.1
7ffb1fffe000-7ffb1ffff000 r--p 0003c000 08:01 72355683                   /lib/x86_64-linux-gnu/libpcre.so.3.13.1
7ffb1ffff000-7ffb20000000 rw-p 0003d000 08:01 72355683                   /lib/x86_64-linux-gnu/libpcre.so.3.13.1
7ffb20000000-7ffb20021000 rw-p 00000000 00:00 0 
7ffb20021000-7ffb24000000 ---p 00000000 00:00 0 
7ffb24066000-7ffb240a1000 r-xp 00000000 08:01 33300565                   /usr/lib/x86_64-linux-gnu/libp11-kit.so.0.0.0
7ffb240a1000-7ffb242a0000 ---p 0003b000 08:01 33300565                   /usr/lib/x86_64-linux-gnu/libp11-kit.so.0.0.0
7ffb242a0000-7ffb242a6000 r--p 0003a000 08:01 33300565                   /usr/lib/x86_64-linux-gnu/libp11-kit.so.0.0.0
7ffb242a6000-7ffb242a8000 rw-p 00040000 08:01 33300565                   /usr/lib/x86_64-linux-gnu/libp11-kit.so.0.0.0
7ffb242a8000-7ffb242ba000 r-xp 00000000 08:01 33294480                   /usr/lib/x86_64-linux-gnu/libtasn1.so.6.2.0
7ffb242ba000-7ffb244ba000 ---p 00012000 08:01 33294480                   /usr/lib/x86_64-linux-gnu/libtasn1.so.6.2.0
7ffb244ba000-7ffb244bb000 r--p 00012000 08:01 33294480                   /usr/lib/x86_64-linux-gnu/libtasn1.so.6.2.0
7ffb244bb000-7ffb244bc000 rw-p 00013000 08:01 33294480                   /usr/lib/x86_64-linux-gnu/libtasn1.so.6.2.0
7ffb244bc000-7ffb24538000 r-xp 00000000 08:01 72356063                   /lib/x86_64-linux-gnu/libgcrypt.so.11.8.2
7ffb24538000-7ffb24738000 ---p 0007c000 08:01 72356063                   /lib/x86_64-linux-gnu/libgcrypt.so.11.8.2
7ffb24738000-7ffb24739000 r--p 0007c000 08:01 72356063                   /lib/x86_64-linux-gnu/libgcrypt.so.11.8.2
7ffb24739000-7ffb2473c000 rw-p 0007d000 08:01 72356063                   /lib/x86_64-linux-gnu/libgcrypt.so.11.8.2
7ffb2473c000-7ffb24743000 r-xp 00000000 08:01 33300120                   /usr/lib/x86_64-linux-gnu/libffi.so.6.0.1
7ffb24743000-7ffb24942000 ---p 00007000 08:01 33300120                   /usr/lib/x86_64-linux-gnu/libffi.so.6.0.1
7ffb24942000-7ffb24943000 r--p 00006000 08:01 33300120                   /usr/lib/x86_64-linux-gnu/libffi.so.6.0.1
7ffb24943000-7ffb24944000 rw-p 00007000 08:01 33300120                   /usr/lib/x86_64-linux-gnu/libffi.so.6.0.1
7ffb24944000-7ffb24ab0000 r-xp 00000000 08:01 33300221                   /usr/lib/x86_64-linux-gnu/libgio-2.0.so.0.4002.0
7ffb24ab0000-7ffb24caf000 ---p 0016c000 08:01 33300221                   /usr/lib/x86_64-linux-gnu/libgio-2.0.so.0.4002.0
7ffb24caf000-7ffb24cb3000 r--p 0016b000 08:01 33300221                   /usr/lib/x86_64-linux-gnu/libgio-2.0.so.0.4002.0
7ffb24cb3000-7ffb24cb5000 rw-p 0016f000 08:01 33300221                   /usr/lib/x86_64-linux-gnu/libgio-2.0.so.0.4002.0
7ffb24cb5000-7ffb24cb7000 rw-p 00000000 00:00 0 
7ffb24cb7000-7ffb24cd8000 r-xp 00000000 08:01 72355797                   /lib/x86_64-linux-gnu/liblzma.so.5.0.0
7ffb24cd8000-7ffb24ed7000 ---p 00021000 08:01 72355797                   /lib/x86_64-linux-gnu/liblzma.so.5.0.0
7ffb24ed7000-7ffb24ed8000 r--p 00020000 08:01 72355797                   /lib/x86_64-linux-gnu/liblzma.so.5.0.0
7ffb24ed8000-7ffb24ed9000 rw-p 00021000 08:01 72355797                   /lib/x86_64-linux-gnu/liblzma.so.5.0.0
7ffb24ed9000-7ffb24ef1000 r-xp 00000000 08:01 72355913                   /lib/x86_64-linux-gnu/libz.so.1.2.8
7ffb24ef1000-7ffb250f0000 ---p 00018000 08:01 72355913                   /lib/x86_64-linux-gnu/libz.so.1.2.8
7ffb250f0000-7ffb250f1000 r--p 00017000 08:01 72355913                   /lib/x86_64-linux-gnu/libz.so.1.2.8
7ffb250f1000-7ffb250f2000 rw-p 00018000 08:01 72355913                   /lib/x86_64-linux-gnu/libz.so.1.2.8
7ffb250f2000-7ffb250f4000 r-xp 00000000 08:01 72351834                   /lib/x86_64-linux-gnu/libutil-2.19.so
7ffb250f4000-7ffb252f3000 ---p 00002000 08:01 72351834                   /lib/x86_64-linux-gnu/libutil-2.19.so
7ffb252f3000-7ffb252f4000 r--p 00001000 08:01 72351834                   /lib/x86_64-linux-gnu/libutil-2.19.so
7ffb252f4000-7ffb252f5000 rw-p 00002000 08:01 72351834                   /lib/x86_64-linux-gnu/libutil-2.19.so
7ffb252f5000-7ffb2530c000 r-xp 00000000 08:01 72351749                   /lib/x86_64-linux-gnu/libresolv-2.19.so
7ffb2530c000-7ffb2550c000 ---p 00017000 08:01 72351749                   /lib/x86_64-linux-gnu/libresolv-2.19.so
7ffb2550c000-7ffb2550d000 r--p 00017000 08:01 72351749                   /lib/x86_64-linux-gnu/libresolv-2.19.so
7ffb2550d000-7ffb2550e000 rw-p 00018000 08:01 72351749                   /lib/x86_64-linux-gnu/libresolv-2.19.so
7ffb2550e000-7ffb25510000 rw-p 00000000 00:00 0 
7ffb25510000-7ffb2551f000 r-xp 00000000 08:01 33299942                   /usr/lib/x86_64-linux-gnu/libavahi-client.so.3.2.9
7ffb2551f000-7ffb2571f000 ---p 0000f000 08:01 33299942                   /usr/lib/x86_64-linux-gnu/libavahi-client.so.3.2.9
7ffb2571f000-7ffb25720000 r--p 0000f000 08:01 33299942                   /usr/lib/x86_64-linux-gnu/libavahi-client.so.3.2.9
7ffb25720000-7ffb25721000 rw-p 00010000 08:01 33299942                   /usr/lib/x86_64-linux-gnu/libavahi-client.so.3.2.9
7ffb25721000-7ffb2572c000 r-xp 00000000 08:01 33299944                   /usr/lib/x86_64-linux-gnu/libavahi-common.so.3.5.3
7ffb2572c000-7ffb2592b000 ---p 0000b000 08:01 33299944                   /usr/lib/x86_64-linux-gnu/libavahi-common.so.3.5.3
7ffb2592b000-7ffb2592c000 r--p 0000a000 08:01 33299944                   /usr/lib/x86_64-linux-gnu/libavahi-common.so.3.5.3
7ffb2592c000-7ffb2592d000 rw-p 0000b000 08:01 33299944                   /usr/lib/x86_64-linux-gnu/libavahi-common.so.3.5.3
7ffb2592d000-7ffb25a33000 r-xp 00000000 08:01 72355781                   /lib/x86_64-linux-gnu/libglib-2.0.so.0.4002.0
7ffb25a33000-7ffb25c32000 ---p 00106000 08:01 72355781                   /lib/x86_64-linux-gnu/libglib-2.0.so.0.4002.0
7ffb25c32000-7ffb25c33000 r--p 00105000 08:01 72355781                   /lib/x86_64-linux-gnu/libglib-2.0.so.0.4002.0
7ffb25c33000-7ffb25c34000 rw-p 00106000 08:01 72355781                   /lib/x86_64-linux-gnu/libglib-2.0.so.0.4002.0
7ffb25c34000-7ffb25c35000 rw-p 00000000 00:00 0 
7ffb25c35000-7ffb25c38000 r-xp 00000000 08:01 33299948                   /usr/lib/x86_64-linux-gnu/libavahi-glib.so.1.0.2
7ffb25c38000-7ffb25e37000 ---p 00003000 08:01 33299948                   /usr/lib/x86_64-linux-gnu/libavahi-glib.so.1.0.2
7ffb25e37000-7ffb25e38000 r--p 00002000 08:01 33299948                   /usr/lib/x86_64-linux-gnu/libavahi-glib.so.1.0.2
7ffb25e38000-7ffb25e39000 rw-p 00003000 08:01 33299948                   /usr/lib/x86_64-linux-gnu/libavahi-glib.so.1.0.2
7ffb25e39000-7ffb25eef000 r-xp 00000000 08:01 33294471                   /usr/lib/x86_64-linux-gnu/libgnutls.so.26.22.6
7ffb25eef000-7ffb260ef000 ---p 000b6000 08:01 33294471                   /usr/lib/x86_64-linux-gnu/libgnutls.so.26.22.6
7ffb260ef000-7ffb260f5000 r--p 000b6000 08:01 33294471                   /usr/lib/x86_64-linux-gnu/libgnutls.so.26.22.6
7ffb260f5000-7ffb260f6000 rw-p 000bc000 08:01 33294471                   /usr/lib/x86_64-linux-gnu/libgnutls.so.26.22.6
7ffb260f6000-7ffb260f7000 rw-p 00000000 00:00 0 
7ffb260f7000-7ffb26146000 r-xp 00000000 08:01 33300249                   /usr/lib/x86_64-linux-gnu/libgobject-2.0.so.0.4002.0
7ffb26146000-7ffb26346000 ---p 0004f000 08:01 33300249                   /usr/lib/x86_64-linux-gnu/libgobject-2.0.so.0.4002.0
7ffb26346000-7ffb26347000 r--p 0004f000 08:01 33300249                   /usr/lib/x86_64-linux-gnu/libgobject-2.0.so.0.4002.0
7ffb26347000-7ffb26348000 rw-p 00050000 08:01 33300249                   /usr/lib/x86_64-linux-gnu/libgobject-2.0.so.0.4002.0
7ffb26348000-7ffb2638c000 r-xp 00000000 08:01 72355764                   /lib/x86_64-linux-gnu/libdbus-1.so.3.7.6
7ffb2638c000-7ffb2658b000 ---p 00044000 08:01 72355764                   /lib/x86_64-linux-gnu/libdbus-1.so.3.7.6
7ffb2658b000-7ffb2658c000 r--p 00043000 08:01 72355764                   /lib/x86_64-linux-gnu/libdbus-1.so.3.7.6
7ffb2658c000-7ffb2658d000 rw-p 00044000 08:01 72355764                   /lib/x86_64-linux-gnu/libdbus-1.so.3.7.6
7ffb2658d000-7ffb265b2000 r-xp 00000000 08:01 33300044                   /usr/lib/x86_64-linux-gnu/libdbus-glib-1.so.2.2.2
7ffb265b2000-7ffb267b2000 ---p 00025000 08:01 33300044                   /usr/lib/x86_64-linux-gnu/libdbus-glib-1.so.2.2.2
7ffb267b2000-7ffb267b3000 r--p 00025000 08:01 33300044                   /usr/lib/x86_64-linux-gnu/libdbus-glib-1.so.2.2.2
7ffb267b3000-7ffb267b4000 rw-p 00026000 08:01 33300044                   /usr/lib/x86_64-linux-gnu/libdbus-glib-1.so.2.2.2
7ffb267b4000-7ffb26910000 r-xp 00000000 08:01 33302484                   /usr/lib/x86_64-linux-gnu/libxml2.so.2.9.1
7ffb26910000-7ffb26b0f000 ---p 0015c000 08:01 33302484                   /usr/lib/x86_64-linux-gnu/libxml2.so.2.9.1
7ffb26b0f000-7ffb26b17000 r--p 0015b000 08:01 33302484                   /usr/lib/x86_64-linux-gnu/libxml2.so.2.9.1
7ffb26b17000-7ffb26b19000 rw-p 00163000 08:01 33302484                   /usr/lib/x86_64-linux-gnu/libxml2.so.2.9.1
7ffb26b19000-7ffb26b1a000 rw-p 00000000 00:00 0 
7ffb26b1a000-7ffb26b48000 r-xp 00000000 08:01 33300181                   /usr/lib/x86_64-linux-gnu/libgconf-2.so.4.1.5
7ffb26b48000-7ffb26d47000 ---p 0002e000 08:01 33300181                   /usr/lib/x86_64-linux-gnu/libgconf-2.so.4.1.5
7ffb26d47000-7ffb26d48000 r--p 0002d000 08:01 33300181                   /usr/lib/x86_64-linux-gnu/libgconf-2.so.4.1.5
7ffb26d48000-7ffb26d49000 rw-p 0002e000 08:01 33300181                   /usr/lib/x86_64-linux-gnu/libgconf-2.so.4.1.5
7ffb26d49000-7ffb26d4c000 r-xp 00000000 08:01 33300233                   /usr/lib/x86_64-linux-gnu/libgmodule-2.0.so.0.4002.0
7ffb26d4c000-7ffb26f4b000 ---p 00003000 08:01 33300233                   /usr/lib/x86_64-linux-gnu/libgmodule-2.0.so.0.4002.0
7ffb26f4b000-7ffb26f4c000 r--p 00002000 08:01 33300233                   /usr/lib/x86_64-linux-gnu/libgmodule-2.0.so.0.4002.0
7ffb26f4c000-7ffb26f4d000 rw-p 00003000 08:01 33300233                   /usr/lib/x86_64-linux-gnu/libgmodule-2.0.so.0.4002.0
7ffb26f4d000-7ffb26fb0000 r-xp 00000000 08:01 33294310                   /usr/lib/x86_64-linux-gnu/libgnomevfs-2.so.0.2400.4
7ffb26fb0000-7ffb271af000 ---p 00063000 08:01 33294310                   /usr/lib/x86_64-linux-gnu/libgnomevfs-2.so.0.2400.4
7ffb271af000-7ffb271b2000 r--p 00062000 08:01 33294310                   /usr/lib/x86_64-linux-gnu/libgnomevfs-2.so.0.2400.4
7ffb271b2000-7ffb271b4000 rw-p 00065000 08:01 33294310                   /usr/lib/x86_64-linux-gnu/libgnomevfs-2.so.0.2400.4
7ffb271b4000-7ffb271b5000 rw-p 00000000 00:00 0 
7ffb271b5000-7ffb271b8000 ---p 00000000 00:00 0 
7ffb271b8000-7ffb272b6000 rw-p 00000000 00:00 0                          [stack:24367]
7ffb272b6000-7ffb272bb000 r-xp 00000000 08:01 33292768                   /usr/lib/x86_64-linux-gnu/libXfixes.so.3.1.0
7ffb272bb000-7ffb274ba000 ---p 00005000 08:01 33292768                   /usr/lib/x86_64-linux-gnu/libXfixes.so.3.1.0
7ffb274ba000-7ffb274bb000 r--p 00004000 08:01 33292768                   /usr/lib/x86_64-linux-gnu/libXfixes.so.3.1.0
7ffb274bb000-7ffb274bc000 rw-p 00005000 08:01 33292768                   /usr/lib/x86_64-linux-gnu/libXfixes.so.3.1.0
7ffb274bc000-7ffb274c5000 r-xp 00000000 08:01 33299845                   /usr/lib/x86_64-linux-gnu/libXcursor.so.1.0.2
7ffb274c5000-7ffb276c4000 ---p 00009000 08:01 33299845                   /usr/lib/x86_64-linux-gnu/libXcursor.so.1.0.2
7ffb276c4000-7ffb276c5000 r--p 00008000 08:01 33299845                   /usr/lib/x86_64-linux-gnu/libXcursor.so.1.0.2
7ffb276c5000-7ffb276c6000 rw-p 00009000 08:01 33299845                   /usr/lib/x86_64-linux-gnu/libXcursor.so.1.0.2
7ffb276c6000-7ffb276c9000 ---p 00000000 00:00 0 
7ffb276c9000-7ffb277c7000 rw-p 00000000 00:00 0                          [stack:24366]
7ffb277c7000-7ffb277cc000 r-xp 00000000 08:01 33299849                   /usr/lib/x86_64-linux-gnu/libXdmcp.so.6.0.0
7ffb277cc000-7ffb279cb000 ---p 00005000 08:01 33299849                   /usr/lib/x86_64-linux-gnu/libXdmcp.so.6.0.0
7ffb279cb000-7ffb279cc000 r--p 00004000 08:01 33299849                   /usr/lib/x86_64-linux-gnu/libXdmcp.so.6.0.0
7ffb279cc000-7ffb279cd000 rw-p 00005000 08:01 33299849                   /usr/lib/x86_64-linux-gnu/libXdmcp.so.6.0.0
7ffb279cd000-7ffb279cf000 r-xp 00000000 08:01 33299838                   /usr/lib/x86_64-linux-gnu/libXau.so.6.0.0
7ffb279cf000-7ffb27bcf000 ---p 00002000 08:01 33299838                   /usr/lib/x86_64-linux-gnu/libXau.so.6.0.0
7ffb27bcf000-7ffb27bd0000 r--p 00002000 08:01 33299838                   /usr/lib/x86_64-linux-gnu/libXau.so.6.0.0
7ffb27bd0000-7ffb27bd1000 rw-p 00003000 08:01 33299838                   /usr/lib/x86_64-linux-gnu/libXau.so.6.0.0
7ffb27bd1000-7ffb27bee000 r-xp 00000000 08:01 33300906                   /usr/lib/x86_64-linux-gnu/libxcb.so.1.1.0
7ffb27bee000-7ffb27dee000 ---p 0001d000 08:01 33300906                   /usr/lib/x86_64-linux-gnu/libxcb.so.1.1.0
7ffb27dee000-7ffb27def000 r--p 0001d000 08:01 33300906                   /usr/lib/x86_64-linux-gnu/libxcb.so.1.1.0
7ffb27def000-7ffb27df0000 rw-p 0001e000 08:01 33300906                   /usr/lib/x86_64-linux-gnu/libxcb.so.1.1.0
7ffb27df0000-7ffb27dff000 r-xp 00000000 08:01 33294999                   /usr/lib/x86_64-linux-gnu/libXi.so.6.1.0
7ffb27dff000-7ffb27ffe000 ---p 0000f000 08:01 33294999                   /usr/lib/x86_64-linux-gnu/libXi.so.6.1.0
7ffb27ffe000-7ffb27fff000 r--p 0000e000 08:01 33294999                   /usr/lib/x86_64-linux-gnu/libXi.so.6.1.0
7ffb27fff000-7ffb28000000 rw-p 0000f000 08:01 33294999                   /usr/lib/x86_64-linux-gnu/libXi.so.6.1.0
7ffb28000000-7ffb28021000 rw-p 00000000 00:00 0 
7ffb28021000-7ffb2c000000 ---p 00000000 00:00 0 
7ffb2c000000-7ffb2c021000 rw-p 00000000 00:00 0 
7ffb2c021000-7ffb30000000 ---p 00000000 00:00 0 
7ffb30000000-7ffb30693000 rw-p 00000000 00:00 0 
7ffb30693000-7ffb34000000 ---p 00000000 00:00 0 
7ffb34000000-7ffb34ea5000 rw-p 00000000 00:00 0 
7ffb34ea5000-7ffb38000000 ---p 00000000 00:00 0 
7ffb38000000-7ffb38021000 rw-p 00000000 00:00 0 
7ffb38021000-7ffb3c000000 ---p 00000000 00:00 0 
7ffb3c000000-7ffb3c021000 rw-p 00000000 00:00 0 
7ffb3c021000-7ffb40000000 ---p 00000000 00:00 0 
7ffb40000000-7ffb40021000 rw-p 00000000 00:00 0 
7ffb40021000-7ffb44000000 ---p 00000000 00:00 0 
7ffb4400b000-7ffb44017000 r--s 00090000 08:01 50988193                   /home/upsmart/.m2/repository/org/springframework/spring-webmvc/3.2.11.RELEASE/spring-webmvc-3.2.11.RELEASE.jar
7ffb44017000-7ffb44026000 r--s 0008c000 08:01 50988214                   /home/upsmart/.m2/repository/org/springframework/spring-web/3.2.11.RELEASE/spring-web-3.2.11.RELEASE.jar
7ffb44026000-7ffb4402e000 r--s 00034000 08:01 50988505                   /home/upsmart/.m2/repository/org/springframework/spring-tx/3.2.11.RELEASE/spring-tx-3.2.11.RELEASE.jar
7ffb4402e000-7ffb44037000 r--s 00056000 08:01 50988476                   /home/upsmart/.m2/repository/org/springframework/spring-orm/3.2.11.RELEASE/spring-orm-3.2.11.RELEASE.jar
7ffb44037000-7ffb44041000 r--s 0005a000 08:01 50988315                   /home/upsmart/.m2/repository/org/springframework/spring-jdbc/3.2.11.RELEASE/spring-jdbc-3.2.11.RELEASE.jar
7ffb44041000-7ffb44045000 r--s 0002c000 08:01 50988283                   /home/upsmart/.m2/repository/org/springframework/spring-expression/3.2.11.RELEASE/spring-expression-3.2.11.RELEASE.jar
7ffb44045000-7ffb44058000 r--s 000c6000 08:01 50988329                   /home/upsmart/.m2/repository/org/springframework/spring-core/3.2.11.RELEASE/spring-core-3.2.11.RELEASE.jar
7ffb44058000-7ffb4406d000 r--s 000bf000 08:01 50988227                   /home/upsmart/.m2/repository/org/springframework/spring-context/3.2.11.RELEASE/spring-context-3.2.11.RELEASE.jar
7ffb4406d000-7ffb44071000 r--s 0001c000 08:01 50988466                   /home/upsmart/.m2/repository/org/springframework/spring-context-support/3.2.11.RELEASE/spring-context-support-3.2.11.RELEASE.jar
7ffb44071000-7ffb4407d000 r--s 0008a000 08:01 50988527                   /home/upsmart/.m2/repository/org/springframework/spring-beans/3.2.11.RELEASE/spring-beans-3.2.11.RELEASE.jar
7ffb4407d000-7ffb440ca000 r--s 003f5000 08:01 51118624                   /home/upsmart/.m2/repository/org/hibernate/hibernate-core/4.1.7.Final/hibernate-core-4.1.7.Final.jar
7ffb440ca000-7ffb440cf000 r-xp 00000000 08:01 33299879                   /usr/lib/x86_64-linux-gnu/libXtst.so.6.1.0
7ffb440cf000-7ffb442ce000 ---p 00005000 08:01 33299879                   /usr/lib/x86_64-linux-gnu/libXtst.so.6.1.0
7ffb442ce000-7ffb442cf000 r--p 00004000 08:01 33299879                   /usr/lib/x86_64-linux-gnu/libXtst.so.6.1.0
7ffb442cf000-7ffb442d0000 rw-p 00005000 08:01 33299879                   /usr/lib/x86_64-linux-gnu/libXtst.so.6.1.0
7ffb442d0000-7ffb54000000 rw-p 00000000 00:00 0 
7ffb54000000-7ffb54021000 rw-p 00000000 00:00 0 
7ffb54021000-7ffb58000000 ---p 00000000 00:00 0 
7ffb58000000-7ffb58021000 rw-p 00000000 00:00 0 
7ffb58021000-7ffb5c000000 ---p 00000000 00:00 0 
7ffb5c000000-7ffb5c24d000 rw-p 00000000 00:00 0 
7ffb5c24d000-7ffb60000000 ---p 00000000 00:00 0 
7ffb60000000-7ffb60021000 rw-p 00000000 00:00 0 
7ffb60021000-7ffb64000000 ---p 00000000 00:00 0 
7ffb64000000-7ffb64002000 r--s 00011000 08:01 50988357                   /home/upsmart/.m2/repository/org/springframework/spring-oxm/3.2.11.RELEASE/spring-oxm-3.2.11.RELEASE.jar
7ffb64002000-7ffb6400b000 r--s 0004a000 08:01 50988256                   /home/upsmart/.m2/repository/org/springframework/spring-aop/3.2.11.RELEASE/spring-aop-3.2.11.RELEASE.jar
7ffb6400b000-7ffb6400f000 r--s 00020000 08:01 50988408                   /home/upsmart/.m2/repository/org/springframework/data/spring-data-jpa/1.3.2.RELEASE/spring-data-jpa-1.3.2.RELEASE.jar
7ffb6400f000-7ffb64018000 r--s 00046000 08:01 50988391                   /home/upsmart/.m2/repository/org/springframework/data/spring-data-commons/1.5.1.RELEASE/spring-data-commons-1.5.1.RELEASE.jar
7ffb64018000-7ffb6401a000 r--s 00001000 08:01 51118662                   /home/upsmart/.m2/repository/org/slf4j/slf4j-log4j12/1.7.2/slf4j-log4j12-1.7.2.jar
7ffb6401a000-7ffb6401c000 r--s 00005000 08:01 51118682                   /home/upsmart/.m2/repository/org/slf4j/slf4j-api/1.7.2/slf4j-api-1.7.2.jar
7ffb6401c000-7ffb6401e000 r--s 00003000 08:01 51118655                   /home/upsmart/.m2/repository/org/slf4j/jcl-over-slf4j/1.7.1/jcl-over-slf4j-1.7.1.jar
7ffb6401e000-7ffb64020000 r--s 0000d000 08:01 50988610                   /home/upsmart/.m2/repository/org/jboss/logging/jboss-logging/3.1.0.GA/jboss-logging-3.1.0.GA.jar
7ffb64020000-7ffb64029000 r--s 00096000 08:01 50988555                   /home/upsmart/.m2/repository/org/javassist/javassist/3.15.0-GA/javassist-3.15.0-GA.jar
7ffb64029000-7ffb6402e000 r--s 00015000 08:01 51118635                   /home/upsmart/.m2/repository/org/hibernate/javax/persistence/hibernate-jpa-2.0-api/1.0.1.Final/hibernate-jpa-2.0-api-1.0.1.Final.jar
7ffb6402e000-7ffb64037000 r--s 0006c000 08:01 51118611                   /home/upsmart/.m2/repository/org/hibernate/hibernate-entitymanager/4.1.7.Final/hibernate-entitymanager-4.1.7.Final.jar
7ffb64037000-7ffb6403a000 r--s 00011000 08:01 51118607                   /home/upsmart/.m2/repository/org/hibernate/common/hibernate-commons-annotations/4.0.1.Final/hibernate-commons-annotations-4.0.1.Final.jar
7ffb6403a000-7ffb64049000 r--s 000b0000 08:01 50988177                   /home/upsmart/.m2/repository/org/codehaus/jackson/jackson-mapper-asl/1.9.12/jackson-mapper-asl-1.9.12.jar
7ffb64049000-7ffb6404d000 r--s 00035000 08:01 50988168                   /home/upsmart/.m2/repository/org/codehaus/jackson/jackson-core-asl/1.9.12/jackson-core-asl-1.9.12.jar
7ffb6404d000-7ffb64066000 r--s 001ae000 08:01 56099927                   /home/upsmart/.m2/repository/org/aspectj/aspectjweaver/1.8.1/aspectjweaver-1.8.1.jar
7ffb64066000-7ffb6406a000 r--s 00019000 08:01 56099924                   /home/upsmart/.m2/repository/org/aspectj/aspectjrt/1.8.1/aspectjrt-1.8.1.jar
7ffb6406a000-7ffb64072000 r--s 000c3000 08:01 50987576                   /home/upsmart/.m2/repository/mysql/mysql-connector-java/5.1.21/mysql-connector-java-5.1.21.jar
7ffb64072000-7ffb6407b000 r--s 0006f000 08:01 50987608                   /home/upsmart/.m2/repository/log4j/log4j/1.2.17/log4j-1.2.17.jar
7ffb6407b000-7ffb6407d000 r--s 00018000 08:01 50987693                   /home/upsmart/.m2/repository/javax/servlet/servlet-api/2.5/servlet-api-2.5.jar
7ffb6407d000-7ffb64082000 r--s 00048000 08:01 50987796                   /home/upsmart/.m2/repository/dom4j/dom4j/1.6.1/dom4j-1.6.1.jar
7ffb64082000-7ffb64085000 r--s 00015000 08:01 50987365                   /home/upsmart/.m2/repository/commons-pool/commons-pool/1.5.4/commons-pool-1.5.4.jar
7ffb64085000-7ffb64087000 r--s 0000e000 08:01 50987671                   /home/upsmart/.m2/repository/commons-logging/commons-logging/1.1.3/commons-logging-1.1.3.jar
7ffb64087000-7ffb6408c000 r--s 00041000 08:01 50987381                   /home/upsmart/.m2/repository/commons-lang/commons-lang/2.6/commons-lang-2.6.jar
7ffb6408c000-7ffb64090000 r--s 00027000 08:01 51120335                   /home/upsmart/.m2/repository/commons-io/commons-io/2.2/commons-io-2.2.jar
7ffb64090000-7ffb64092000 r--s 0000f000 08:01 50987220                   /home/upsmart/.m2/repository/commons-fileupload/commons-fileupload/1.3.1/commons-fileupload-1.3.1.jar
7ffb64092000-7ffb64095000 r--s 00025000 08:01 51118744                   /home/upsmart/.m2/repository/commons-dbcp/commons-dbcp/1.4/commons-dbcp-1.4.jar
7ffb64095000-7ffb64097000 r--s 00000000 08:01 50987630                   /home/upsmart/.m2/repository/aopalliance/aopalliance/1.0/aopalliance-1.0.jar
7ffb64097000-7ffb6409c000 r--s 00068000 08:01 50987640                   /home/upsmart/.m2/repository/antlr/antlr/2.7.7/antlr-2.7.7.jar
7ffb6409c000-7ffb640a1000 r--s 0003c000 08:01 74714395                   /home/upsmart/.gradle/caches/modules-2/files-2.1/org.eclipse.jetty/jetty-util/7.6.15.v20140411/24afe1d3e6378be47cfb0e34aaae83009b8ae361/jetty-util-7.6.15.v20140411.jar
7ffb640a1000-7ffb640a6000 r--s 0004c000 08:01 74714329                   /home/upsmart/.gradle/caches/modules-2/files-2.1/org.eclipse.jetty/jetty-server/7.6.15.v20140411/d06b373f1acf1429a666f13d2ef187c503b601c0/jetty-server-7.6.15.v20140411.jar
7ffb640a6000-7ffb640a9000 r--s 00016000 08:01 74714386                   /home/upsmart/.gradle/caches/modules-2/files-2.1/org.eclipse.jetty/jetty-io/7.6.15.v20140411/24e4d9dd57914119a9837bb8f76de035f63805a/jetty-io-7.6.15.v20140411.jar
7ffb640a9000-7ffb640b2000 r-xp 00000000 08:01 33294994                   /usr/lib/x86_64-linux-gnu/libXrender.so.1.3.0
7ffb640b2000-7ffb642b1000 ---p 00009000 08:01 33294994                   /usr/lib/x86_64-linux-gnu/libXrender.so.1.3.0
7ffb642b1000-7ffb642b2000 r--p 00008000 08:01 33294994                   /usr/lib/x86_64-linux-gnu/libXrender.so.1.3.0
7ffb642b2000-7ffb642b3000 rw-p 00009000 08:01 33294994                   /usr/lib/x86_64-linux-gnu/libXrender.so.1.3.0
7ffb642b3000-7ffb643e3000 r-xp 00000000 08:01 33299834                   /usr/lib/x86_64-linux-gnu/libX11.so.6.3.0
7ffb643e3000-7ffb645e3000 ---p 00130000 08:01 33299834                   /usr/lib/x86_64-linux-gnu/libX11.so.6.3.0
7ffb645e3000-7ffb645e4000 r--p 00130000 08:01 33299834                   /usr/lib/x86_64-linux-gnu/libX11.so.6.3.0
7ffb645e4000-7ffb645e8000 rw-p 00131000 08:01 33299834                   /usr/lib/x86_64-linux-gnu/libX11.so.6.3.0
7ffb645e8000-7ffb645f9000 r-xp 00000000 08:01 33294938                   /usr/lib/x86_64-linux-gnu/libXext.so.6.4.0
7ffb645f9000-7ffb647f8000 ---p 00011000 08:01 33294938                   /usr/lib/x86_64-linux-gnu/libXext.so.6.4.0
7ffb647f8000-7ffb647f9000 r--p 00010000 08:01 33294938                   /usr/lib/x86_64-linux-gnu/libXext.so.6.4.0
7ffb647f9000-7ffb647fa000 rw-p 00011000 08:01 33294938                   /usr/lib/x86_64-linux-gnu/libXext.so.6.4.0
7ffb647fa000-7ffb647fb000 rw-p 00000000 00:00 0 
7ffb647fb000-7ffb647fd000 r--s 00015000 08:01 74714354                   /home/upsmart/.gradle/caches/modules-2/files-2.1/org.eclipse.jetty/jetty-http/7.6.15.v20140411/9535b316ac0f1eaedceaba890a90d2a9b3c6c3fe/jetty-http-7.6.15.v20140411.jar
7ffb647fd000-7ffb64804000 r--s 00000000 08:01 33690550                   /usr/lib/x86_64-linux-gnu/gconv/gconv-modules.cache
7ffb64804000-7ffb64818000 r--p 00000000 08:01 33827291                   /usr/share/locale-langpack/zh_CN/LC_MESSAGES/libc.mo
7ffb64818000-7ffb64868000 r-xp 00000000 08:01 67633201                   /opt/jdk1.7.0_75/jre/lib/amd64/xawt/libmawt.so
7ffb64868000-7ffb64a68000 ---p 00050000 08:01 67633201                   /opt/jdk1.7.0_75/jre/lib/amd64/xawt/libmawt.so
7ffb64a68000-7ffb64a6c000 rw-p 00050000 08:01 67633201                   /opt/jdk1.7.0_75/jre/lib/amd64/xawt/libmawt.so
7ffb64a6c000-7ffb64a6d000 rw-p 00000000 00:00 0 
7ffb64a6d000-7ffb64b0f000 r-xp 00000000 08:01 67633221                   /opt/jdk1.7.0_75/jre/lib/amd64/libawt.so
7ffb64b0f000-7ffb64d0f000 ---p 000a2000 08:01 67633221                   /opt/jdk1.7.0_75/jre/lib/amd64/libawt.so
7ffb64d0f000-7ffb64d1b000 rw-p 000a2000 08:01 67633221                   /opt/jdk1.7.0_75/jre/lib/amd64/libawt.so
7ffb64d1b000-7ffb64d3f000 rw-p 00000000 00:00 0 
7ffb64d3f000-7ffb64d4a000 r--s 0037c000 08:01 67633895                   /opt/jdk1.7.0_75/jre/lib/charsets.jar
7ffb64d4a000-7ffb64d52000 r-xp 00000000 08:01 67633196                   /opt/jdk1.7.0_75/jre/lib/amd64/libmanagement.so
7ffb64d52000-7ffb64f51000 ---p 00008000 08:01 67633196                   /opt/jdk1.7.0_75/jre/lib/amd64/libmanagement.so
7ffb64f51000-7ffb64f52000 rw-p 00007000 08:01 67633196                   /opt/jdk1.7.0_75/jre/lib/amd64/libmanagement.so
7ffb64f52000-7ffb64f5c000 r--s 00251000 08:01 67633265                   /opt/jdk1.7.0_75/jre/lib/resources.jar
7ffb64f5c000-7ffb64f60000 r--s 000f7000 08:01 67633829                   /opt/jdk1.7.0_75/jre/lib/ext/localedata.jar
7ffb64f60000-7ffb64f76000 r-xp 00000000 08:01 67633222                   /opt/jdk1.7.0_75/jre/lib/amd64/libnet.so
7ffb64f76000-7ffb65176000 ---p 00016000 08:01 67633222                   /opt/jdk1.7.0_75/jre/lib/amd64/libnet.so
7ffb65176000-7ffb65177000 rw-p 00016000 08:01 67633222                   /opt/jdk1.7.0_75/jre/lib/amd64/libnet.so
7ffb65177000-7ffb65187000 r-xp 00000000 08:01 67633188                   /opt/jdk1.7.0_75/jre/lib/amd64/libnio.so
7ffb65187000-7ffb65387000 ---p 00010000 08:01 67633188                   /opt/jdk1.7.0_75/jre/lib/amd64/libnio.so
7ffb65387000-7ffb65388000 rw-p 00010000 08:01 67633188                   /opt/jdk1.7.0_75/jre/lib/amd64/libnio.so
7ffb65388000-7ffb6538d000 r--s 00032000 08:01 49547052                   /home/upsmart/eclipse/eclipse-gradle/eclipse/configuration/org.eclipse.osgi/888/0/.cp/lib/jetty/org.objectweb.asm.jar
7ffb6538d000-7ffb6538e000 ---p 00000000 00:00 0 
7ffb6538e000-7ffb6548e000 rw-p 00000000 00:00 0                          [stack:24364]
7ffb6548e000-7ffb65491000 ---p 00000000 00:00 0 
7ffb65491000-7ffb6558f000 rw-p 00000000 00:00 0                          [stack:24363]
7ffb6558f000-7ffb65592000 ---p 00000000 00:00 0 
7ffb65592000-7ffb65690000 rw-p 00000000 00:00 0                          [stack:24362]
7ffb65690000-7ffb65693000 ---p 00000000 00:00 0 
7ffb65693000-7ffb65791000 rw-p 00000000 00:00 0                          [stack:24361]
7ffb65791000-7ffb65794000 ---p 00000000 00:00 0 
7ffb65794000-7ffb65892000 rw-p 00000000 00:00 0                          [stack:24360]
7ffb65892000-7ffb65f78000 r--p 00000000 08:01 33298951                   /usr/lib/locale/locale-archive
7ffb65f78000-7ffb65f7b000 ---p 00000000 00:00 0 
7ffb65f7b000-7ffb66079000 rw-p 00000000 00:00 0                          [stack:24359]
7ffb66079000-7ffb6607c000 ---p 00000000 00:00 0 
7ffb6607c000-7ffb6617a000 rw-p 00000000 00:00 0                          [stack:24358]
7ffb6617a000-7ffb6617b000 ---p 00000000 00:00 0 
7ffb6617b000-7ffb68000000 rw-p 00000000 00:00 0                          [stack:24357]
7ffb68000000-7ffb68021000 rw-p 00000000 00:00 0 
7ffb68021000-7ffb6c000000 ---p 00000000 00:00 0 
7ffb6c000000-7ffb6c003000 r--s 0001b000 08:01 74714352                   /home/upsmart/.gradle/caches/modules-2/files-2.1/org.eclipse.jetty.orbit/javax.servlet/2.5.0.v201103041518/9c16011c06bc6fe5e9dba080fcb40ddb4b75dc85/javax.servlet-2.5.0.v201103041518.jar
7ffb6c003000-7ffb6c012000 r--s 0019c000 08:01 49547042                   /home/upsmart/eclipse/eclipse-gradle/eclipse/configuration/org.eclipse.osgi/888/0/.cp/lib/jetty/org.eclipse.jdt.core.jar
7ffb6c012000-7ffb6c25f000 rw-p 00000000 00:00 0 
7ffb6c25f000-7ffb6c41e000 r--s 039eb000 08:01 67633874                   /opt/jdk1.7.0_75/jre/lib/rt.jar
7ffb6c41e000-7ffb6c635000 rw-p 00000000 00:00 0 
7ffb6c635000-7ffb6d000000 rw-p 00000000 00:00 0 
7ffb6d000000-7ffb6d270000 rwxp 00000000 00:00 0 
7ffb6d270000-7ffb70b79000 rw-p 00000000 00:00 0 
7ffb70b79000-7ffb74000000 ---p 00000000 00:00 0 
7ffb74000000-7ffb74001000 r--s 00002000 08:01 50988587                   /home/upsmart/.m2/repository/org/jboss/spec/javax/transaction/jboss-transaction-api_1.1_spec/1.0.0.Final/jboss-transaction-api_1.1_spec-1.0.0.Final.jar
7ffb74001000-7ffb74003000 r--s 00013000 08:01 49547053                   /home/upsmart/eclipse/eclipse-gradle/eclipse/configuration/org.eclipse.osgi/888/0/.cp/lib/jetty/jetty-plus.jar
7ffb74003000-7ffb74005000 r--s 00005000 08:01 49547050                   /home/upsmart/eclipse/eclipse-gradle/eclipse/configuration/org.eclipse.osgi/888/0/.cp/lib/jetty/javax.annotation.jar
7ffb74005000-7ffb74007000 r--s 00011000 08:01 49547043                   /home/upsmart/eclipse/eclipse-gradle/eclipse/configuration/org.eclipse.osgi/888/0/.cp/lib/jetty/jetty-annotations.jar
7ffb74007000-7ffb7400a000 r--s 0001d000 08:01 49547039                   /home/upsmart/eclipse/eclipse-gradle/eclipse/configuration/org.eclipse.osgi/888/0/.cp/lib/jetty/com.sun.el.jar
7ffb7400a000-7ffb7400c000 r--s 0000b000 08:01 49547038                   /home/upsmart/eclipse/eclipse-gradle/eclipse/configuration/org.eclipse.osgi/888/0/.cp/lib/jetty/javax.el.jar
7ffb7400c000-7ffb74014000 r--s 00061000 08:01 49546803                   /home/upsmart/eclipse/eclipse-gradle/eclipse/configuration/org.eclipse.osgi/888/0/.cp/lib/jetty/org.apache.taglibs.standard.glassfish.jar
7ffb74014000-7ffb74016000 r--s 0000b000 08:01 49546801                   /home/upsmart/eclipse/eclipse-gradle/eclipse/configuration/org.eclipse.osgi/888/0/.cp/lib/jetty/javax.servlet.jsp.jstl.jar
7ffb74016000-7ffb7401d000 r--s 0008a000 08:01 49546195                   /home/upsmart/eclipse/eclipse-gradle/eclipse/configuration/org.eclipse.osgi/888/0/.cp/lib/jetty/org.apache.jasper.glassfish.jar
7ffb7401d000-7ffb74045000 rw-p 00000000 00:00 0 
7ffb74045000-7ffb74046000 ---p 00000000 00:00 0 
7ffb74046000-7ffb74146000 rw-p 00000000 00:00 0                          [stack:24356]
7ffb74146000-7ffb74147000 ---p 00000000 00:00 0 
7ffb74147000-7ffb74247000 rw-p 00000000 00:00 0                          [stack:24355]
7ffb74247000-7ffb74248000 ---p 00000000 00:00 0 
7ffb74248000-7ffb74348000 rw-p 00000000 00:00 0                          [stack:24354]
7ffb74348000-7ffb74349000 ---p 00000000 00:00 0 
7ffb74349000-7ffb74455000 rw-p 00000000 00:00 0                          [stack:24353]
7ffb74455000-7ffb74472000 rw-p 00000000 00:00 0 
7ffb74472000-7ffb7447e000 rw-p 00000000 00:00 0 
7ffb7447e000-7ffb7449b000 rw-p 00000000 00:00 0 
7ffb7449b000-7ffb74542000 rw-p 00000000 00:00 0 
7ffb74542000-7ffb74f0c000 rw-p 00000000 00:00 0 
7ffb74f0c000-7ffb74f60000 rw-p 00000000 00:00 0 
7ffb74f60000-7ffb75445000 rw-p 00000000 00:00 0 
7ffb75445000-7ffb75446000 rw-p 00000000 00:00 0 
7ffb75446000-7ffb75460000 r-xp 00000000 08:01 67633217                   /opt/jdk1.7.0_75/jre/lib/amd64/libzip.so
7ffb75460000-7ffb75660000 ---p 0001a000 08:01 67633217                   /opt/jdk1.7.0_75/jre/lib/amd64/libzip.so
7ffb75660000-7ffb75661000 rw-p 0001a000 08:01 67633217                   /opt/jdk1.7.0_75/jre/lib/amd64/libzip.so
7ffb75661000-7ffb7566c000 r-xp 00000000 08:01 72351763                   /lib/x86_64-linux-gnu/libnss_files-2.19.so
7ffb7566c000-7ffb7586b000 ---p 0000b000 08:01 72351763                   /lib/x86_64-linux-gnu/libnss_files-2.19.so
7ffb7586b000-7ffb7586c000 r--p 0000a000 08:01 72351763                   /lib/x86_64-linux-gnu/libnss_files-2.19.so
7ffb7586c000-7ffb7586d000 rw-p 0000b000 08:01 72351763                   /lib/x86_64-linux-gnu/libnss_files-2.19.so
7ffb7586d000-7ffb75878000 r-xp 00000000 08:01 72355680                   /lib/x86_64-linux-gnu/libnss_nis-2.19.so
7ffb75878000-7ffb75a77000 ---p 0000b000 08:01 72355680                   /lib/x86_64-linux-gnu/libnss_nis-2.19.so
7ffb75a77000-7ffb75a78000 r--p 0000a000 08:01 72355680                   /lib/x86_64-linux-gnu/libnss_nis-2.19.so
7ffb75a78000-7ffb75a79000 rw-p 0000b000 08:01 72355680                   /lib/x86_64-linux-gnu/libnss_nis-2.19.so
7ffb75a79000-7ffb75a90000 r-xp 00000000 08:01 72351838                   /lib/x86_64-linux-gnu/libnsl-2.19.so
7ffb75a90000-7ffb75c8f000 ---p 00017000 08:01 72351838                   /lib/x86_64-linux-gnu/libnsl-2.19.so
7ffb75c8f000-7ffb75c90000 r--p 00016000 08:01 72351838                   /lib/x86_64-linux-gnu/libnsl-2.19.so
7ffb75c90000-7ffb75c91000 rw-p 00017000 08:01 72351838                   /lib/x86_64-linux-gnu/libnsl-2.19.so
7ffb75c91000-7ffb75c93000 rw-p 00000000 00:00 0 
7ffb75c93000-7ffb75c9c000 r-xp 00000000 08:01 72351837                   /lib/x86_64-linux-gnu/libnss_compat-2.19.so
7ffb75c9c000-7ffb75e9b000 ---p 00009000 08:01 72351837                   /lib/x86_64-linux-gnu/libnss_compat-2.19.so
7ffb75e9b000-7ffb75e9c000 r--p 00008000 08:01 72351837                   /lib/x86_64-linux-gnu/libnss_compat-2.19.so
7ffb75e9c000-7ffb75e9d000 rw-p 00009000 08:01 72351837                   /lib/x86_64-linux-gnu/libnss_compat-2.19.so
7ffb75e9d000-7ffb75ec6000 r-xp 00000000 08:01 67633183                   /opt/jdk1.7.0_75/jre/lib/amd64/libjava.so
7ffb75ec6000-7ffb760c6000 ---p 00029000 08:01 67633183                   /opt/jdk1.7.0_75/jre/lib/amd64/libjava.so
7ffb760c6000-7ffb760c8000 rw-p 00029000 08:01 67633183                   /opt/jdk1.7.0_75/jre/lib/amd64/libjava.so
7ffb760c8000-7ffb760d5000 r-xp 00000000 08:01 67633210                   /opt/jdk1.7.0_75/jre/lib/amd64/libverify.so
7ffb760d5000-7ffb762d4000 ---p 0000d000 08:01 67633210                   /opt/jdk1.7.0_75/jre/lib/amd64/libverify.so
7ffb762d4000-7ffb762d6000 rw-p 0000c000 08:01 67633210                   /opt/jdk1.7.0_75/jre/lib/amd64/libverify.so
7ffb762d6000-7ffb762dd000 r-xp 00000000 08:01 72351846                   /lib/x86_64-linux-gnu/librt-2.19.so
7ffb762dd000-7ffb764dc000 ---p 00007000 08:01 72351846                   /lib/x86_64-linux-gnu/librt-2.19.so
7ffb764dc000-7ffb764dd000 r--p 00006000 08:01 72351846                   /lib/x86_64-linux-gnu/librt-2.19.so
7ffb764dd000-7ffb764de000 rw-p 00007000 08:01 72351846                   /lib/x86_64-linux-gnu/librt-2.19.so
7ffb764de000-7ffb765e3000 r-xp 00000000 08:01 72351759                   /lib/x86_64-linux-gnu/libm-2.19.so
7ffb765e3000-7ffb767e2000 ---p 00105000 08:01 72351759                   /lib/x86_64-linux-gnu/libm-2.19.so
7ffb767e2000-7ffb767e3000 r--p 00104000 08:01 72351759                   /lib/x86_64-linux-gnu/libm-2.19.so
7ffb767e3000-7ffb767e4000 rw-p 00105000 08:01 72351759                   /lib/x86_64-linux-gnu/libm-2.19.so
7ffb767e4000-7ffb77357000 r-xp 00000000 08:01 67633237                   /opt/jdk1.7.0_75/jre/lib/amd64/server/libjvm.so
7ffb77357000-7ffb77557000 ---p 00b73000 08:01 67633237                   /opt/jdk1.7.0_75/jre/lib/amd64/server/libjvm.so
7ffb77557000-7ffb7761b000 rw-p 00b73000 08:01 67633237                   /opt/jdk1.7.0_75/jre/lib/amd64/server/libjvm.so
7ffb7761b000-7ffb7765c000 rw-p 00000000 00:00 0 
7ffb7765c000-7ffb77817000 r-xp 00000000 08:01 72351843                   /lib/x86_64-linux-gnu/libc-2.19.so
7ffb77817000-7ffb77a16000 ---p 001bb000 08:01 72351843                   /lib/x86_64-linux-gnu/libc-2.19.so
7ffb77a16000-7ffb77a1a000 r--p 001ba000 08:01 72351843                   /lib/x86_64-linux-gnu/libc-2.19.so
7ffb77a1a000-7ffb77a1c000 rw-p 001be000 08:01 72351843                   /lib/x86_64-linux-gnu/libc-2.19.so
7ffb77a1c000-7ffb77a21000 rw-p 00000000 00:00 0 
7ffb77a21000-7ffb77a24000 r-xp 00000000 08:01 72351774                   /lib/x86_64-linux-gnu/libdl-2.19.so
7ffb77a24000-7ffb77c23000 ---p 00003000 08:01 72351774                   /lib/x86_64-linux-gnu/libdl-2.19.so
7ffb77c23000-7ffb77c24000 r--p 00002000 08:01 72351774                   /lib/x86_64-linux-gnu/libdl-2.19.so
7ffb77c24000-7ffb77c25000 rw-p 00003000 08:01 72351774                   /lib/x86_64-linux-gnu/libdl-2.19.so
7ffb77c25000-7ffb77c3b000 r-xp 00000000 08:01 67633922                   /opt/jdk1.7.0_75/lib/amd64/jli/libjli.so
7ffb77c3b000-7ffb77e3b000 ---p 00016000 08:01 67633922                   /opt/jdk1.7.0_75/lib/amd64/jli/libjli.so
7ffb77e3b000-7ffb77e3c000 rw-p 00016000 08:01 67633922                   /opt/jdk1.7.0_75/lib/amd64/jli/libjli.so
7ffb77e3c000-7ffb77e55000 r-xp 00000000 08:01 72351844                   /lib/x86_64-linux-gnu/libpthread-2.19.so
7ffb77e55000-7ffb78054000 ---p 00019000 08:01 72351844                   /lib/x86_64-linux-gnu/libpthread-2.19.so
7ffb78054000-7ffb78055000 r--p 00018000 08:01 72351844                   /lib/x86_64-linux-gnu/libpthread-2.19.so
7ffb78055000-7ffb78056000 rw-p 00019000 08:01 72351844                   /lib/x86_64-linux-gnu/libpthread-2.19.so
7ffb78056000-7ffb7805a000 rw-p 00000000 00:00 0 
7ffb7805a000-7ffb7807d000 r-xp 00000000 08:01 72351840                   /lib/x86_64-linux-gnu/ld-2.19.so
7ffb7807d000-7ffb7807e000 r--s 00004000 08:01 74714353                   /home/upsmart/.gradle/caches/modules-2/files-2.1/org.eclipse.jetty/jetty-continuation/7.6.15.v20140411/f8e51a26a82233a5babdb9afbd87ccde98d00ede/jetty-continuation-7.6.15.v20140411.jar
7ffb7807e000-7ffb78080000 r--s 00018000 08:01 49545580                   /home/upsmart/eclipse/eclipse-gradle/eclipse/configuration/org.eclipse.osgi/888/0/.cp/lib/jetty/javax.servlet.jsp.jar
7ffb78080000-7ffb78081000 r--s 00000000 08:01 49545579                   /home/upsmart/eclipse/eclipse-gradle/eclipse/configuration/org.eclipse.osgi/888/0/.cp/lib/jetty/jetty-jsp.jar
7ffb78081000-7ffb78082000 r--s 00009000 08:01 49545578                   /home/upsmart/eclipse/eclipse-gradle/eclipse/configuration/org.eclipse.osgi/888/0/.cp/lib/jetty/jetty-xml.jar
7ffb78082000-7ffb78084000 r--s 00019000 08:01 49545577                   /home/upsmart/eclipse/eclipse-gradle/eclipse/configuration/org.eclipse.osgi/888/0/.cp/lib/jetty/jetty-webapp.jar
7ffb78084000-7ffb78086000 r--s 00017000 08:01 49545575                   /home/upsmart/eclipse/eclipse-gradle/eclipse/configuration/org.eclipse.osgi/888/0/.cp/lib/jetty/jetty-servlet.jar
7ffb78086000-7ffb78088000 r--s 00014000 08:01 49545574                   /home/upsmart/eclipse/eclipse-gradle/eclipse/configuration/org.eclipse.osgi/888/0/.cp/lib/jetty/jetty-security.jar
7ffb78088000-7ffb7808b000 r--s 00019000 08:01 67633795                   /opt/jdk1.7.0_75/jre/lib/jce.jar
7ffb7808b000-7ffb7808f000 r--s 0008b000 08:01 67633818                   /opt/jdk1.7.0_75/jre/lib/jsse.jar
7ffb7808f000-7ffb78094000 r--s 00042000 08:01 49545572                   /home/upsmart/eclipse/eclipse-gradle/eclipse/configuration/org.eclipse.osgi/888/0/.cp/lib/jetty/jetty-util.jar
7ffb78094000-7ffb78097000 r--s 00017000 08:01 49545570                   /home/upsmart/eclipse/eclipse-gradle/eclipse/configuration/org.eclipse.osgi/888/0/.cp/lib/jetty/jetty-io.jar
7ffb78097000-7ffb780a1000 rw-p 00000000 00:00 0 
7ffb780a1000-7ffb78157000 rw-p 00000000 00:00 0 
7ffb78157000-7ffb7815a000 ---p 00000000 00:00 0 
7ffb7815a000-7ffb7825c000 rw-p 00000000 00:00 0                          [stack:24350]
7ffb7825c000-7ffb7825e000 r--s 00016000 08:01 49545569                   /home/upsmart/eclipse/eclipse-gradle/eclipse/configuration/org.eclipse.osgi/888/0/.cp/lib/jetty/jetty-http.jar
7ffb7825e000-7ffb78260000 r--s 00004000 08:01 49545568                   /home/upsmart/eclipse/eclipse-gradle/eclipse/configuration/org.eclipse.osgi/888/0/.cp/lib/jetty/jetty-continuation.jar
7ffb78260000-7ffb78266000 r--s 00052000 08:01 49545561                   /home/upsmart/eclipse/eclipse-gradle/eclipse/configuration/org.eclipse.osgi/888/0/.cp/lib/jetty/jetty-server.jar
7ffb78266000-7ffb78269000 r--s 0002e000 08:01 49545567                   /home/upsmart/eclipse/eclipse-gradle/eclipse/configuration/org.eclipse.osgi/888/0/.cp/lib/jetty/javax.servlet.jar
7ffb78269000-7ffb7826b000 r--s 00002000 08:01 49545566                   /home/upsmart/eclipse/eclipse-gradle/eclipse/configuration/org.eclipse.osgi/888/0/.cp/lib/eclipse-jetty-starters-embedded.jar
7ffb7826b000-7ffb7826d000 r--s 0000a000 08:01 49545565                   /home/upsmart/eclipse/eclipse-gradle/eclipse/configuration/org.eclipse.osgi/888/0/.cp/lib/eclipse-jetty-starters-console.jar
7ffb7826d000-7ffb7826e000 r--s 00002000 08:01 49545564                   /home/upsmart/eclipse/eclipse-gradle/eclipse/configuration/org.eclipse.osgi/888/0/.cp/lib/eclipse-jetty-starters-util.jar
7ffb7826e000-7ffb78270000 r--s 00002000 08:01 49545563                   /home/upsmart/eclipse/eclipse-gradle/eclipse/configuration/org.eclipse.osgi/888/0/.cp/lib/eclipse-jetty-starters-common.jar
7ffb78270000-7ffb78278000 rw-s 00000000 08:01 74973225                   /tmp/hsperfdata_upsmart/24346
7ffb78278000-7ffb78279000 rw-p 00000000 00:00 0 
7ffb78279000-7ffb7827a000 ---p 00000000 00:00 0 
7ffb7827a000-7ffb7827c000 rw-p 00000000 00:00 0 
7ffb7827c000-7ffb7827d000 r--p 00022000 08:01 72351840                   /lib/x86_64-linux-gnu/ld-2.19.so
7ffb7827d000-7ffb7827e000 rw-p 00023000 08:01 72351840                   /lib/x86_64-linux-gnu/ld-2.19.so
7ffb7827e000-7ffb7827f000 rw-p 00000000 00:00 0 
7ffcacd5b000-7ffcacd7d000 rw-p 00000000 00:00 0                          [stack]
7ffcacdab000-7ffcacdad000 r-xp 00000000 00:00 0                          [vdso]
7ffcacdad000-7ffcacdaf000 r--p 00000000 00:00 0                          [vvar]
ffffffffff600000-ffffffffff601000 r-xp 00000000 00:00 0                  [vsyscall]

VM Arguments:
jvm_args: -Djetty.launcher.configuration=/tmp/eclipseJettyPlugin.config.upsmart_water_drop__1_.xml -Dfile.encoding=UTF-8 
java_command: net.sourceforge.eclipsejetty.starter.embedded.JettyEmbeddedLauncherMain
Launcher Type: SUN_STANDARD

Environment Variables:
JAVA_HOME=/opt/jdk1.7.0_75
CLASSPATH=:/opt/jdk1.7.0_75/lib/
PATH=/opt/jdk1.7.0_75/bin:/opt/gradle/current/bin:/usr/local/sbin:/usr/local/bin:/usr/sbin:/usr/bin:/sbin:/bin:/usr/games:/usr/local/games
SHELL=/bin/zsh
DISPLAY=:0

Signal Handlers:
SIGSEGV: [libjvm.so+0x9a21f0], sa_mask[0]=0x7ffbfeff, sa_flags=0x10000004
SIGBUS: [libjvm.so+0x9a21f0], sa_mask[0]=0x7ffbfeff, sa_flags=0x10000004
SIGFPE: [libjvm.so+0x81ba40], sa_mask[0]=0x7ffbfeff, sa_flags=0x10000004
SIGPIPE: SIG_IGN, sa_mask[0]=0x00001000, sa_flags=0x10000000
SIGXFSZ: [libjvm.so+0x81ba40], sa_mask[0]=0x7ffbfeff, sa_flags=0x10000004
SIGILL: [libjvm.so+0x81ba40], sa_mask[0]=0x7ffbfeff, sa_flags=0x10000004
SIGUSR1: SIG_DFL, sa_mask[0]=0x00000000, sa_flags=0x00000000
SIGUSR2: [libjvm.so+0x81d240], sa_mask[0]=0x00000004, sa_flags=0x10000004
SIGHUP: [libjvm.so+0x81e360], sa_mask[0]=0x7ffbfeff, sa_flags=0x10000004
SIGINT: [libjvm.so+0x81e360], sa_mask[0]=0x7ffbfeff, sa_flags=0x10000004
SIGTERM: [libjvm.so+0x81e360], sa_mask[0]=0x7ffbfeff, sa_flags=0x10000004
SIGQUIT: [libjvm.so+0x81e360], sa_mask[0]=0x7ffbfeff, sa_flags=0x10000004


---------------  S Y S T E M  ---------------

OS:jessie/sid

uname:Linux 3.16.0-55-generic #74~14.04.1-Ubuntu SMP Tue Nov 17 10:15:59 UTC 2015 x86_64
libc:glibc 2.19 NPTL 2.19 
rlimit: STACK 8192k, CORE 0k, NPROC 128226, NOFILE 4096, AS infinity
load average:0.70 0.99 1.03

/proc/meminfo:
MemTotal:       32847296 kB
MemFree:        11210956 kB
MemAvailable:   14414312 kB
Buffers:          542320 kB
Cached:          3476868 kB
SwapCached:            0 kB
Active:         18751044 kB
Inactive:        2045304 kB
Active(anon):   16785672 kB
Inactive(anon):   967584 kB
Active(file):    1965372 kB
Inactive(file):  1077720 kB
Unevictable:         400 kB
Mlocked:             400 kB
SwapTotal:      33452028 kB
SwapFree:       33452028 kB
Dirty:               640 kB
Writeback:             0 kB
AnonPages:      16783948 kB
Mapped:           910316 kB
Shmem:            976092 kB
Slab:             466360 kB
SReclaimable:     413680 kB
SUnreclaim:        52680 kB
KernelStack:       17264 kB
PageTables:       103964 kB
NFS_Unstable:          0 kB
Bounce:                0 kB
WritebackTmp:          0 kB
CommitLimit:    49875676 kB
Committed_AS:   28041848 kB
VmallocTotal:   34359738367 kB
VmallocUsed:      408124 kB
VmallocChunk:   34359272856 kB
HardwareCorrupted:     0 kB
AnonHugePages:  14012416 kB
HugePages_Total:       0
HugePages_Free:        0
HugePages_Rsvd:        0
HugePages_Surp:        0
Hugepagesize:       2048 kB
DirectMap4k:      131624 kB
DirectMap2M:     8155136 kB
DirectMap1G:    25165824 kB


CPU:total 4 (4 cores per cpu, 1 threads per core) family 6 model 60 stepping 3, cmov, cx8, fxsr, mmx, sse, sse2, sse3, ssse3, sse4.1, sse4.2, popcnt, avx, avx2, aes, erms, tsc, tscinvbit

/proc/cpuinfo:
processor	: 0
vendor_id	: GenuineIntel
cpu family	: 6
model		: 60
model name	: Intel(R) Core(TM) i5-4460  CPU @ 3.20GHz
stepping	: 3
microcode	: 0x12
cpu MHz		: 3256.625
cache size	: 6144 KB
physical id	: 0
siblings	: 4
core id		: 0
cpu cores	: 4
apicid		: 0
initial apicid	: 0
fpu		: yes
fpu_exception	: yes
cpuid level	: 13
wp		: yes
flags		: fpu vme de pse tsc msr pae mce cx8 apic sep mtrr pge mca cmov pat pse36 clflush dts acpi mmx fxsr sse sse2 ss ht tm pbe syscall nx pdpe1gb rdtscp lm constant_tsc arch_perfmon pebs bts rep_good nopl xtopology nonstop_tsc aperfmperf eagerfpu pni pclmulqdq dtes64 monitor ds_cpl vmx est tm2 ssse3 fma cx16 xtpr pdcm pcid sse4_1 sse4_2 x2apic movbe popcnt tsc_deadline_timer aes xsave avx f16c rdrand lahf_lm abm ida arat xsaveopt pln pts dtherm tpr_shadow vnmi flexpriority ept vpid fsgsbase tsc_adjust bmi1 avx2 smep bmi2 erms invpcid
bogomips	: 6385.04
clflush size	: 64
cache_alignment	: 64
address sizes	: 39 bits physical, 48 bits virtual
power management:

processor	: 1
vendor_id	: GenuineIntel
cpu family	: 6
model		: 60
model name	: Intel(R) Core(TM) i5-4460  CPU @ 3.20GHz
stepping	: 3
microcode	: 0x12
cpu MHz		: 3262.375
cache size	: 6144 KB
physical id	: 0
siblings	: 4
core id		: 1
cpu cores	: 4
apicid		: 2
initial apicid	: 2
fpu		: yes
fpu_exception	: yes
cpuid level	: 13
wp		: yes
flags		: fpu vme de pse tsc msr pae mce cx8 apic sep mtrr pge mca cmov pat pse36 clflush dts acpi mmx fxsr sse sse2 ss ht tm pbe syscall nx pdpe1gb rdtscp lm constant_tsc arch_perfmon pebs bts rep_good nopl xtopology nonstop_tsc aperfmperf eagerfpu pni pclmulqdq dtes64 monitor ds_cpl vmx est tm2 ssse3 fma cx16 xtpr pdcm pcid sse4_1 sse4_2 x2apic movbe popcnt tsc_deadline_timer aes xsave avx f16c rdrand lahf_lm abm ida arat xsaveopt pln pts dtherm tpr_shadow vnmi flexpriority ept vpid fsgsbase tsc_adjust bmi1 avx2 smep bmi2 erms invpcid
bogomips	: 6385.04
clflush size	: 64
cache_alignment	: 64
address sizes	: 39 bits physical, 48 bits virtual
power management:

processor	: 2
vendor_id	: GenuineIntel
cpu family	: 6
model		: 60
model name	: Intel(R) Core(TM) i5-4460  CPU @ 3.20GHz
stepping	: 3
microcode	: 0x12
cpu MHz		: 3347.500
cache size	: 6144 KB
physical id	: 0
siblings	: 4
core id		: 2
cpu cores	: 4
apicid		: 4
initial apicid	: 4
fpu		: yes
fpu_exception	: yes
cpuid level	: 13
wp		: yes
flags		: fpu vme de pse tsc msr pae mce cx8 apic sep mtrr pge mca cmov pat pse36 clflush dts acpi mmx fxsr sse sse2 ss ht tm pbe syscall nx pdpe1gb rdtscp lm constant_tsc arch_perfmon pebs bts rep_good nopl xtopology nonstop_tsc aperfmperf eagerfpu pni pclmulqdq dtes64 monitor ds_cpl vmx est tm2 ssse3 fma cx16 xtpr pdcm pcid sse4_1 sse4_2 x2apic movbe popcnt tsc_deadline_timer aes xsave avx f16c rdrand lahf_lm abm ida arat xsaveopt pln pts dtherm tpr_shadow vnmi flexpriority ept vpid fsgsbase tsc_adjust bmi1 avx2 smep bmi2 erms invpcid
bogomips	: 6385.04
clflush size	: 64
cache_alignment	: 64
address sizes	: 39 bits physical, 48 bits virtual
power management:

processor	: 3
vendor_id	: GenuineIntel
cpu family	: 6
model		: 60
model name	: Intel(R) Core(TM) i5-4460  CPU @ 3.20GHz
stepping	: 3
microcode	: 0x12
cpu MHz		: 3270.250
cache size	: 6144 KB
physical id	: 0
siblings	: 4
core id		: 3
cpu cores	: 4
apicid		: 6
initial apicid	: 6
fpu		: yes
fpu_exception	: yes
cpuid level	: 13
wp		: yes
flags		: fpu vme de pse tsc msr pae mce cx8 apic sep mtrr pge mca cmov pat pse36 clflush dts acpi mmx fxsr sse sse2 ss ht tm pbe syscall nx pdpe1gb rdtscp lm constant_tsc arch_perfmon pebs bts rep_good nopl xtopology nonstop_tsc aperfmperf eagerfpu pni pclmulqdq dtes64 monitor ds_cpl vmx est tm2 ssse3 fma cx16 xtpr pdcm pcid sse4_1 sse4_2 x2apic movbe popcnt tsc_deadline_timer aes xsave avx f16c rdrand lahf_lm abm ida arat xsaveopt pln pts dtherm tpr_shadow vnmi flexpriority ept vpid fsgsbase tsc_adjust bmi1 avx2 smep bmi2 erms invpcid
bogomips	: 6385.04
clflush size	: 64
cache_alignment	: 64
address sizes	: 39 bits physical, 48 bits virtual
power management:



Memory: 4k page, physical 32847296k(11210956k free), swap 33452028k(33452028k free)

vm_info: Java HotSpot(TM) 64-Bit Server VM (24.75-b04) for linux-amd64 JRE (1.7.0_75-b13), built on Dec 18 2014 16:45:18 by "java_re" with gcc 4.3.0 20080428 (Red Hat 4.3.0-8)

time: Thu Dec 10 11:27:28 2015
elapsed time: 1 seconds

