#
# A fatal error has been detected by the Java Runtime Environment:
#
#  SIGSEGV (0xb) at pc=0x00007f3b9cb95531, pid=23888, tid=139893831325440
#
# JRE version: Java(TM) SE Runtime Environment (7.0_75-b13) (build 1.7.0_75-b13)
# Java VM: Java HotSpot(TM) 64-Bit Server VM (24.75-b04 mixed mode linux-amd64 compressed oops)
# Problematic frame:
# V  [libjvm.so+0x887531]  oopDesc* PSPromotionManager::copy_to_survivor_space<false>(oopDesc*)+0x81
#
# Failed to write core dump. Core dumps have been disabled. To enable core dumping, try "ulimit -c unlimited" before starting Java again
#
# If you would like to submit a bug report, please visit:
#   http://bugreport.sun.com/bugreport/crash.jsp
#

---------------  T H R E A D  ---------------

Current thread (0x00007f3b98026800):  GCTaskThread [stack: 0x00007f3b920f5000,0x00007f3b921f6000] [id=23898]

siginfo:si_signo=SIGSEGV: si_errno=0, si_code=1 (SEGV_MAPERR), si_addr=0x0000000000000000

Registers:
RAX=0x0000000000000000, RBX=0x0000000760d0188c, RCX=0x0000000000000001, RDX=0x0000000000000006
RSP=0x00007f3b921f4a20, RBP=0x00007f3b921f4a90, RSI=0x0000000000000001, RDI=0xfffffffffffffff8
R8 =0x0000000000000001, R9 =0x00007f3b9d14d518, R10=0x00000000ec1a0315, R11=0x00007f3b9d30da30
R12=0x0000000759976650, R13=0x0000000000000000, R14=0x0000000000000000, R15=0x0000000000000003
RIP=0x00007f3b9cb95531, EFLAGS=0x0000000000010246, CSGSFS=0x0000000000000033, ERR=0x0000000000000004
  TRAPNO=0x000000000000000e

Top of Stack: (sp=0x00007f3b921f4a20)
0x00007f3b921f4a20:   00007f3b921f4aa0 00007f3b9d14d518
0x00007f3b921f4a30:   0000000760d00a39 00007f3b98068e60
0x00007f3b921f4a40:   00000006063ce330 0000000760d00a38
0x00007f3b921f4a50:   0000000760d013c5 00007f3b9c8c0cb8
0x00007f3b921f4a60:   0000000605a3b9c8 0000000760d0188c
0x00007f3b921f4a70:   00007f3b98068e60 00007f3b9d131cc0
0x00007f3b921f4a80:   0000000000000000 00007f3b98068ed0
0x00007f3b921f4a90:   00007f3b921f4b80 00007f3b9cb94e00
0x00007f3b921f4aa0:   00007f3b921f4b20 00007f3b921f4b10
0x00007f3b921f4ab0:   00007f3b921f4b20 00007f3b921f4ae0
0x00007f3b921f4ac0:   00007f3b921f4af0 00007f3b921f4b40
0x00007f3b921f4ad0:   0000000000000000 00007f3b98068f00
0x00007f3b921f4ae0:   0000000000000058 00007f3b98068e60
0x00007f3b921f4af0:   0000000000000000 00007f3b9806efe0
0x00007f3b921f4b00:   0000000000000030 00007f3b9806efb0
0x00007f3b921f4b10:   00007f3b921f4be0 00007f3b980647a0
0x00007f3b921f4b20:   00007f3b921f4b40 00007f3b9cb9849d
0x00007f3b921f4b30:   00007f3b98026ed0 000000000000001f
0x00007f3b921f4b40:   0000000760d0188d 00007f3b9c9833fa
0x00007f3b921f4b50:   00007f3b980208e0 00007f3b98028e30
0x00007f3b921f4b60:   00007f3b98068e60 0000000000000001
0x00007f3b921f4b70:   00007f3b98026ed0 00007f3b9cd232f8
0x00007f3b921f4b80:   00007f3b921f4c30 00007f3b9cb989f2
0x00007f3b921f4b90:   00007f3b980208c0 0000000000000000
0x00007f3b921f4ba0:   00007f3b921f4bf0 00007f3b9caefece
0x00007f3b921f4bb0:   00007f3b980208c0 00007f3b98026800
0x00007f3b921f4bc0:   00007f3b9d10ec50 0000000000000000
0x00007f3b921f4bd0:   0000000000000000 00007f3b98068e60
0x00007f3b921f4be0:   00007f3b9d10ea70 00007f3b98028e00
0x00007f3b921f4bf0:   0000000000000000 00007f3b98068e60
0x00007f3b921f4c00:   00007f3b921f4c30 00007f3b98028e30
0x00007f3b921f4c10:   00007f3b98026800 0000000000000001 

Instructions: (pc=0x00007f3b9cb95531)
0x00007f3b9cb95511:   01 0f 85 28 01 00 00 89 f0 c1 f8 03 41 f6 c5 01
0x00007f3b9cb95521:   4c 63 f8 0f 85 37 01 00 00 4c 89 e8 48 83 e0 fd
0x00007f3b9cb95531:   48 8b 00 48 c1 e8 03 89 c2 48 8b 05 d7 32 58 00
0x00007f3b9cb95541:   83 e2 0f 3b 10 0f 8d 30 01 00 00 48 8b 5d a8 4e 

Register to memory mapping:

RAX=0x0000000000000000 is an unknown value
RBX=0x0000000760d0188c is an unknown value
RCX=0x0000000000000001 is an unknown value
RDX=0x0000000000000006 is an unknown value
RSP=0x00007f3b921f4a20 is an unknown value
RBP=0x00007f3b921f4a90 is an unknown value
RSI=0x0000000000000001 is an unknown value
RDI=0xfffffffffffffff8 is an unknown value
R8 =0x0000000000000001 is an unknown value
R9 =0x00007f3b9d14d518: <offset 0xe3f518> in /opt/jdk1.7.0_75/jre/lib/amd64/server/libjvm.so at 0x00007f3b9c30e000
R10=0x00000000ec1a0315 is an unknown value
R11=0x00007f3b9d30da30: <offset 0x187a30> in /lib/x86_64-linux-gnu/libc.so.6 at 0x00007f3b9d186000
R12=0x0000000759976650 is an unknown value
R13=0x0000000000000000 is an unknown value
R14=0x0000000000000000 is an unknown value
R15=0x0000000000000003 is an unknown value


Stack: [0x00007f3b920f5000,0x00007f3b921f6000],  sp=0x00007f3b921f4a20,  free space=1022k
Native frames: (J=compiled Java code, j=interpreted, Vv=VM code, C=native code)
V  [libjvm.so+0x887531]  oopDesc* PSPromotionManager::copy_to_survivor_space<false>(oopDesc*)+0x81
V  [libjvm.so+0x886e00]  PSPromotionManager::drain_stacks_depth(bool)+0x7c0
V  [libjvm.so+0x88a9f2]  ScavengeRootsTask::do_it(GCTaskManager*, unsigned int)+0x92
V  [libjvm.so+0x5572cf]  GCTaskThread::run()+0x12f
V  [libjvm.so+0x820b88]  java_start(Thread*)+0x108


---------------  P R O C E S S  ---------------

Java Threads: ( => current thread )
  0x00007f3b987f7800 JavaThread "Abandoned connection cleanup thread" daemon [_thread_blocked, id=23921, stack(0x00007f3b3f5ac000,0x00007f3b3f6ad000)]
  0x00007f3b9853e000 JavaThread "HashSessionScavenger-0" daemon [_thread_blocked, id=23911, stack(0x00007f3b3f6ad000,0x00007f3b3f7ae000)]
  0x00007f3b983a3800 JavaThread "Eclipse Jetty Console" daemon [_thread_in_native, id=23910, stack(0x00007f3b88014000,0x00007f3b88115000)]
  0x00007f3b98382800 JavaThread "AWT-XAWT" daemon [_thread_in_native, id=23909, stack(0x00007f3b88b16000,0x00007f3b88c17000)]
  0x00007f3b9836d800 JavaThread "Java2D Disposer" daemon [_thread_blocked, id=23908, stack(0x00007f3b89027000,0x00007f3b89128000)]
  0x00007f3b980a1800 JavaThread "Service Thread" daemon [_thread_blocked, id=23905, stack(0x00007f3b8af10000,0x00007f3b8b011000)]
  0x00007f3b9809f800 JavaThread "C2 CompilerThread1" daemon [_thread_blocked, id=23904, stack(0x00007f3b8b011000,0x00007f3b8b112000)]
  0x00007f3b9809c800 JavaThread "C2 CompilerThread0" daemon [_thread_blocked, id=23903, stack(0x00007f3b8b112000,0x00007f3b8b213000)]
  0x00007f3b9809a000 JavaThread "Signal Dispatcher" daemon [_thread_blocked, id=23902, stack(0x00007f3b8b213000,0x00007f3b8b314000)]
  0x00007f3b98071800 JavaThread "Finalizer" daemon [_thread_blocked, id=23901, stack(0x00007f3b8b9fa000,0x00007f3b8bafb000)]
  0x00007f3b9806f800 JavaThread "Reference Handler" daemon [_thread_blocked, id=23900, stack(0x00007f3b8bafb000,0x00007f3b8bbfc000)]
  0x00007f3b9800b000 JavaThread "main" [_thread_blocked, id=23894, stack(0x00007f3b9dc81000,0x00007f3b9dd82000)]

Other Threads:
  0x00007f3b9806b000 VMThread [stack: 0x00007f3b8bbfc000,0x00007f3b8bcfd000] [id=23899]
  0x00007f3b980b4800 WatcherThread [stack: 0x00007f3b8ae0f000,0x00007f3b8af10000] [id=23906]

=>0x00007f3b98026800 (exited) GCTaskThread [stack: 0x00007f3b920f5000,0x00007f3b921f6000] [id=23898]

VM state:at safepoint (normal execution)

VM Mutex/Monitor currently owned by a thread:  ([mutex/lock_event])
[0x00007f3b98007840] Threads_lock - owner thread: 0x00007f3b9806b000
[0x00007f3b98007d40] Heap_lock - owner thread: 0x00007f3b9800b000

Heap
 PSYoungGen      total 150528K, used 129536K [0x0000000758e80000, 0x0000000763600000, 0x0000000800000000)
  eden space 129536K, 100% used [0x0000000758e80000,0x0000000760d00000,0x0000000760d00000)
  from space 20992K, 0% used [0x0000000762180000,0x0000000762180000,0x0000000763600000)
  to   space 20992K, 9% used [0x0000000760d00000,0x0000000760f08020,0x0000000762180000)
 ParOldGen       total 342016K, used 72K [0x000000060ac00000, 0x000000061fa00000, 0x0000000758e80000)
  object space 342016K, 0% used [0x000000060ac00000,0x000000060ac12010,0x000000061fa00000)
 PSPermGen       total 24064K, used 23622K [0x0000000605a00000, 0x0000000607180000, 0x000000060ac00000)
  object space 24064K, 98% used [0x0000000605a00000,0x0000000607111ad0,0x0000000607180000)

Card table byte_map: [0x00007f3b92f94000,0x00007f3b93f68000] byte_map_base: 0x00007f3b8ff67000

Polling page: 0x00007f3b9dda3000

Code Cache  [0x00007f3b93f68000, 0x00007f3b941d8000, 0x00007f3b96f68000)
 total_blobs=766 nmethods=323 adapters=396 free_code_cache=47760Kb largest_free_block=48875072

Compilation events (10 events):
Event: 1.920 Thread 0x00007f3b9809f800  319             java.lang.Class::getName (21 bytes)
Event: 1.920 Thread 0x00007f3b9809f800 nmethod 319 0x00007f3b940a9290 code [0x00007f3b940a93e0, 0x00007f3b940a9488]
Event: 1.928 Thread 0x00007f3b9809c800  320 %           java.lang.Class::searchMethods @ 11 (90 bytes)
Event: 1.931 Thread 0x00007f3b9809f800  321             org.apache.log4j.PatternLayout::format (72 bytes)
Event: 1.938 Thread 0x00007f3b9809f800 nmethod 321 0x00007f3b940aa490 code [0x00007f3b940aa640, 0x00007f3b940ab348]
Event: 1.939 Thread 0x00007f3b9809c800 nmethod 320% 0x00007f3b940c9b90 code [0x00007f3b940c9d60, 0x00007f3b940ca5c8]
Event: 1.954 Thread 0x00007f3b9809f800  322             java.lang.Class::searchMethods (90 bytes)
Event: 1.964 Thread 0x00007f3b9809f800 nmethod 322 0x00007f3b940cab10 code [0x00007f3b940cace0, 0x00007f3b940cb478]
Event: 1.965 Thread 0x00007f3b9809c800  323             java.net.URL::getQuery (5 bytes)
Event: 1.966 Thread 0x00007f3b9809c800 nmethod 323 0x00007f3b940aa050 code [0x00007f3b940aa180, 0x00007f3b940aa1f8]

GC Heap History (1 events):
Event: 1.968 GC heap before
{Heap before GC invocations=1 (full 0):
 PSYoungGen      total 150528K, used 129536K [0x0000000758e80000, 0x0000000763600000, 0x0000000800000000)
  eden space 129536K, 100% used [0x0000000758e80000,0x0000000760d00000,0x0000000760d00000)
  from space 20992K, 0% used [0x0000000762180000,0x0000000762180000,0x0000000763600000)
  to   space 20992K, 0% used [0x0000000760d00000,0x0000000760d00000,0x0000000762180000)
 ParOldGen       total 342016K, used 0K [0x000000060ac00000, 0x000000061fa00000, 0x0000000758e80000)
  object space 342016K, 0% used [0x000000060ac00000,0x000000060ac00000,0x000000061fa00000)
 PSPermGen       total 24064K, used 23622K [0x0000000605a00000, 0x0000000607180000, 0x000000060ac00000)
  object space 24064K, 98% used [0x0000000605a00000,0x0000000607111ad0,0x0000000607180000)

Deoptimization events (10 events):
Event: 1.257 Thread 0x00007f3b9800b000 Uncommon trap: reason=bimorphic action=maybe_recompile pc=0x00007f3b9405eda4 method=com.sun.org.apache.xerces.internal.impl.XMLDocumentFragmentScannerImpl.scanDocument(Z)Z @ 103
Event: 1.271 Thread 0x00007f3b9800b000 Uncommon trap: reason=bimorphic action=maybe_recompile pc=0x00007f3b9405eda4 method=com.sun.org.apache.xerces.internal.impl.XMLDocumentFragmentScannerImpl.scanDocument(Z)Z @ 103
Event: 1.285 Thread 0x00007f3b9800b000 Uncommon trap: reason=class_check action=maybe_recompile pc=0x00007f3b9405d1e4 method=com.sun.org.apache.xerces.internal.impl.XMLDocumentFragmentScannerImpl.scanDocument(Z)Z @ 147
Event: 1.290 Thread 0x00007f3b9800b000 Uncommon trap: reason=unreached action=reinterpret pc=0x00007f3b9402f508 method=com.sun.org.apache.xerces.internal.dom.ParentNode.nodeListItem(I)Lorg/w3c/dom/Node; @ 167
Event: 1.502 Thread 0x00007f3b9800b000 Uncommon trap: reason=unreached action=reinterpret pc=0x00007f3b94090730 method=java.lang.Class.searchMethods([Ljava/lang/reflect/Method;Ljava/lang/String;[Ljava/lang/Class;)Ljava/lang/reflect/Method; @ 47
Event: 1.523 Thread 0x00007f3b9800b000 Uncommon trap: reason=unreached action=reinterpret pc=0x00007f3b94027a34 method=java.lang.AbstractStringBuilder.append(Ljava/lang/String;)Ljava/lang/AbstractStringBuilder; @ 1
Event: 1.561 Thread 0x00007f3b9800b000 Uncommon trap: reason=class_check action=maybe_recompile pc=0x00007f3b93fe8e40 method=java.lang.String.equals(Ljava/lang/Object;)Z @ 8
Event: 1.561 Thread 0x00007f3b9800b000 Uncommon trap: reason=class_check action=maybe_recompile pc=0x00007f3b93fe8e40 method=java.lang.String.equals(Ljava/lang/Object;)Z @ 8
Event: 1.875 Thread 0x00007f3b9800b000 Uncommon trap: reason=class_check action=maybe_recompile pc=0x00007f3b93fe8e40 method=java.lang.String.equals(Ljava/lang/Object;)Z @ 8
Event: 1.875 Thread 0x00007f3b9800b000 Uncommon trap: reason=class_check action=maybe_recompile pc=0x00007f3b93fe8e40 method=java.lang.String.equals(Ljava/lang/Object;)Z @ 8

Internal exceptions (10 events):
Event: 1.967 Thread 0x00007f3b9800b000 Threw 0x0000000760cd31b0 at /HUDSON/workspace/7u-2-build-linux-amd64/jdk7u75/1940/hotspot/src/share/vm/prims/jvm.cpp:1281
Event: 1.967 Thread 0x00007f3b9800b000 Threw 0x0000000760cd9538 at /HUDSON/workspace/7u-2-build-linux-amd64/jdk7u75/1940/hotspot/src/share/vm/prims/jvm.cpp:1281
Event: 1.967 Thread 0x00007f3b9800b000 Threw 0x0000000760cd9e10 at /HUDSON/workspace/7u-2-build-linux-amd64/jdk7u75/1940/hotspot/src/share/vm/prims/jvm.cpp:1281
Event: 1.967 Thread 0x00007f3b9800b000 Threw 0x0000000760cdcf18 at /HUDSON/workspace/7u-2-build-linux-amd64/jdk7u75/1940/hotspot/src/share/vm/prims/jvm.cpp:1281
Event: 1.967 Thread 0x00007f3b9800b000 Threw 0x0000000760ce3ac8 at /HUDSON/workspace/7u-2-build-linux-amd64/jdk7u75/1940/hotspot/src/share/vm/prims/jvm.cpp:1281
Event: 1.967 Thread 0x00007f3b9800b000 Threw 0x0000000760ce43b8 at /HUDSON/workspace/7u-2-build-linux-amd64/jdk7u75/1940/hotspot/src/share/vm/prims/jvm.cpp:1281
Event: 1.967 Thread 0x00007f3b9800b000 Threw 0x0000000760ce7598 at /HUDSON/workspace/7u-2-build-linux-amd64/jdk7u75/1940/hotspot/src/share/vm/prims/jvm.cpp:1281
Event: 1.967 Thread 0x00007f3b9800b000 Threw 0x0000000760ced920 at /HUDSON/workspace/7u-2-build-linux-amd64/jdk7u75/1940/hotspot/src/share/vm/prims/jvm.cpp:1281
Event: 1.967 Thread 0x00007f3b9800b000 Threw 0x0000000760cee1f8 at /HUDSON/workspace/7u-2-build-linux-amd64/jdk7u75/1940/hotspot/src/share/vm/prims/jvm.cpp:1281
Event: 1.967 Thread 0x00007f3b9800b000 Threw 0x0000000760cf1300 at /HUDSON/workspace/7u-2-build-linux-amd64/jdk7u75/1940/hotspot/src/share/vm/prims/jvm.cpp:1281

Events (10 events):
Event: 1.967 loading class 0x00007f3b98907710 done
Event: 1.967 loading class 0x00007f3b98908470
Event: 1.967 loading class 0x00007f3b98908470 done
Event: 1.967 loading class 0x00007f3b98907710
Event: 1.967 loading class 0x00007f3b98907710 done
Event: 1.967 loading class 0x00007f3b98908470
Event: 1.967 loading class 0x00007f3b98908470 done
Event: 1.968 loading class 0x00007f3b98b38c80
Event: 1.968 loading class 0x00007f3b98b38c80 done
Event: 1.968 Executing VM operation: ParallelGCFailedAllocation


Dynamic libraries:
00400000-00401000 r-xp 00000000 08:01 67635064                           /opt/jdk1.7.0_75/bin/java
00600000-00601000 rw-p 00000000 08:01 67635064                           /opt/jdk1.7.0_75/bin/java
01d53000-01d74000 rw-p 00000000 00:00 0                                  [heap]
605a00000-607180000 rw-p 00000000 00:00 0 
607180000-60ac00000 rw-p 00000000 00:00 0 
60ac00000-61fa00000 rw-p 00000000 00:00 0 
61fa00000-758e80000 rw-p 00000000 00:00 0 
758e80000-763600000 rw-p 00000000 00:00 0 
763600000-800000000 rw-p 00000000 00:00 0 
7f3b30000000-7f3b30021000 rw-p 00000000 00:00 0 
7f3b30021000-7f3b34000000 ---p 00000000 00:00 0 
7f3b34000000-7f3b34021000 rw-p 00000000 00:00 0 
7f3b34021000-7f3b38000000 ---p 00000000 00:00 0 
7f3b38000000-7f3b38021000 rw-p 00000000 00:00 0 
7f3b38021000-7f3b3c000000 ---p 00000000 00:00 0 
7f3b3f5ac000-7f3b3f5af000 ---p 00000000 00:00 0 
7f3b3f5af000-7f3b3f6ad000 rw-p 00000000 00:00 0                          [stack:23921]
7f3b3f6ad000-7f3b3f6b0000 ---p 00000000 00:00 0 
7f3b3f6b0000-7f3b3f7ae000 rw-p 00000000 00:00 0                          [stack:23911]
7f3b3f7ae000-7f3b3f7b5000 r-xp 00000000 08:01 33300557                   /usr/lib/x86_64-linux-gnu/libogg.so.0.8.1
7f3b3f7b5000-7f3b3f9b5000 ---p 00007000 08:01 33300557                   /usr/lib/x86_64-linux-gnu/libogg.so.0.8.1
7f3b3f9b5000-7f3b3f9b6000 r--p 00007000 08:01 33300557                   /usr/lib/x86_64-linux-gnu/libogg.so.0.8.1
7f3b3f9b6000-7f3b3f9b7000 rw-p 00008000 08:01 33300557                   /usr/lib/x86_64-linux-gnu/libogg.so.0.8.1
7f3b3f9b7000-7f3b3f9e3000 r-xp 00000000 08:01 33300833                   /usr/lib/x86_64-linux-gnu/libvorbis.so.0.4.5
7f3b3f9e3000-7f3b3fbe2000 ---p 0002c000 08:01 33300833                   /usr/lib/x86_64-linux-gnu/libvorbis.so.0.4.5
7f3b3fbe2000-7f3b3fbe3000 r--p 0002b000 08:01 33300833                   /usr/lib/x86_64-linux-gnu/libvorbis.so.0.4.5
7f3b3fbe3000-7f3b3fbe4000 rw-p 0002c000 08:01 33300833                   /usr/lib/x86_64-linux-gnu/libvorbis.so.0.4.5
7f3b3fbe4000-7f3b3fbed000 r-xp 00000000 08:01 33300463                   /usr/lib/x86_64-linux-gnu/libltdl.so.7.3.0
7f3b3fbed000-7f3b3fdec000 ---p 00009000 08:01 33300463                   /usr/lib/x86_64-linux-gnu/libltdl.so.7.3.0
7f3b3fdec000-7f3b3fded000 r--p 00008000 08:01 33300463                   /usr/lib/x86_64-linux-gnu/libltdl.so.7.3.0
7f3b3fded000-7f3b3fdee000 rw-p 00009000 08:01 33300463                   /usr/lib/x86_64-linux-gnu/libltdl.so.7.3.0
7f3b3fdee000-7f3b3fdff000 r-xp 00000000 08:01 33300752                   /usr/lib/x86_64-linux-gnu/libtdb.so.1.2.12
7f3b3fdff000-7f3b3fffe000 ---p 00011000 08:01 33300752                   /usr/lib/x86_64-linux-gnu/libtdb.so.1.2.12
7f3b3fffe000-7f3b3ffff000 r--p 00010000 08:01 33300752                   /usr/lib/x86_64-linux-gnu/libtdb.so.1.2.12
7f3b3ffff000-7f3b40000000 rw-p 00011000 08:01 33300752                   /usr/lib/x86_64-linux-gnu/libtdb.so.1.2.12
7f3b40000000-7f3b40021000 rw-p 00000000 00:00 0 
7f3b40021000-7f3b44000000 ---p 00000000 00:00 0 
7f3b44000000-7f3b44021000 rw-p 00000000 00:00 0 
7f3b44021000-7f3b48000000 ---p 00000000 00:00 0 
7f3b48000000-7f3b48021000 rw-p 00000000 00:00 0 
7f3b48021000-7f3b4c000000 ---p 00000000 00:00 0 
7f3b4c000000-7f3b4c021000 rw-p 00000000 00:00 0 
7f3b4c021000-7f3b50000000 ---p 00000000 00:00 0 
7f3b50000000-7f3b508a0000 rw-p 00000000 00:00 0 
7f3b508a0000-7f3b54000000 ---p 00000000 00:00 0 
7f3b54000000-7f3b54ea2000 rw-p 00000000 00:00 0 
7f3b54ea2000-7f3b58000000 ---p 00000000 00:00 0 
7f3b58000000-7f3b58021000 rw-p 00000000 00:00 0 
7f3b58021000-7f3b5c000000 ---p 00000000 00:00 0 
7f3b5c000000-7f3b5c021000 rw-p 00000000 00:00 0 
7f3b5c021000-7f3b60000000 ---p 00000000 00:00 0 
7f3b60000000-7f3b60021000 rw-p 00000000 00:00 0 
7f3b60021000-7f3b64000000 ---p 00000000 00:00 0 
7f3b640c8000-7f3b640cf000 r-xp 00000000 08:01 33300837                   /usr/lib/x86_64-linux-gnu/libvorbisfile.so.3.3.4
7f3b640cf000-7f3b642ce000 ---p 00007000 08:01 33300837                   /usr/lib/x86_64-linux-gnu/libvorbisfile.so.3.3.4
7f3b642ce000-7f3b642cf000 r--p 00006000 08:01 33300837                   /usr/lib/x86_64-linux-gnu/libvorbisfile.so.3.3.4
7f3b642cf000-7f3b642d0000 rw-p 00007000 08:01 33300837                   /usr/lib/x86_64-linux-gnu/libvorbisfile.so.3.3.4
7f3b642d0000-7f3b74000000 rw-p 00000000 00:00 0 
7f3b74000000-7f3b74021000 rw-p 00000000 00:00 0 
7f3b74021000-7f3b78000000 ---p 00000000 00:00 0 
7f3b78000000-7f3b78021000 rw-p 00000000 00:00 0 
7f3b78021000-7f3b7c000000 ---p 00000000 00:00 0 
7f3b7c000000-7f3b7c021000 rw-p 00000000 00:00 0 
7f3b7c021000-7f3b80000000 ---p 00000000 00:00 0 
7f3b80032000-7f3b8003e000 r--s 00090000 08:01 50988193                   /home/upsmart/.m2/repository/org/springframework/spring-webmvc/3.2.11.RELEASE/spring-webmvc-3.2.11.RELEASE.jar
7f3b8003e000-7f3b8004d000 r--s 0008c000 08:01 50988214                   /home/upsmart/.m2/repository/org/springframework/spring-web/3.2.11.RELEASE/spring-web-3.2.11.RELEASE.jar
7f3b8004d000-7f3b80055000 r--s 00034000 08:01 50988505                   /home/upsmart/.m2/repository/org/springframework/spring-tx/3.2.11.RELEASE/spring-tx-3.2.11.RELEASE.jar
7f3b80055000-7f3b80057000 r--s 00011000 08:01 50988357                   /home/upsmart/.m2/repository/org/springframework/spring-oxm/3.2.11.RELEASE/spring-oxm-3.2.11.RELEASE.jar
7f3b80057000-7f3b80060000 r--s 00056000 08:01 50988476                   /home/upsmart/.m2/repository/org/springframework/spring-orm/3.2.11.RELEASE/spring-orm-3.2.11.RELEASE.jar
7f3b80060000-7f3b8006a000 r--s 0005a000 08:01 50988315                   /home/upsmart/.m2/repository/org/springframework/spring-jdbc/3.2.11.RELEASE/spring-jdbc-3.2.11.RELEASE.jar
7f3b8006a000-7f3b8006e000 r--s 0002c000 08:01 50988283                   /home/upsmart/.m2/repository/org/springframework/spring-expression/3.2.11.RELEASE/spring-expression-3.2.11.RELEASE.jar
7f3b8006e000-7f3b80081000 r--s 000c6000 08:01 50988329                   /home/upsmart/.m2/repository/org/springframework/spring-core/3.2.11.RELEASE/spring-core-3.2.11.RELEASE.jar
7f3b80081000-7f3b80096000 r--s 000bf000 08:01 50988227                   /home/upsmart/.m2/repository/org/springframework/spring-context/3.2.11.RELEASE/spring-context-3.2.11.RELEASE.jar
7f3b80096000-7f3b8009a000 r--s 0001c000 08:01 50988466                   /home/upsmart/.m2/repository/org/springframework/spring-context-support/3.2.11.RELEASE/spring-context-support-3.2.11.RELEASE.jar
7f3b8009a000-7f3b800a6000 r--s 0008a000 08:01 50988527                   /home/upsmart/.m2/repository/org/springframework/spring-beans/3.2.11.RELEASE/spring-beans-3.2.11.RELEASE.jar
7f3b800a6000-7f3b800af000 r--s 0004a000 08:01 50988256                   /home/upsmart/.m2/repository/org/springframework/spring-aop/3.2.11.RELEASE/spring-aop-3.2.11.RELEASE.jar
7f3b800af000-7f3b800b3000 r--s 00020000 08:01 50988408                   /home/upsmart/.m2/repository/org/springframework/data/spring-data-jpa/1.3.2.RELEASE/spring-data-jpa-1.3.2.RELEASE.jar
7f3b800b3000-7f3b800bc000 r--s 00046000 08:01 50988391                   /home/upsmart/.m2/repository/org/springframework/data/spring-data-commons/1.5.1.RELEASE/spring-data-commons-1.5.1.RELEASE.jar
7f3b800bc000-7f3b800be000 r--s 00001000 08:01 51118662                   /home/upsmart/.m2/repository/org/slf4j/slf4j-log4j12/1.7.2/slf4j-log4j12-1.7.2.jar
7f3b800be000-7f3b800c0000 r--s 00005000 08:01 51118682                   /home/upsmart/.m2/repository/org/slf4j/slf4j-api/1.7.2/slf4j-api-1.7.2.jar
7f3b800c0000-7f3b800c2000 r--s 00003000 08:01 51118655                   /home/upsmart/.m2/repository/org/slf4j/jcl-over-slf4j/1.7.1/jcl-over-slf4j-1.7.1.jar
7f3b800c2000-7f3b800c4000 r--s 0000d000 08:01 50988610                   /home/upsmart/.m2/repository/org/jboss/logging/jboss-logging/3.1.0.GA/jboss-logging-3.1.0.GA.jar
7f3b800c4000-7f3b800cd000 r--s 00096000 08:01 50988555                   /home/upsmart/.m2/repository/org/javassist/javassist/3.15.0-GA/javassist-3.15.0-GA.jar
7f3b800cd000-7f3b8011a000 r--s 003f5000 08:01 51118624                   /home/upsmart/.m2/repository/org/hibernate/hibernate-core/4.1.7.Final/hibernate-core-4.1.7.Final.jar
7f3b8011a000-7f3b80174000 r-xp 00000000 08:01 33294300                   /usr/lib/x86_64-linux-gnu/libORBit-2.so.0.1.0
7f3b80174000-7f3b80374000 ---p 0005a000 08:01 33294300                   /usr/lib/x86_64-linux-gnu/libORBit-2.so.0.1.0
7f3b80374000-7f3b80383000 r--p 0005a000 08:01 33294300                   /usr/lib/x86_64-linux-gnu/libORBit-2.so.0.1.0
7f3b80383000-7f3b80386000 rw-p 00069000 08:01 33294300                   /usr/lib/x86_64-linux-gnu/libORBit-2.so.0.1.0
7f3b80386000-7f3b8038b000 r-xp 00000000 08:01 33294301                   /usr/lib/x86_64-linux-gnu/libORBitCosNaming-2.so.0.1.0
7f3b8038b000-7f3b8058b000 ---p 00005000 08:01 33294301                   /usr/lib/x86_64-linux-gnu/libORBitCosNaming-2.so.0.1.0
7f3b8058b000-7f3b8058c000 r--p 00005000 08:01 33294301                   /usr/lib/x86_64-linux-gnu/libORBitCosNaming-2.so.0.1.0
7f3b8058c000-7f3b8058d000 rw-p 00006000 08:01 33294301                   /usr/lib/x86_64-linux-gnu/libORBitCosNaming-2.so.0.1.0
7f3b8058d000-7f3b80598000 r-xp 00000000 08:01 72355867                   /lib/x86_64-linux-gnu/libpopt.so.0.0.0
7f3b80598000-7f3b80797000 ---p 0000b000 08:01 72355867                   /lib/x86_64-linux-gnu/libpopt.so.0.0.0
7f3b80797000-7f3b80798000 r--p 0000a000 08:01 72355867                   /lib/x86_64-linux-gnu/libpopt.so.0.0.0
7f3b80798000-7f3b80799000 rw-p 0000b000 08:01 72355867                   /lib/x86_64-linux-gnu/libpopt.so.0.0.0
7f3b80799000-7f3b807a8000 r-xp 00000000 08:01 33299977                   /usr/lib/x86_64-linux-gnu/libcanberra.so.0.2.5
7f3b807a8000-7f3b809a7000 ---p 0000f000 08:01 33299977                   /usr/lib/x86_64-linux-gnu/libcanberra.so.0.2.5
7f3b809a7000-7f3b809a8000 r--p 0000e000 08:01 33299977                   /usr/lib/x86_64-linux-gnu/libcanberra.so.0.2.5
7f3b809a8000-7f3b809a9000 rw-p 0000f000 08:01 33299977                   /usr/lib/x86_64-linux-gnu/libcanberra.so.0.2.5
7f3b809a9000-7f3b809aa000 r-xp 00000000 08:01 33300356                   /usr/lib/x86_64-linux-gnu/libgthread-2.0.so.0.4002.0
7f3b809aa000-7f3b80ba9000 ---p 00001000 08:01 33300356                   /usr/lib/x86_64-linux-gnu/libgthread-2.0.so.0.4002.0
7f3b80ba9000-7f3b80baa000 r--p 00000000 08:01 33300356                   /usr/lib/x86_64-linux-gnu/libgthread-2.0.so.0.4002.0
7f3b80baa000-7f3b80bab000 rw-p 00001000 08:01 33300356                   /usr/lib/x86_64-linux-gnu/libgthread-2.0.so.0.4002.0
7f3b80bab000-7f3b80bc1000 r-xp 00000000 08:01 33294306                   /usr/lib/x86_64-linux-gnu/libbonobo-activation.so.4.0.0
7f3b80bc1000-7f3b80dc1000 ---p 00016000 08:01 33294306                   /usr/lib/x86_64-linux-gnu/libbonobo-activation.so.4.0.0
7f3b80dc1000-7f3b80dc3000 r--p 00016000 08:01 33294306                   /usr/lib/x86_64-linux-gnu/libbonobo-activation.so.4.0.0
7f3b80dc3000-7f3b80dc5000 rw-p 00018000 08:01 33294306                   /usr/lib/x86_64-linux-gnu/libbonobo-activation.so.4.0.0
7f3b80dc5000-7f3b80e25000 r-xp 00000000 08:01 33294307                   /usr/lib/x86_64-linux-gnu/libbonobo-2.so.0.0.0
7f3b80e25000-7f3b81025000 ---p 00060000 08:01 33294307                   /usr/lib/x86_64-linux-gnu/libbonobo-2.so.0.0.0
7f3b81025000-7f3b8102a000 r--p 00060000 08:01 33294307                   /usr/lib/x86_64-linux-gnu/libbonobo-2.so.0.0.0
7f3b8102a000-7f3b81035000 rw-p 00065000 08:01 33294307                   /usr/lib/x86_64-linux-gnu/libbonobo-2.so.0.0.0
7f3b81035000-7f3b8104a000 r-xp 00000000 08:01 33294313                   /usr/lib/x86_64-linux-gnu/libgnome-2.so.0.3200.1
7f3b8104a000-7f3b8124a000 ---p 00015000 08:01 33294313                   /usr/lib/x86_64-linux-gnu/libgnome-2.so.0.3200.1
7f3b8124a000-7f3b8124b000 r--p 00015000 08:01 33294313                   /usr/lib/x86_64-linux-gnu/libgnome-2.so.0.3200.1
7f3b8124b000-7f3b8124c000 rw-p 00016000 08:01 33294313                   /usr/lib/x86_64-linux-gnu/libgnome-2.so.0.3200.1
7f3b8124c000-7f3b81250000 r-xp 00000000 08:01 72355783                   /lib/x86_64-linux-gnu/libgpg-error.so.0.10.0
7f3b81250000-7f3b8144f000 ---p 00004000 08:01 72355783                   /lib/x86_64-linux-gnu/libgpg-error.so.0.10.0
7f3b8144f000-7f3b81450000 r--p 00003000 08:01 72355783                   /lib/x86_64-linux-gnu/libgpg-error.so.0.10.0
7f3b81450000-7f3b81451000 rw-p 00004000 08:01 72355783                   /lib/x86_64-linux-gnu/libgpg-error.so.0.10.0
7f3b81451000-7f3b81471000 r-xp 00000000 08:01 72355880                   /lib/x86_64-linux-gnu/libselinux.so.1
7f3b81471000-7f3b81670000 ---p 00020000 08:01 72355880                   /lib/x86_64-linux-gnu/libselinux.so.1
7f3b81670000-7f3b81671000 r--p 0001f000 08:01 72355880                   /lib/x86_64-linux-gnu/libselinux.so.1
7f3b81671000-7f3b81672000 rw-p 00020000 08:01 72355880                   /lib/x86_64-linux-gnu/libselinux.so.1
7f3b81672000-7f3b81674000 rw-p 00000000 00:00 0 
7f3b81674000-7f3b816b1000 r-xp 00000000 08:01 72355683                   /lib/x86_64-linux-gnu/libpcre.so.3.13.1
7f3b816b1000-7f3b818b0000 ---p 0003d000 08:01 72355683                   /lib/x86_64-linux-gnu/libpcre.so.3.13.1
7f3b818b0000-7f3b818b1000 r--p 0003c000 08:01 72355683                   /lib/x86_64-linux-gnu/libpcre.so.3.13.1
7f3b818b1000-7f3b818b2000 rw-p 0003d000 08:01 72355683                   /lib/x86_64-linux-gnu/libpcre.so.3.13.1
7f3b818b2000-7f3b818ed000 r-xp 00000000 08:01 33300565                   /usr/lib/x86_64-linux-gnu/libp11-kit.so.0.0.0
7f3b818ed000-7f3b81aec000 ---p 0003b000 08:01 33300565                   /usr/lib/x86_64-linux-gnu/libp11-kit.so.0.0.0
7f3b81aec000-7f3b81af2000 r--p 0003a000 08:01 33300565                   /usr/lib/x86_64-linux-gnu/libp11-kit.so.0.0.0
7f3b81af2000-7f3b81af4000 rw-p 00040000 08:01 33300565                   /usr/lib/x86_64-linux-gnu/libp11-kit.so.0.0.0
7f3b81af4000-7f3b81b06000 r-xp 00000000 08:01 33294480                   /usr/lib/x86_64-linux-gnu/libtasn1.so.6.2.0
7f3b81b06000-7f3b81d06000 ---p 00012000 08:01 33294480                   /usr/lib/x86_64-linux-gnu/libtasn1.so.6.2.0
7f3b81d06000-7f3b81d07000 r--p 00012000 08:01 33294480                   /usr/lib/x86_64-linux-gnu/libtasn1.so.6.2.0
7f3b81d07000-7f3b81d08000 rw-p 00013000 08:01 33294480                   /usr/lib/x86_64-linux-gnu/libtasn1.so.6.2.0
7f3b81d08000-7f3b81d84000 r-xp 00000000 08:01 72356063                   /lib/x86_64-linux-gnu/libgcrypt.so.11.8.2
7f3b81d84000-7f3b81f84000 ---p 0007c000 08:01 72356063                   /lib/x86_64-linux-gnu/libgcrypt.so.11.8.2
7f3b81f84000-7f3b81f85000 r--p 0007c000 08:01 72356063                   /lib/x86_64-linux-gnu/libgcrypt.so.11.8.2
7f3b81f85000-7f3b81f88000 rw-p 0007d000 08:01 72356063                   /lib/x86_64-linux-gnu/libgcrypt.so.11.8.2
7f3b81f88000-7f3b81f8f000 r-xp 00000000 08:01 33300120                   /usr/lib/x86_64-linux-gnu/libffi.so.6.0.1
7f3b81f8f000-7f3b8218e000 ---p 00007000 08:01 33300120                   /usr/lib/x86_64-linux-gnu/libffi.so.6.0.1
7f3b8218e000-7f3b8218f000 r--p 00006000 08:01 33300120                   /usr/lib/x86_64-linux-gnu/libffi.so.6.0.1
7f3b8218f000-7f3b82190000 rw-p 00007000 08:01 33300120                   /usr/lib/x86_64-linux-gnu/libffi.so.6.0.1
7f3b82190000-7f3b822fc000 r-xp 00000000 08:01 33300221                   /usr/lib/x86_64-linux-gnu/libgio-2.0.so.0.4002.0
7f3b822fc000-7f3b824fb000 ---p 0016c000 08:01 33300221                   /usr/lib/x86_64-linux-gnu/libgio-2.0.so.0.4002.0
7f3b824fb000-7f3b824ff000 r--p 0016b000 08:01 33300221                   /usr/lib/x86_64-linux-gnu/libgio-2.0.so.0.4002.0
7f3b824ff000-7f3b82501000 rw-p 0016f000 08:01 33300221                   /usr/lib/x86_64-linux-gnu/libgio-2.0.so.0.4002.0
7f3b82501000-7f3b82503000 rw-p 00000000 00:00 0 
7f3b82503000-7f3b82524000 r-xp 00000000 08:01 72355797                   /lib/x86_64-linux-gnu/liblzma.so.5.0.0
7f3b82524000-7f3b82723000 ---p 00021000 08:01 72355797                   /lib/x86_64-linux-gnu/liblzma.so.5.0.0
7f3b82723000-7f3b82724000 r--p 00020000 08:01 72355797                   /lib/x86_64-linux-gnu/liblzma.so.5.0.0
7f3b82724000-7f3b82725000 rw-p 00021000 08:01 72355797                   /lib/x86_64-linux-gnu/liblzma.so.5.0.0
7f3b82725000-7f3b8273d000 r-xp 00000000 08:01 72355913                   /lib/x86_64-linux-gnu/libz.so.1.2.8
7f3b8273d000-7f3b8293c000 ---p 00018000 08:01 72355913                   /lib/x86_64-linux-gnu/libz.so.1.2.8
7f3b8293c000-7f3b8293d000 r--p 00017000 08:01 72355913                   /lib/x86_64-linux-gnu/libz.so.1.2.8
7f3b8293d000-7f3b8293e000 rw-p 00018000 08:01 72355913                   /lib/x86_64-linux-gnu/libz.so.1.2.8
7f3b8293e000-7f3b82940000 r-xp 00000000 08:01 72351834                   /lib/x86_64-linux-gnu/libutil-2.19.so
7f3b82940000-7f3b82b3f000 ---p 00002000 08:01 72351834                   /lib/x86_64-linux-gnu/libutil-2.19.so
7f3b82b3f000-7f3b82b40000 r--p 00001000 08:01 72351834                   /lib/x86_64-linux-gnu/libutil-2.19.so
7f3b82b40000-7f3b82b41000 rw-p 00002000 08:01 72351834                   /lib/x86_64-linux-gnu/libutil-2.19.so
7f3b82b41000-7f3b82b58000 r-xp 00000000 08:01 72351749                   /lib/x86_64-linux-gnu/libresolv-2.19.so
7f3b82b58000-7f3b82d58000 ---p 00017000 08:01 72351749                   /lib/x86_64-linux-gnu/libresolv-2.19.so
7f3b82d58000-7f3b82d59000 r--p 00017000 08:01 72351749                   /lib/x86_64-linux-gnu/libresolv-2.19.so
7f3b82d59000-7f3b82d5a000 rw-p 00018000 08:01 72351749                   /lib/x86_64-linux-gnu/libresolv-2.19.so
7f3b82d5a000-7f3b82d5c000 rw-p 00000000 00:00 0 
7f3b82d5c000-7f3b82d6b000 r-xp 00000000 08:01 33299942                   /usr/lib/x86_64-linux-gnu/libavahi-client.so.3.2.9
7f3b82d6b000-7f3b82f6b000 ---p 0000f000 08:01 33299942                   /usr/lib/x86_64-linux-gnu/libavahi-client.so.3.2.9
7f3b82f6b000-7f3b82f6c000 r--p 0000f000 08:01 33299942                   /usr/lib/x86_64-linux-gnu/libavahi-client.so.3.2.9
7f3b82f6c000-7f3b82f6d000 rw-p 00010000 08:01 33299942                   /usr/lib/x86_64-linux-gnu/libavahi-client.so.3.2.9
7f3b82f6d000-7f3b82f78000 r-xp 00000000 08:01 33299944                   /usr/lib/x86_64-linux-gnu/libavahi-common.so.3.5.3
7f3b82f78000-7f3b83177000 ---p 0000b000 08:01 33299944                   /usr/lib/x86_64-linux-gnu/libavahi-common.so.3.5.3
7f3b83177000-7f3b83178000 r--p 0000a000 08:01 33299944                   /usr/lib/x86_64-linux-gnu/libavahi-common.so.3.5.3
7f3b83178000-7f3b83179000 rw-p 0000b000 08:01 33299944                   /usr/lib/x86_64-linux-gnu/libavahi-common.so.3.5.3
7f3b83179000-7f3b8327f000 r-xp 00000000 08:01 72355781                   /lib/x86_64-linux-gnu/libglib-2.0.so.0.4002.0
7f3b8327f000-7f3b8347e000 ---p 00106000 08:01 72355781                   /lib/x86_64-linux-gnu/libglib-2.0.so.0.4002.0
7f3b8347e000-7f3b8347f000 r--p 00105000 08:01 72355781                   /lib/x86_64-linux-gnu/libglib-2.0.so.0.4002.0
7f3b8347f000-7f3b83480000 rw-p 00106000 08:01 72355781                   /lib/x86_64-linux-gnu/libglib-2.0.so.0.4002.0
7f3b83480000-7f3b83481000 rw-p 00000000 00:00 0 
7f3b83481000-7f3b83484000 r-xp 00000000 08:01 33299948                   /usr/lib/x86_64-linux-gnu/libavahi-glib.so.1.0.2
7f3b83484000-7f3b83683000 ---p 00003000 08:01 33299948                   /usr/lib/x86_64-linux-gnu/libavahi-glib.so.1.0.2
7f3b83683000-7f3b83684000 r--p 00002000 08:01 33299948                   /usr/lib/x86_64-linux-gnu/libavahi-glib.so.1.0.2
7f3b83684000-7f3b83685000 rw-p 00003000 08:01 33299948                   /usr/lib/x86_64-linux-gnu/libavahi-glib.so.1.0.2
7f3b83685000-7f3b8373b000 r-xp 00000000 08:01 33294471                   /usr/lib/x86_64-linux-gnu/libgnutls.so.26.22.6
7f3b8373b000-7f3b8393b000 ---p 000b6000 08:01 33294471                   /usr/lib/x86_64-linux-gnu/libgnutls.so.26.22.6
7f3b8393b000-7f3b83941000 r--p 000b6000 08:01 33294471                   /usr/lib/x86_64-linux-gnu/libgnutls.so.26.22.6
7f3b83941000-7f3b83942000 rw-p 000bc000 08:01 33294471                   /usr/lib/x86_64-linux-gnu/libgnutls.so.26.22.6
7f3b83942000-7f3b83943000 rw-p 00000000 00:00 0 
7f3b83943000-7f3b83992000 r-xp 00000000 08:01 33300249                   /usr/lib/x86_64-linux-gnu/libgobject-2.0.so.0.4002.0
7f3b83992000-7f3b83b92000 ---p 0004f000 08:01 33300249                   /usr/lib/x86_64-linux-gnu/libgobject-2.0.so.0.4002.0
7f3b83b92000-7f3b83b93000 r--p 0004f000 08:01 33300249                   /usr/lib/x86_64-linux-gnu/libgobject-2.0.so.0.4002.0
7f3b83b93000-7f3b83b94000 rw-p 00050000 08:01 33300249                   /usr/lib/x86_64-linux-gnu/libgobject-2.0.so.0.4002.0
7f3b83b94000-7f3b83bd8000 r-xp 00000000 08:01 72355764                   /lib/x86_64-linux-gnu/libdbus-1.so.3.7.6
7f3b83bd8000-7f3b83dd7000 ---p 00044000 08:01 72355764                   /lib/x86_64-linux-gnu/libdbus-1.so.3.7.6
7f3b83dd7000-7f3b83dd8000 r--p 00043000 08:01 72355764                   /lib/x86_64-linux-gnu/libdbus-1.so.3.7.6
7f3b83dd8000-7f3b83dd9000 rw-p 00044000 08:01 72355764                   /lib/x86_64-linux-gnu/libdbus-1.so.3.7.6
7f3b83dd9000-7f3b83dfe000 r-xp 00000000 08:01 33300044                   /usr/lib/x86_64-linux-gnu/libdbus-glib-1.so.2.2.2
7f3b83dfe000-7f3b83ffe000 ---p 00025000 08:01 33300044                   /usr/lib/x86_64-linux-gnu/libdbus-glib-1.so.2.2.2
7f3b83ffe000-7f3b83fff000 r--p 00025000 08:01 33300044                   /usr/lib/x86_64-linux-gnu/libdbus-glib-1.so.2.2.2
7f3b83fff000-7f3b84000000 rw-p 00026000 08:01 33300044                   /usr/lib/x86_64-linux-gnu/libdbus-glib-1.so.2.2.2
7f3b84000000-7f3b8424d000 rw-p 00000000 00:00 0 
7f3b8424d000-7f3b88000000 ---p 00000000 00:00 0 
7f3b88000000-7f3b88005000 r--s 00015000 08:01 51118635                   /home/upsmart/.m2/repository/org/hibernate/javax/persistence/hibernate-jpa-2.0-api/1.0.1.Final/hibernate-jpa-2.0-api-1.0.1.Final.jar
7f3b88005000-7f3b88014000 r--s 000b0000 08:01 50988177                   /home/upsmart/.m2/repository/org/codehaus/jackson/jackson-mapper-asl/1.9.12/jackson-mapper-asl-1.9.12.jar
7f3b88014000-7f3b88017000 ---p 00000000 00:00 0 
7f3b88017000-7f3b88115000 rw-p 00000000 00:00 0                          [stack:23910]
7f3b88115000-7f3b88271000 r-xp 00000000 08:01 33302484                   /usr/lib/x86_64-linux-gnu/libxml2.so.2.9.1
7f3b88271000-7f3b88470000 ---p 0015c000 08:01 33302484                   /usr/lib/x86_64-linux-gnu/libxml2.so.2.9.1
7f3b88470000-7f3b88478000 r--p 0015b000 08:01 33302484                   /usr/lib/x86_64-linux-gnu/libxml2.so.2.9.1
7f3b88478000-7f3b8847a000 rw-p 00163000 08:01 33302484                   /usr/lib/x86_64-linux-gnu/libxml2.so.2.9.1
7f3b8847a000-7f3b8847b000 rw-p 00000000 00:00 0 
7f3b8847b000-7f3b884a9000 r-xp 00000000 08:01 33300181                   /usr/lib/x86_64-linux-gnu/libgconf-2.so.4.1.5
7f3b884a9000-7f3b886a8000 ---p 0002e000 08:01 33300181                   /usr/lib/x86_64-linux-gnu/libgconf-2.so.4.1.5
7f3b886a8000-7f3b886a9000 r--p 0002d000 08:01 33300181                   /usr/lib/x86_64-linux-gnu/libgconf-2.so.4.1.5
7f3b886a9000-7f3b886aa000 rw-p 0002e000 08:01 33300181                   /usr/lib/x86_64-linux-gnu/libgconf-2.so.4.1.5
7f3b886aa000-7f3b886ad000 r-xp 00000000 08:01 33300233                   /usr/lib/x86_64-linux-gnu/libgmodule-2.0.so.0.4002.0
7f3b886ad000-7f3b888ac000 ---p 00003000 08:01 33300233                   /usr/lib/x86_64-linux-gnu/libgmodule-2.0.so.0.4002.0
7f3b888ac000-7f3b888ad000 r--p 00002000 08:01 33300233                   /usr/lib/x86_64-linux-gnu/libgmodule-2.0.so.0.4002.0
7f3b888ad000-7f3b888ae000 rw-p 00003000 08:01 33300233                   /usr/lib/x86_64-linux-gnu/libgmodule-2.0.so.0.4002.0
7f3b888ae000-7f3b88911000 r-xp 00000000 08:01 33294310                   /usr/lib/x86_64-linux-gnu/libgnomevfs-2.so.0.2400.4
7f3b88911000-7f3b88b10000 ---p 00063000 08:01 33294310                   /usr/lib/x86_64-linux-gnu/libgnomevfs-2.so.0.2400.4
7f3b88b10000-7f3b88b13000 r--p 00062000 08:01 33294310                   /usr/lib/x86_64-linux-gnu/libgnomevfs-2.so.0.2400.4
7f3b88b13000-7f3b88b15000 rw-p 00065000 08:01 33294310                   /usr/lib/x86_64-linux-gnu/libgnomevfs-2.so.0.2400.4
7f3b88b15000-7f3b88b16000 rw-p 00000000 00:00 0 
7f3b88b16000-7f3b88b19000 ---p 00000000 00:00 0 
7f3b88b19000-7f3b88c17000 rw-p 00000000 00:00 0                          [stack:23909]
7f3b88c17000-7f3b88c1c000 r-xp 00000000 08:01 33292768                   /usr/lib/x86_64-linux-gnu/libXfixes.so.3.1.0
7f3b88c1c000-7f3b88e1b000 ---p 00005000 08:01 33292768                   /usr/lib/x86_64-linux-gnu/libXfixes.so.3.1.0
7f3b88e1b000-7f3b88e1c000 r--p 00004000 08:01 33292768                   /usr/lib/x86_64-linux-gnu/libXfixes.so.3.1.0
7f3b88e1c000-7f3b88e1d000 rw-p 00005000 08:01 33292768                   /usr/lib/x86_64-linux-gnu/libXfixes.so.3.1.0
7f3b88e1d000-7f3b88e26000 r-xp 00000000 08:01 33299845                   /usr/lib/x86_64-linux-gnu/libXcursor.so.1.0.2
7f3b88e26000-7f3b89025000 ---p 00009000 08:01 33299845                   /usr/lib/x86_64-linux-gnu/libXcursor.so.1.0.2
7f3b89025000-7f3b89026000 r--p 00008000 08:01 33299845                   /usr/lib/x86_64-linux-gnu/libXcursor.so.1.0.2
7f3b89026000-7f3b89027000 rw-p 00009000 08:01 33299845                   /usr/lib/x86_64-linux-gnu/libXcursor.so.1.0.2
7f3b89027000-7f3b8902a000 ---p 00000000 00:00 0 
7f3b8902a000-7f3b89128000 rw-p 00000000 00:00 0                          [stack:23908]
7f3b89128000-7f3b8912d000 r-xp 00000000 08:01 33299849                   /usr/lib/x86_64-linux-gnu/libXdmcp.so.6.0.0
7f3b8912d000-7f3b8932c000 ---p 00005000 08:01 33299849                   /usr/lib/x86_64-linux-gnu/libXdmcp.so.6.0.0
7f3b8932c000-7f3b8932d000 r--p 00004000 08:01 33299849                   /usr/lib/x86_64-linux-gnu/libXdmcp.so.6.0.0
7f3b8932d000-7f3b8932e000 rw-p 00005000 08:01 33299849                   /usr/lib/x86_64-linux-gnu/libXdmcp.so.6.0.0
7f3b8932e000-7f3b89330000 r-xp 00000000 08:01 33299838                   /usr/lib/x86_64-linux-gnu/libXau.so.6.0.0
7f3b89330000-7f3b89530000 ---p 00002000 08:01 33299838                   /usr/lib/x86_64-linux-gnu/libXau.so.6.0.0
7f3b89530000-7f3b89531000 r--p 00002000 08:01 33299838                   /usr/lib/x86_64-linux-gnu/libXau.so.6.0.0
7f3b89531000-7f3b89532000 rw-p 00003000 08:01 33299838                   /usr/lib/x86_64-linux-gnu/libXau.so.6.0.0
7f3b89532000-7f3b8954f000 r-xp 00000000 08:01 33300906                   /usr/lib/x86_64-linux-gnu/libxcb.so.1.1.0
7f3b8954f000-7f3b8974f000 ---p 0001d000 08:01 33300906                   /usr/lib/x86_64-linux-gnu/libxcb.so.1.1.0
7f3b8974f000-7f3b89750000 r--p 0001d000 08:01 33300906                   /usr/lib/x86_64-linux-gnu/libxcb.so.1.1.0
7f3b89750000-7f3b89751000 rw-p 0001e000 08:01 33300906                   /usr/lib/x86_64-linux-gnu/libxcb.so.1.1.0
7f3b89751000-7f3b89760000 r-xp 00000000 08:01 33294999                   /usr/lib/x86_64-linux-gnu/libXi.so.6.1.0
7f3b89760000-7f3b8995f000 ---p 0000f000 08:01 33294999                   /usr/lib/x86_64-linux-gnu/libXi.so.6.1.0
7f3b8995f000-7f3b89960000 r--p 0000e000 08:01 33294999                   /usr/lib/x86_64-linux-gnu/libXi.so.6.1.0
7f3b89960000-7f3b89961000 rw-p 0000f000 08:01 33294999                   /usr/lib/x86_64-linux-gnu/libXi.so.6.1.0
7f3b89961000-7f3b89966000 r-xp 00000000 08:01 33299879                   /usr/lib/x86_64-linux-gnu/libXtst.so.6.1.0
7f3b89966000-7f3b89b65000 ---p 00005000 08:01 33299879                   /usr/lib/x86_64-linux-gnu/libXtst.so.6.1.0
7f3b89b65000-7f3b89b66000 r--p 00004000 08:01 33299879                   /usr/lib/x86_64-linux-gnu/libXtst.so.6.1.0
7f3b89b66000-7f3b89b67000 rw-p 00005000 08:01 33299879                   /usr/lib/x86_64-linux-gnu/libXtst.so.6.1.0
7f3b89b67000-7f3b89b70000 r-xp 00000000 08:01 33294994                   /usr/lib/x86_64-linux-gnu/libXrender.so.1.3.0
7f3b89b70000-7f3b89d6f000 ---p 00009000 08:01 33294994                   /usr/lib/x86_64-linux-gnu/libXrender.so.1.3.0
7f3b89d6f000-7f3b89d70000 r--p 00008000 08:01 33294994                   /usr/lib/x86_64-linux-gnu/libXrender.so.1.3.0
7f3b89d70000-7f3b89d71000 rw-p 00009000 08:01 33294994                   /usr/lib/x86_64-linux-gnu/libXrender.so.1.3.0
7f3b89d71000-7f3b89ea1000 r-xp 00000000 08:01 33299834                   /usr/lib/x86_64-linux-gnu/libX11.so.6.3.0
7f3b89ea1000-7f3b8a0a1000 ---p 00130000 08:01 33299834                   /usr/lib/x86_64-linux-gnu/libX11.so.6.3.0
7f3b8a0a1000-7f3b8a0a2000 r--p 00130000 08:01 33299834                   /usr/lib/x86_64-linux-gnu/libX11.so.6.3.0
7f3b8a0a2000-7f3b8a0a6000 rw-p 00131000 08:01 33299834                   /usr/lib/x86_64-linux-gnu/libX11.so.6.3.0
7f3b8a0a6000-7f3b8a0b7000 r-xp 00000000 08:01 33294938                   /usr/lib/x86_64-linux-gnu/libXext.so.6.4.0
7f3b8a0b7000-7f3b8a2b6000 ---p 00011000 08:01 33294938                   /usr/lib/x86_64-linux-gnu/libXext.so.6.4.0
7f3b8a2b6000-7f3b8a2b7000 r--p 00010000 08:01 33294938                   /usr/lib/x86_64-linux-gnu/libXext.so.6.4.0
7f3b8a2b7000-7f3b8a2b8000 rw-p 00011000 08:01 33294938                   /usr/lib/x86_64-linux-gnu/libXext.so.6.4.0
7f3b8a2b8000-7f3b8a308000 r-xp 00000000 08:01 67633201                   /opt/jdk1.7.0_75/jre/lib/amd64/xawt/libmawt.so
7f3b8a308000-7f3b8a508000 ---p 00050000 08:01 67633201                   /opt/jdk1.7.0_75/jre/lib/amd64/xawt/libmawt.so
7f3b8a508000-7f3b8a50c000 rw-p 00050000 08:01 67633201                   /opt/jdk1.7.0_75/jre/lib/amd64/xawt/libmawt.so
7f3b8a50c000-7f3b8a50d000 rw-p 00000000 00:00 0 
7f3b8a50d000-7f3b8a5af000 r-xp 00000000 08:01 67633221                   /opt/jdk1.7.0_75/jre/lib/amd64/libawt.so
7f3b8a5af000-7f3b8a7af000 ---p 000a2000 08:01 67633221                   /opt/jdk1.7.0_75/jre/lib/amd64/libawt.so
7f3b8a7af000-7f3b8a7bb000 rw-p 000a2000 08:01 67633221                   /opt/jdk1.7.0_75/jre/lib/amd64/libawt.so
7f3b8a7bb000-7f3b8a7df000 rw-p 00000000 00:00 0 
7f3b8a7df000-7f3b8a7e7000 r-xp 00000000 08:01 67633196                   /opt/jdk1.7.0_75/jre/lib/amd64/libmanagement.so
7f3b8a7e7000-7f3b8a9e6000 ---p 00008000 08:01 67633196                   /opt/jdk1.7.0_75/jre/lib/amd64/libmanagement.so
7f3b8a9e6000-7f3b8a9e7000 rw-p 00007000 08:01 67633196                   /opt/jdk1.7.0_75/jre/lib/amd64/libmanagement.so
7f3b8a9e7000-7f3b8a9fd000 r-xp 00000000 08:01 67633222                   /opt/jdk1.7.0_75/jre/lib/amd64/libnet.so
7f3b8a9fd000-7f3b8abfd000 ---p 00016000 08:01 67633222                   /opt/jdk1.7.0_75/jre/lib/amd64/libnet.so
7f3b8abfd000-7f3b8abfe000 rw-p 00016000 08:01 67633222                   /opt/jdk1.7.0_75/jre/lib/amd64/libnet.so
7f3b8abfe000-7f3b8ac0e000 r-xp 00000000 08:01 67633188                   /opt/jdk1.7.0_75/jre/lib/amd64/libnio.so
7f3b8ac0e000-7f3b8ae0e000 ---p 00010000 08:01 67633188                   /opt/jdk1.7.0_75/jre/lib/amd64/libnio.so
7f3b8ae0e000-7f3b8ae0f000 rw-p 00010000 08:01 67633188                   /opt/jdk1.7.0_75/jre/lib/amd64/libnio.so
7f3b8ae0f000-7f3b8ae10000 ---p 00000000 00:00 0 
7f3b8ae10000-7f3b8af10000 rw-p 00000000 00:00 0                          [stack:23906]
7f3b8af10000-7f3b8af13000 ---p 00000000 00:00 0 
7f3b8af13000-7f3b8b011000 rw-p 00000000 00:00 0                          [stack:23905]
7f3b8b011000-7f3b8b014000 ---p 00000000 00:00 0 
7f3b8b014000-7f3b8b112000 rw-p 00000000 00:00 0                          [stack:23904]
7f3b8b112000-7f3b8b115000 ---p 00000000 00:00 0 
7f3b8b115000-7f3b8b213000 rw-p 00000000 00:00 0                          [stack:23903]
7f3b8b213000-7f3b8b216000 ---p 00000000 00:00 0 
7f3b8b216000-7f3b8b314000 rw-p 00000000 00:00 0                          [stack:23902]
7f3b8b314000-7f3b8b9fa000 r--p 00000000 08:01 33298951                   /usr/lib/locale/locale-archive
7f3b8b9fa000-7f3b8b9fd000 ---p 00000000 00:00 0 
7f3b8b9fd000-7f3b8bafb000 rw-p 00000000 00:00 0                          [stack:23901]
7f3b8bafb000-7f3b8bafe000 ---p 00000000 00:00 0 
7f3b8bafe000-7f3b8bbfc000 rw-p 00000000 00:00 0                          [stack:23900]
7f3b8bbfc000-7f3b8bbfd000 ---p 00000000 00:00 0 
7f3b8bbfd000-7f3b8c000000 rw-p 00000000 00:00 0                          [stack:23899]
7f3b8c000000-7f3b8c021000 rw-p 00000000 00:00 0 
7f3b8c021000-7f3b90000000 ---p 00000000 00:00 0 
7f3b90000000-7f3b90001000 rw-p 00000000 00:00 0 
7f3b90001000-7f3b9000a000 r--s 0006c000 08:01 51118611                   /home/upsmart/.m2/repository/org/hibernate/hibernate-entitymanager/4.1.7.Final/hibernate-entitymanager-4.1.7.Final.jar
7f3b9000a000-7f3b9000d000 r--s 00011000 08:01 51118607                   /home/upsmart/.m2/repository/org/hibernate/common/hibernate-commons-annotations/4.0.1.Final/hibernate-commons-annotations-4.0.1.Final.jar
7f3b9000d000-7f3b90011000 r--s 00035000 08:01 50988168                   /home/upsmart/.m2/repository/org/codehaus/jackson/jackson-core-asl/1.9.12/jackson-core-asl-1.9.12.jar
7f3b90011000-7f3b9002a000 r--s 001ae000 08:01 56099927                   /home/upsmart/.m2/repository/org/aspectj/aspectjweaver/1.8.1/aspectjweaver-1.8.1.jar
7f3b9002a000-7f3b9002e000 r--s 00019000 08:01 56099924                   /home/upsmart/.m2/repository/org/aspectj/aspectjrt/1.8.1/aspectjrt-1.8.1.jar
7f3b9002e000-7f3b90036000 r--s 000c3000 08:01 50987576                   /home/upsmart/.m2/repository/mysql/mysql-connector-java/5.1.21/mysql-connector-java-5.1.21.jar
7f3b90036000-7f3b9003f000 r--s 0006f000 08:01 50987608                   /home/upsmart/.m2/repository/log4j/log4j/1.2.17/log4j-1.2.17.jar
7f3b9003f000-7f3b90041000 r--s 00018000 08:01 50987693                   /home/upsmart/.m2/repository/javax/servlet/servlet-api/2.5/servlet-api-2.5.jar
7f3b90041000-7f3b90046000 r--s 00048000 08:01 50987796                   /home/upsmart/.m2/repository/dom4j/dom4j/1.6.1/dom4j-1.6.1.jar
7f3b90046000-7f3b90049000 r--s 00015000 08:01 50987365                   /home/upsmart/.m2/repository/commons-pool/commons-pool/1.5.4/commons-pool-1.5.4.jar
7f3b90049000-7f3b9004b000 r--s 0000e000 08:01 50987671                   /home/upsmart/.m2/repository/commons-logging/commons-logging/1.1.3/commons-logging-1.1.3.jar
7f3b9004b000-7f3b90050000 r--s 00041000 08:01 50987381                   /home/upsmart/.m2/repository/commons-lang/commons-lang/2.6/commons-lang-2.6.jar
7f3b90050000-7f3b90054000 r--s 00027000 08:01 51120335                   /home/upsmart/.m2/repository/commons-io/commons-io/2.2/commons-io-2.2.jar
7f3b90054000-7f3b90056000 r--s 0000f000 08:01 50987220                   /home/upsmart/.m2/repository/commons-fileupload/commons-fileupload/1.3.1/commons-fileupload-1.3.1.jar
7f3b90056000-7f3b90059000 r--s 00025000 08:01 51118744                   /home/upsmart/.m2/repository/commons-dbcp/commons-dbcp/1.4/commons-dbcp-1.4.jar
7f3b90059000-7f3b9005b000 r--s 00000000 08:01 50987630                   /home/upsmart/.m2/repository/aopalliance/aopalliance/1.0/aopalliance-1.0.jar
7f3b9005b000-7f3b90060000 r--s 00068000 08:01 50987640                   /home/upsmart/.m2/repository/antlr/antlr/2.7.7/antlr-2.7.7.jar
7f3b90060000-7f3b90065000 r--s 0003c000 08:01 74714395                   /home/upsmart/.gradle/caches/modules-2/files-2.1/org.eclipse.jetty/jetty-util/7.6.15.v20140411/24afe1d3e6378be47cfb0e34aaae83009b8ae361/jetty-util-7.6.15.v20140411.jar
7f3b90065000-7f3b9006a000 r--s 0004c000 08:01 74714329                   /home/upsmart/.gradle/caches/modules-2/files-2.1/org.eclipse.jetty/jetty-server/7.6.15.v20140411/d06b373f1acf1429a666f13d2ef187c503b601c0/jetty-server-7.6.15.v20140411.jar
7f3b9006a000-7f3b9006d000 r--s 00016000 08:01 74714386                   /home/upsmart/.gradle/caches/modules-2/files-2.1/org.eclipse.jetty/jetty-io/7.6.15.v20140411/24e4d9dd57914119a9837bb8f76de035f63805a/jetty-io-7.6.15.v20140411.jar
7f3b9006d000-7f3b9006f000 r--s 00015000 08:01 74714354                   /home/upsmart/.gradle/caches/modules-2/files-2.1/org.eclipse.jetty/jetty-http/7.6.15.v20140411/9535b316ac0f1eaedceaba890a90d2a9b3c6c3fe/jetty-http-7.6.15.v20140411.jar
7f3b9006f000-7f3b90072000 r--s 0001b000 08:01 74714352                   /home/upsmart/.gradle/caches/modules-2/files-2.1/org.eclipse.jetty.orbit/javax.servlet/2.5.0.v201103041518/9c16011c06bc6fe5e9dba080fcb40ddb4b75dc85/javax.servlet-2.5.0.v201103041518.jar
7f3b90072000-7f3b90079000 r--s 00000000 08:01 33690550                   /usr/lib/x86_64-linux-gnu/gconv/gconv-modules.cache
7f3b90079000-7f3b9008d000 r--p 00000000 08:01 33827291                   /usr/share/locale-langpack/zh_CN/LC_MESSAGES/libc.mo
7f3b9008d000-7f3b90098000 r--s 0037c000 08:01 67633895                   /opt/jdk1.7.0_75/jre/lib/charsets.jar
7f3b90098000-7f3b900a2000 r--s 00251000 08:01 67633265                   /opt/jdk1.7.0_75/jre/lib/resources.jar
7f3b900a2000-7f3b900a6000 r--s 000f7000 08:01 67633829                   /opt/jdk1.7.0_75/jre/lib/ext/localedata.jar
7f3b900a6000-7f3b900a8000 r--s 00013000 08:01 49547053                   /home/upsmart/eclipse/eclipse-gradle/eclipse/configuration/org.eclipse.osgi/888/0/.cp/lib/jetty/jetty-plus.jar
7f3b900a8000-7f3b900ad000 r--s 00032000 08:01 49547052                   /home/upsmart/eclipse/eclipse-gradle/eclipse/configuration/org.eclipse.osgi/888/0/.cp/lib/jetty/org.objectweb.asm.jar
7f3b900ad000-7f3b900af000 r--s 00005000 08:01 49547050                   /home/upsmart/eclipse/eclipse-gradle/eclipse/configuration/org.eclipse.osgi/888/0/.cp/lib/jetty/javax.annotation.jar
7f3b900af000-7f3b900b1000 r--s 00011000 08:01 49547043                   /home/upsmart/eclipse/eclipse-gradle/eclipse/configuration/org.eclipse.osgi/888/0/.cp/lib/jetty/jetty-annotations.jar
7f3b900b1000-7f3b900c0000 r--s 0019c000 08:01 49547042                   /home/upsmart/eclipse/eclipse-gradle/eclipse/configuration/org.eclipse.osgi/888/0/.cp/lib/jetty/org.eclipse.jdt.core.jar
7f3b900c0000-7f3b900c3000 r--s 0001d000 08:01 49547039                   /home/upsmart/eclipse/eclipse-gradle/eclipse/configuration/org.eclipse.osgi/888/0/.cp/lib/jetty/com.sun.el.jar
7f3b900c3000-7f3b900c5000 r--s 0000b000 08:01 49547038                   /home/upsmart/eclipse/eclipse-gradle/eclipse/configuration/org.eclipse.osgi/888/0/.cp/lib/jetty/javax.el.jar
7f3b900c5000-7f3b900cd000 r--s 00061000 08:01 49546803                   /home/upsmart/eclipse/eclipse-gradle/eclipse/configuration/org.eclipse.osgi/888/0/.cp/lib/jetty/org.apache.taglibs.standard.glassfish.jar
7f3b900cd000-7f3b900cf000 r--s 0000b000 08:01 49546801                   /home/upsmart/eclipse/eclipse-gradle/eclipse/configuration/org.eclipse.osgi/888/0/.cp/lib/jetty/javax.servlet.jsp.jstl.jar
7f3b900cf000-7f3b90dcb000 rw-p 00000000 00:00 0 
7f3b90dcb000-7f3b90f8a000 r--s 039eb000 08:01 67633874                   /opt/jdk1.7.0_75/jre/lib/rt.jar
7f3b90f8a000-7f3b920f5000 rw-p 00000000 00:00 0 
7f3b920f5000-7f3b920f6000 ---p 00000000 00:00 0 
7f3b920f6000-7f3b921f6000 rw-p 00000000 00:00 0                          [stack:23898]
7f3b921f6000-7f3b921f7000 ---p 00000000 00:00 0 
7f3b921f7000-7f3b922f7000 rw-p 00000000 00:00 0                          [stack:23897]
7f3b922f7000-7f3b922f8000 ---p 00000000 00:00 0 
7f3b922f8000-7f3b923f8000 rw-p 00000000 00:00 0                          [stack:23896]
7f3b923f8000-7f3b923f9000 ---p 00000000 00:00 0 
7f3b923f9000-7f3b92505000 rw-p 00000000 00:00 0                          [stack:23895]
7f3b92505000-7f3b92522000 rw-p 00000000 00:00 0 
7f3b92522000-7f3b925c9000 rw-p 00000000 00:00 0 
7f3b925c9000-7f3b92f94000 rw-p 00000000 00:00 0 
7f3b92f94000-7f3b92fa0000 rw-p 00000000 00:00 0 
7f3b92fa0000-7f3b92fbd000 rw-p 00000000 00:00 0 
7f3b92fbd000-7f3b93064000 rw-p 00000000 00:00 0 
7f3b93064000-7f3b93a2e000 rw-p 00000000 00:00 0 
7f3b93a2e000-7f3b93a82000 rw-p 00000000 00:00 0 
7f3b93a82000-7f3b93f67000 rw-p 00000000 00:00 0 
7f3b93f67000-7f3b93f68000 rw-p 00000000 00:00 0 
7f3b93f68000-7f3b941d8000 rwxp 00000000 00:00 0 
7f3b941d8000-7f3b96f68000 rw-p 00000000 00:00 0 
7f3b96f68000-7f3b96f82000 r-xp 00000000 08:01 67633217                   /opt/jdk1.7.0_75/jre/lib/amd64/libzip.so
7f3b96f82000-7f3b97182000 ---p 0001a000 08:01 67633217                   /opt/jdk1.7.0_75/jre/lib/amd64/libzip.so
7f3b97182000-7f3b97183000 rw-p 0001a000 08:01 67633217                   /opt/jdk1.7.0_75/jre/lib/amd64/libzip.so
7f3b97183000-7f3b9718e000 r-xp 00000000 08:01 72351763                   /lib/x86_64-linux-gnu/libnss_files-2.19.so
7f3b9718e000-7f3b9738d000 ---p 0000b000 08:01 72351763                   /lib/x86_64-linux-gnu/libnss_files-2.19.so
7f3b9738d000-7f3b9738e000 r--p 0000a000 08:01 72351763                   /lib/x86_64-linux-gnu/libnss_files-2.19.so
7f3b9738e000-7f3b9738f000 rw-p 0000b000 08:01 72351763                   /lib/x86_64-linux-gnu/libnss_files-2.19.so
7f3b9738f000-7f3b9739a000 r-xp 00000000 08:01 72355680                   /lib/x86_64-linux-gnu/libnss_nis-2.19.so
7f3b9739a000-7f3b97599000 ---p 0000b000 08:01 72355680                   /lib/x86_64-linux-gnu/libnss_nis-2.19.so
7f3b97599000-7f3b9759a000 r--p 0000a000 08:01 72355680                   /lib/x86_64-linux-gnu/libnss_nis-2.19.so
7f3b9759a000-7f3b9759b000 rw-p 0000b000 08:01 72355680                   /lib/x86_64-linux-gnu/libnss_nis-2.19.so
7f3b9759b000-7f3b975b2000 r-xp 00000000 08:01 72351838                   /lib/x86_64-linux-gnu/libnsl-2.19.so
7f3b975b2000-7f3b977b1000 ---p 00017000 08:01 72351838                   /lib/x86_64-linux-gnu/libnsl-2.19.so
7f3b977b1000-7f3b977b2000 r--p 00016000 08:01 72351838                   /lib/x86_64-linux-gnu/libnsl-2.19.so
7f3b977b2000-7f3b977b3000 rw-p 00017000 08:01 72351838                   /lib/x86_64-linux-gnu/libnsl-2.19.so
7f3b977b3000-7f3b977b5000 rw-p 00000000 00:00 0 
7f3b977b5000-7f3b977be000 r-xp 00000000 08:01 72351837                   /lib/x86_64-linux-gnu/libnss_compat-2.19.so
7f3b977be000-7f3b979bd000 ---p 00009000 08:01 72351837                   /lib/x86_64-linux-gnu/libnss_compat-2.19.so
7f3b979bd000-7f3b979be000 r--p 00008000 08:01 72351837                   /lib/x86_64-linux-gnu/libnss_compat-2.19.so
7f3b979be000-7f3b979bf000 rw-p 00009000 08:01 72351837                   /lib/x86_64-linux-gnu/libnss_compat-2.19.so
7f3b979bf000-7f3b979e8000 r-xp 00000000 08:01 67633183                   /opt/jdk1.7.0_75/jre/lib/amd64/libjava.so
7f3b979e8000-7f3b97be8000 ---p 00029000 08:01 67633183                   /opt/jdk1.7.0_75/jre/lib/amd64/libjava.so
7f3b97be8000-7f3b97bea000 rw-p 00029000 08:01 67633183                   /opt/jdk1.7.0_75/jre/lib/amd64/libjava.so
7f3b97bea000-7f3b97bf7000 r-xp 00000000 08:01 67633210                   /opt/jdk1.7.0_75/jre/lib/amd64/libverify.so
7f3b97bf7000-7f3b97df6000 ---p 0000d000 08:01 67633210                   /opt/jdk1.7.0_75/jre/lib/amd64/libverify.so
7f3b97df6000-7f3b97df8000 rw-p 0000c000 08:01 67633210                   /opt/jdk1.7.0_75/jre/lib/amd64/libverify.so
7f3b97df8000-7f3b97dff000 r-xp 00000000 08:01 72351846                   /lib/x86_64-linux-gnu/librt-2.19.so
7f3b97dff000-7f3b97ffe000 ---p 00007000 08:01 72351846                   /lib/x86_64-linux-gnu/librt-2.19.so
7f3b97ffe000-7f3b97fff000 r--p 00006000 08:01 72351846                   /lib/x86_64-linux-gnu/librt-2.19.so
7f3b97fff000-7f3b98000000 rw-p 00007000 08:01 72351846                   /lib/x86_64-linux-gnu/librt-2.19.so
7f3b98000000-7f3b98b52000 rw-p 00000000 00:00 0 
7f3b98b52000-7f3b9c000000 ---p 00000000 00:00 0 
7f3b9c000000-7f3b9c001000 r--s 00002000 08:01 50988587                   /home/upsmart/.m2/repository/org/jboss/spec/javax/transaction/jboss-transaction-api_1.1_spec/1.0.0.Final/jboss-transaction-api_1.1_spec-1.0.0.Final.jar
7f3b9c001000-7f3b9c008000 r--s 0008a000 08:01 49546195                   /home/upsmart/eclipse/eclipse-gradle/eclipse/configuration/org.eclipse.osgi/888/0/.cp/lib/jetty/org.apache.jasper.glassfish.jar
7f3b9c008000-7f3b9c10d000 r-xp 00000000 08:01 72351759                   /lib/x86_64-linux-gnu/libm-2.19.so
7f3b9c10d000-7f3b9c30c000 ---p 00105000 08:01 72351759                   /lib/x86_64-linux-gnu/libm-2.19.so
7f3b9c30c000-7f3b9c30d000 r--p 00104000 08:01 72351759                   /lib/x86_64-linux-gnu/libm-2.19.so
7f3b9c30d000-7f3b9c30e000 rw-p 00105000 08:01 72351759                   /lib/x86_64-linux-gnu/libm-2.19.so
7f3b9c30e000-7f3b9ce81000 r-xp 00000000 08:01 67633237                   /opt/jdk1.7.0_75/jre/lib/amd64/server/libjvm.so
7f3b9ce81000-7f3b9d081000 ---p 00b73000 08:01 67633237                   /opt/jdk1.7.0_75/jre/lib/amd64/server/libjvm.so
7f3b9d081000-7f3b9d145000 rw-p 00b73000 08:01 67633237                   /opt/jdk1.7.0_75/jre/lib/amd64/server/libjvm.so
7f3b9d145000-7f3b9d186000 rw-p 00000000 00:00 0 
7f3b9d186000-7f3b9d341000 r-xp 00000000 08:01 72351843                   /lib/x86_64-linux-gnu/libc-2.19.so
7f3b9d341000-7f3b9d540000 ---p 001bb000 08:01 72351843                   /lib/x86_64-linux-gnu/libc-2.19.so
7f3b9d540000-7f3b9d544000 r--p 001ba000 08:01 72351843                   /lib/x86_64-linux-gnu/libc-2.19.so
7f3b9d544000-7f3b9d546000 rw-p 001be000 08:01 72351843                   /lib/x86_64-linux-gnu/libc-2.19.so
7f3b9d546000-7f3b9d54b000 rw-p 00000000 00:00 0 
7f3b9d54b000-7f3b9d54e000 r-xp 00000000 08:01 72351774                   /lib/x86_64-linux-gnu/libdl-2.19.so
7f3b9d54e000-7f3b9d74d000 ---p 00003000 08:01 72351774                   /lib/x86_64-linux-gnu/libdl-2.19.so
7f3b9d74d000-7f3b9d74e000 r--p 00002000 08:01 72351774                   /lib/x86_64-linux-gnu/libdl-2.19.so
7f3b9d74e000-7f3b9d74f000 rw-p 00003000 08:01 72351774                   /lib/x86_64-linux-gnu/libdl-2.19.so
7f3b9d74f000-7f3b9d765000 r-xp 00000000 08:01 67633922                   /opt/jdk1.7.0_75/lib/amd64/jli/libjli.so
7f3b9d765000-7f3b9d965000 ---p 00016000 08:01 67633922                   /opt/jdk1.7.0_75/lib/amd64/jli/libjli.so
7f3b9d965000-7f3b9d966000 rw-p 00016000 08:01 67633922                   /opt/jdk1.7.0_75/lib/amd64/jli/libjli.so
7f3b9d966000-7f3b9d97f000 r-xp 00000000 08:01 72351844                   /lib/x86_64-linux-gnu/libpthread-2.19.so
7f3b9d97f000-7f3b9db7e000 ---p 00019000 08:01 72351844                   /lib/x86_64-linux-gnu/libpthread-2.19.so
7f3b9db7e000-7f3b9db7f000 r--p 00018000 08:01 72351844                   /lib/x86_64-linux-gnu/libpthread-2.19.so
7f3b9db7f000-7f3b9db80000 rw-p 00019000 08:01 72351844                   /lib/x86_64-linux-gnu/libpthread-2.19.so
7f3b9db80000-7f3b9db84000 rw-p 00000000 00:00 0 
7f3b9db84000-7f3b9dba7000 r-xp 00000000 08:01 72351840                   /lib/x86_64-linux-gnu/ld-2.19.so
7f3b9dba7000-7f3b9dba8000 r--s 00004000 08:01 74714353                   /home/upsmart/.gradle/caches/modules-2/files-2.1/org.eclipse.jetty/jetty-continuation/7.6.15.v20140411/f8e51a26a82233a5babdb9afbd87ccde98d00ede/jetty-continuation-7.6.15.v20140411.jar
7f3b9dba8000-7f3b9dbaa000 r--s 00018000 08:01 49545580                   /home/upsmart/eclipse/eclipse-gradle/eclipse/configuration/org.eclipse.osgi/888/0/.cp/lib/jetty/javax.servlet.jsp.jar
7f3b9dbaa000-7f3b9dbab000 r--s 00000000 08:01 49545579                   /home/upsmart/eclipse/eclipse-gradle/eclipse/configuration/org.eclipse.osgi/888/0/.cp/lib/jetty/jetty-jsp.jar
7f3b9dbab000-7f3b9dbac000 r--s 00009000 08:01 49545578                   /home/upsmart/eclipse/eclipse-gradle/eclipse/configuration/org.eclipse.osgi/888/0/.cp/lib/jetty/jetty-xml.jar
7f3b9dbac000-7f3b9dbae000 r--s 00019000 08:01 49545577                   /home/upsmart/eclipse/eclipse-gradle/eclipse/configuration/org.eclipse.osgi/888/0/.cp/lib/jetty/jetty-webapp.jar
7f3b9dbae000-7f3b9dbb0000 r--s 00017000 08:01 49545575                   /home/upsmart/eclipse/eclipse-gradle/eclipse/configuration/org.eclipse.osgi/888/0/.cp/lib/jetty/jetty-servlet.jar
7f3b9dbb0000-7f3b9dbb2000 r--s 00014000 08:01 49545574                   /home/upsmart/eclipse/eclipse-gradle/eclipse/configuration/org.eclipse.osgi/888/0/.cp/lib/jetty/jetty-security.jar
7f3b9dbb2000-7f3b9dbb5000 r--s 00019000 08:01 67633795                   /opt/jdk1.7.0_75/jre/lib/jce.jar
7f3b9dbb5000-7f3b9dbb9000 r--s 0008b000 08:01 67633818                   /opt/jdk1.7.0_75/jre/lib/jsse.jar
7f3b9dbb9000-7f3b9dbbe000 r--s 00042000 08:01 49545572                   /home/upsmart/eclipse/eclipse-gradle/eclipse/configuration/org.eclipse.osgi/888/0/.cp/lib/jetty/jetty-util.jar
7f3b9dbbe000-7f3b9dbc1000 r--s 00017000 08:01 49545570                   /home/upsmart/eclipse/eclipse-gradle/eclipse/configuration/org.eclipse.osgi/888/0/.cp/lib/jetty/jetty-io.jar
7f3b9dbc1000-7f3b9dbcb000 rw-p 00000000 00:00 0 
7f3b9dbcb000-7f3b9dc81000 rw-p 00000000 00:00 0 
7f3b9dc81000-7f3b9dc84000 ---p 00000000 00:00 0 
7f3b9dc84000-7f3b9dd86000 rw-p 00000000 00:00 0                          [stack:23894]
7f3b9dd86000-7f3b9dd88000 r--s 00016000 08:01 49545569                   /home/upsmart/eclipse/eclipse-gradle/eclipse/configuration/org.eclipse.osgi/888/0/.cp/lib/jetty/jetty-http.jar
7f3b9dd88000-7f3b9dd8a000 r--s 00004000 08:01 49545568                   /home/upsmart/eclipse/eclipse-gradle/eclipse/configuration/org.eclipse.osgi/888/0/.cp/lib/jetty/jetty-continuation.jar
7f3b9dd8a000-7f3b9dd90000 r--s 00052000 08:01 49545561                   /home/upsmart/eclipse/eclipse-gradle/eclipse/configuration/org.eclipse.osgi/888/0/.cp/lib/jetty/jetty-server.jar
7f3b9dd90000-7f3b9dd93000 r--s 0002e000 08:01 49545567                   /home/upsmart/eclipse/eclipse-gradle/eclipse/configuration/org.eclipse.osgi/888/0/.cp/lib/jetty/javax.servlet.jar
7f3b9dd93000-7f3b9dd95000 r--s 00002000 08:01 49545566                   /home/upsmart/eclipse/eclipse-gradle/eclipse/configuration/org.eclipse.osgi/888/0/.cp/lib/eclipse-jetty-starters-embedded.jar
7f3b9dd95000-7f3b9dd97000 r--s 0000a000 08:01 49545565                   /home/upsmart/eclipse/eclipse-gradle/eclipse/configuration/org.eclipse.osgi/888/0/.cp/lib/eclipse-jetty-starters-console.jar
7f3b9dd97000-7f3b9dd98000 r--s 00002000 08:01 49545564                   /home/upsmart/eclipse/eclipse-gradle/eclipse/configuration/org.eclipse.osgi/888/0/.cp/lib/eclipse-jetty-starters-util.jar
7f3b9dd98000-7f3b9dd9a000 r--s 00002000 08:01 49545563                   /home/upsmart/eclipse/eclipse-gradle/eclipse/configuration/org.eclipse.osgi/888/0/.cp/lib/eclipse-jetty-starters-common.jar
7f3b9dd9a000-7f3b9dda2000 rw-s 00000000 08:01 74973225                   /tmp/hsperfdata_upsmart/23888
7f3b9dda2000-7f3b9dda3000 rw-p 00000000 00:00 0 
7f3b9dda3000-7f3b9dda4000 ---p 00000000 00:00 0 
7f3b9dda4000-7f3b9dda6000 rw-p 00000000 00:00 0 
7f3b9dda6000-7f3b9dda7000 r--p 00022000 08:01 72351840                   /lib/x86_64-linux-gnu/ld-2.19.so
7f3b9dda7000-7f3b9dda8000 rw-p 00023000 08:01 72351840                   /lib/x86_64-linux-gnu/ld-2.19.so
7f3b9dda8000-7f3b9dda9000 rw-p 00000000 00:00 0 
7ffc67e8e000-7ffc67eb0000 rw-p 00000000 00:00 0                          [stack]
7ffc67f4e000-7ffc67f50000 r-xp 00000000 00:00 0                          [vdso]
7ffc67f50000-7ffc67f52000 r--p 00000000 00:00 0                          [vvar]
ffffffffff600000-ffffffffff601000 r-xp 00000000 00:00 0                  [vsyscall]

VM Arguments:
jvm_args: -Djetty.launcher.configuration=/tmp/eclipseJettyPlugin.config.upsmart_water_drop__1_.xml -Dfile.encoding=UTF-8 
java_command: net.sourceforge.eclipsejetty.starter.embedded.JettyEmbeddedLauncherMain
Launcher Type: SUN_STANDARD

Environment Variables:
JAVA_HOME=/opt/jdk1.7.0_75
CLASSPATH=:/opt/jdk1.7.0_75/lib/
PATH=/opt/jdk1.7.0_75/bin:/opt/gradle/current/bin:/usr/local/sbin:/usr/local/bin:/usr/sbin:/usr/bin:/sbin:/bin:/usr/games:/usr/local/games
SHELL=/bin/zsh
DISPLAY=:0

Signal Handlers:
SIGSEGV: [libjvm.so+0x9a21f0], sa_mask[0]=0x7ffbfeff, sa_flags=0x10000004
SIGBUS: [libjvm.so+0x9a21f0], sa_mask[0]=0x7ffbfeff, sa_flags=0x10000004
SIGFPE: [libjvm.so+0x81ba40], sa_mask[0]=0x7ffbfeff, sa_flags=0x10000004
SIGPIPE: SIG_IGN, sa_mask[0]=0x00001000, sa_flags=0x10000000
SIGXFSZ: [libjvm.so+0x81ba40], sa_mask[0]=0x7ffbfeff, sa_flags=0x10000004
SIGILL: [libjvm.so+0x81ba40], sa_mask[0]=0x7ffbfeff, sa_flags=0x10000004
SIGUSR1: SIG_DFL, sa_mask[0]=0x00000000, sa_flags=0x00000000
SIGUSR2: [libjvm.so+0x81d240], sa_mask[0]=0x00000004, sa_flags=0x10000004
SIGHUP: [libjvm.so+0x81e360], sa_mask[0]=0x7ffbfeff, sa_flags=0x10000004
SIGINT: [libjvm.so+0x81e360], sa_mask[0]=0x7ffbfeff, sa_flags=0x10000004
SIGTERM: [libjvm.so+0x81e360], sa_mask[0]=0x7ffbfeff, sa_flags=0x10000004
SIGQUIT: [libjvm.so+0x81e360], sa_mask[0]=0x7ffbfeff, sa_flags=0x10000004


---------------  S Y S T E M  ---------------

OS:jessie/sid

uname:Linux 3.16.0-55-generic #74~14.04.1-Ubuntu SMP Tue Nov 17 10:15:59 UTC 2015 x86_64
libc:glibc 2.19 NPTL 2.19 
rlimit: STACK 8192k, CORE 0k, NPROC 128226, NOFILE 4096, AS infinity
load average:0.69 1.12 1.07

/proc/meminfo:
MemTotal:       32847296 kB
MemFree:        11190300 kB
MemAvailable:   14391844 kB
Buffers:          542260 kB
Cached:          3496076 kB
SwapCached:            0 kB
Active:         18750636 kB
Inactive:        2065768 kB
Active(anon):   16786452 kB
Inactive(anon):   988608 kB
Active(file):    1964184 kB
Inactive(file):  1077160 kB
Unevictable:         400 kB
Mlocked:             400 kB
SwapTotal:      33452028 kB
SwapFree:       33452028 kB
Dirty:               284 kB
Writeback:             0 kB
AnonPages:      16784532 kB
Mapped:           915176 kB
Shmem:            996996 kB
Slab:             466252 kB
SReclaimable:     413616 kB
SUnreclaim:        52636 kB
KernelStack:       17232 kB
PageTables:       103900 kB
NFS_Unstable:          0 kB
Bounce:                0 kB
WritebackTmp:          0 kB
CommitLimit:    49875676 kB
Committed_AS:   28105932 kB
VmallocTotal:   34359738367 kB
VmallocUsed:      408124 kB
VmallocChunk:   34359272856 kB
HardwareCorrupted:     0 kB
AnonHugePages:  14010368 kB
HugePages_Total:       0
HugePages_Free:        0
HugePages_Rsvd:        0
HugePages_Surp:        0
Hugepagesize:       2048 kB
DirectMap4k:      131624 kB
DirectMap2M:     8155136 kB
DirectMap1G:    25165824 kB


CPU:total 4 (4 cores per cpu, 1 threads per core) family 6 model 60 stepping 3, cmov, cx8, fxsr, mmx, sse, sse2, sse3, ssse3, sse4.1, sse4.2, popcnt, avx, avx2, aes, erms, tsc, tscinvbit

/proc/cpuinfo:
processor	: 0
vendor_id	: GenuineIntel
cpu family	: 6
model		: 60
model name	: Intel(R) Core(TM) i5-4460  CPU @ 3.20GHz
stepping	: 3
microcode	: 0x12
cpu MHz		: 3342.875
cache size	: 6144 KB
physical id	: 0
siblings	: 4
core id		: 0
cpu cores	: 4
apicid		: 0
initial apicid	: 0
fpu		: yes
fpu_exception	: yes
cpuid level	: 13
wp		: yes
flags		: fpu vme de pse tsc msr pae mce cx8 apic sep mtrr pge mca cmov pat pse36 clflush dts acpi mmx fxsr sse sse2 ss ht tm pbe syscall nx pdpe1gb rdtscp lm constant_tsc arch_perfmon pebs bts rep_good nopl xtopology nonstop_tsc aperfmperf eagerfpu pni pclmulqdq dtes64 monitor ds_cpl vmx est tm2 ssse3 fma cx16 xtpr pdcm pcid sse4_1 sse4_2 x2apic movbe popcnt tsc_deadline_timer aes xsave avx f16c rdrand lahf_lm abm ida arat xsaveopt pln pts dtherm tpr_shadow vnmi flexpriority ept vpid fsgsbase tsc_adjust bmi1 avx2 smep bmi2 erms invpcid
bogomips	: 6385.04
clflush size	: 64
cache_alignment	: 64
address sizes	: 39 bits physical, 48 bits virtual
power management:

processor	: 1
vendor_id	: GenuineIntel
cpu family	: 6
model		: 60
model name	: Intel(R) Core(TM) i5-4460  CPU @ 3.20GHz
stepping	: 3
microcode	: 0x12
cpu MHz		: 3351.750
cache size	: 6144 KB
physical id	: 0
siblings	: 4
core id		: 1
cpu cores	: 4
apicid		: 2
initial apicid	: 2
fpu		: yes
fpu_exception	: yes
cpuid level	: 13
wp		: yes
flags		: fpu vme de pse tsc msr pae mce cx8 apic sep mtrr pge mca cmov pat pse36 clflush dts acpi mmx fxsr sse sse2 ss ht tm pbe syscall nx pdpe1gb rdtscp lm constant_tsc arch_perfmon pebs bts rep_good nopl xtopology nonstop_tsc aperfmperf eagerfpu pni pclmulqdq dtes64 monitor ds_cpl vmx est tm2 ssse3 fma cx16 xtpr pdcm pcid sse4_1 sse4_2 x2apic movbe popcnt tsc_deadline_timer aes xsave avx f16c rdrand lahf_lm abm ida arat xsaveopt pln pts dtherm tpr_shadow vnmi flexpriority ept vpid fsgsbase tsc_adjust bmi1 avx2 smep bmi2 erms invpcid
bogomips	: 6385.04
clflush size	: 64
cache_alignment	: 64
address sizes	: 39 bits physical, 48 bits virtual
power management:

processor	: 2
vendor_id	: GenuineIntel
cpu family	: 6
model		: 60
model name	: Intel(R) Core(TM) i5-4460  CPU @ 3.20GHz
stepping	: 3
microcode	: 0x12
cpu MHz		: 3228.750
cache size	: 6144 KB
physical id	: 0
siblings	: 4
core id		: 2
cpu cores	: 4
apicid		: 4
initial apicid	: 4
fpu		: yes
fpu_exception	: yes
cpuid level	: 13
wp		: yes
flags		: fpu vme de pse tsc msr pae mce cx8 apic sep mtrr pge mca cmov pat pse36 clflush dts acpi mmx fxsr sse sse2 ss ht tm pbe syscall nx pdpe1gb rdtscp lm constant_tsc arch_perfmon pebs bts rep_good nopl xtopology nonstop_tsc aperfmperf eagerfpu pni pclmulqdq dtes64 monitor ds_cpl vmx est tm2 ssse3 fma cx16 xtpr pdcm pcid sse4_1 sse4_2 x2apic movbe popcnt tsc_deadline_timer aes xsave avx f16c rdrand lahf_lm abm ida arat xsaveopt pln pts dtherm tpr_shadow vnmi flexpriority ept vpid fsgsbase tsc_adjust bmi1 avx2 smep bmi2 erms invpcid
bogomips	: 6385.04
clflush size	: 64
cache_alignment	: 64
address sizes	: 39 bits physical, 48 bits virtual
power management:

processor	: 3
vendor_id	: GenuineIntel
cpu family	: 6
model		: 60
model name	: Intel(R) Core(TM) i5-4460  CPU @ 3.20GHz
stepping	: 3
microcode	: 0x12
cpu MHz		: 3272.125
cache size	: 6144 KB
physical id	: 0
siblings	: 4
core id		: 3
cpu cores	: 4
apicid		: 6
initial apicid	: 6
fpu		: yes
fpu_exception	: yes
cpuid level	: 13
wp		: yes
flags		: fpu vme de pse tsc msr pae mce cx8 apic sep mtrr pge mca cmov pat pse36 clflush dts acpi mmx fxsr sse sse2 ss ht tm pbe syscall nx pdpe1gb rdtscp lm constant_tsc arch_perfmon pebs bts rep_good nopl xtopology nonstop_tsc aperfmperf eagerfpu pni pclmulqdq dtes64 monitor ds_cpl vmx est tm2 ssse3 fma cx16 xtpr pdcm pcid sse4_1 sse4_2 x2apic movbe popcnt tsc_deadline_timer aes xsave avx f16c rdrand lahf_lm abm ida arat xsaveopt pln pts dtherm tpr_shadow vnmi flexpriority ept vpid fsgsbase tsc_adjust bmi1 avx2 smep bmi2 erms invpcid
bogomips	: 6385.04
clflush size	: 64
cache_alignment	: 64
address sizes	: 39 bits physical, 48 bits virtual
power management:



Memory: 4k page, physical 32847296k(11190300k free), swap 33452028k(33452028k free)

vm_info: Java HotSpot(TM) 64-Bit Server VM (24.75-b04) for linux-amd64 JRE (1.7.0_75-b13), built on Dec 18 2014 16:45:18 by "java_re" with gcc 4.3.0 20080428 (Red Hat 4.3.0-8)

time: Thu Dec 10 11:26:09 2015
elapsed time: 1 seconds

