#
# A fatal error has been detected by the Java Runtime Environment:
#
#  SIGSEGV (0xb) at pc=0x00007f111cbd6531, pid=21773, tid=139711298541312
#
# JRE version: Java(TM) SE Runtime Environment (7.0_75-b13) (build 1.7.0_75-b13)
# Java VM: Java HotSpot(TM) 64-Bit Server VM (24.75-b04 mixed mode linux-amd64 compressed oops)
# Problematic frame:
# V  [libjvm.so+0x887531]  oopDesc* PSPromotionManager::copy_to_survivor_space<false>(oopDesc*)+0x81
#
# Failed to write core dump. Core dumps have been disabled. To enable core dumping, try "ulimit -c unlimited" before starting Java again
#
# If you would like to submit a bug report, please visit:
#   http://bugreport.sun.com/bugreport/crash.jsp
#

---------------  T H R E A D  ---------------

Current thread (0x00007f1118021000):  GCTaskThread [stack: 0x00007f1112421000,0x00007f1112522000] [id=21780]

siginfo:si_signo=SIGSEGV: si_errno=0, si_code=1 (SEGV_MAPERR), si_addr=0x0000000000000000

Registers:
RAX=0x0000000000000000, RBX=0x0000000760d0188c, RCX=0x0000000000000001, RDX=0x0000000000000006
RSP=0x00007f1112520920, RBP=0x00007f1112520990, RSI=0x0000000000000001, RDI=0xfffffffffffffff8
R8 =0x0000000000000001, R9 =0x00007f111d18e518, R10=0x00000000ec1a0315, R11=0x00007f111d34ea30
R12=0x00000007596f5520, R13=0x0000000000000000, R14=0x0000000000000000, R15=0x0000000000000003
RIP=0x00007f111cbd6531, EFLAGS=0x0000000000010246, CSGSFS=0x0000000000000033, ERR=0x0000000000000004
  TRAPNO=0x000000000000000e

Top of Stack: (sp=0x00007f1112520920)
0x00007f1112520920:   00007f11125209a0 00007f111d18e518
0x00007f1112520930:   0000000760d00a39 00007f1118068950
0x00007f1112520940:   00000006063ce330 0000000760d00a38
0x00007f1112520950:   0000000760d013c5 00007f111c901cb8
0x00007f1112520960:   0000000605a3b9c8 0000000760d0188c
0x00007f1112520970:   00007f1118068950 00007f111d172cc0
0x00007f1112520980:   0000000000000000 00007f11180689c0
0x00007f1112520990:   00007f1112520a80 00007f111cbd5e00
0x00007f11125209a0:   00007f1112520a20 00007f1112520a10
0x00007f11125209b0:   00007f1112520a20 00007f11125209e0
0x00007f11125209c0:   00007f11125209f0 00007f1112520a40
0x00007f11125209d0:   0000000000000000 00007f11180689f0
0x00007f11125209e0:   0000000000000058 00007f1118068950
0x00007f11125209f0:   0000000000000000 00007f111806cd70
0x00007f1112520a00:   0000000000000030 00007f111806cd40
0x00007f1112520a10:   00007f1112520ae0 00007f11180647a0
0x00007f1112520a20:   00007f1112520a40 00007f111cbd949d
0x00007f1112520a30:   00007f11180215c0 000000000000001f
0x00007f1112520a40:   0000000760d0188d 00007f111c9c43fa
0x00007f1112520a50:   00007f11180208e0 00007f1118028e30
0x00007f1112520a60:   00007f1118068950 0000000000000001
0x00007f1112520a70:   00007f11180215c0 00007f111cd642f8
0x00007f1112520a80:   00007f1112520b30 00007f111cbd99f2
0x00007f1112520a90:   00007f11180208c0 0000000000000000
0x00007f1112520aa0:   00007f1112520af0 00007f111cb30ece
0x00007f1112520ab0:   00007f11180208c0 00007f1118021000
0x00007f1112520ac0:   00007f111d14fc50 0000000000000000
0x00007f1112520ad0:   0000000000000000 00007f1118068950
0x00007f1112520ae0:   00007f111d14fa70 00007f1118028e00
0x00007f1112520af0:   0000000000000000 00007f1118068950
0x00007f1112520b00:   00007f1112520b30 00007f1118028e30
0x00007f1112520b10:   00007f1118021000 0000000000000001 

Instructions: (pc=0x00007f111cbd6531)
0x00007f111cbd6511:   01 0f 85 28 01 00 00 89 f0 c1 f8 03 41 f6 c5 01
0x00007f111cbd6521:   4c 63 f8 0f 85 37 01 00 00 4c 89 e8 48 83 e0 fd
0x00007f111cbd6531:   48 8b 00 48 c1 e8 03 89 c2 48 8b 05 d7 32 58 00
0x00007f111cbd6541:   83 e2 0f 3b 10 0f 8d 30 01 00 00 48 8b 5d a8 4e 

Register to memory mapping:

RAX=0x0000000000000000 is an unknown value
RBX=0x0000000760d0188c is an unknown value
RCX=0x0000000000000001 is an unknown value
RDX=0x0000000000000006 is an unknown value
RSP=0x00007f1112520920 is an unknown value
RBP=0x00007f1112520990 is an unknown value
RSI=0x0000000000000001 is an unknown value
RDI=0xfffffffffffffff8 is an unknown value
R8 =0x0000000000000001 is an unknown value
R9 =0x00007f111d18e518: <offset 0xe3f518> in /opt/jdk1.7.0_75/jre/lib/amd64/server/libjvm.so at 0x00007f111c34f000
R10=0x00000000ec1a0315 is an unknown value
R11=0x00007f111d34ea30: <offset 0x187a30> in /lib/x86_64-linux-gnu/libc.so.6 at 0x00007f111d1c7000
R12=0x00000007596f5520 is an unknown value
R13=0x0000000000000000 is an unknown value
R14=0x0000000000000000 is an unknown value
R15=0x0000000000000003 is an unknown value


Stack: [0x00007f1112421000,0x00007f1112522000],  sp=0x00007f1112520920,  free space=1022k
Native frames: (J=compiled Java code, j=interpreted, Vv=VM code, C=native code)
V  [libjvm.so+0x887531]  oopDesc* PSPromotionManager::copy_to_survivor_space<false>(oopDesc*)+0x81
V  [libjvm.so+0x886e00]  PSPromotionManager::drain_stacks_depth(bool)+0x7c0
V  [libjvm.so+0x88a9f2]  ScavengeRootsTask::do_it(GCTaskManager*, unsigned int)+0x92
V  [libjvm.so+0x5572cf]  GCTaskThread::run()+0x12f
V  [libjvm.so+0x820b88]  java_start(Thread*)+0x108


---------------  P R O C E S S  ---------------

Java Threads: ( => current thread )
  0x00007f1118bb5800 JavaThread "Timer-0" daemon [_thread_blocked, id=21808, stack(0x00007f10bf5ac000,0x00007f10bf6ad000)]
  0x00007f111882f000 JavaThread "Abandoned connection cleanup thread" daemon [_thread_blocked, id=21798, stack(0x00007f10bf6ad000,0x00007f10bf7ae000)]
  0x00007f1118564800 JavaThread "HashSessionScavenger-0" daemon [_thread_blocked, id=21796, stack(0x00007f10c4038000,0x00007f10c4139000)]
  0x00007f11183d3800 JavaThread "Eclipse Jetty Console" daemon [_thread_in_native, id=21795, stack(0x00007f10ec0f0000,0x00007f10ec1f1000)]
  0x00007f11183b2800 JavaThread "AWT-XAWT" daemon [_thread_in_native, id=21794, stack(0x00007f10ece19000,0x00007f10ecf1a000)]
  0x00007f111839d800 JavaThread "Java2D Disposer" daemon [_thread_blocked, id=21793, stack(0x00007f10ed32a000,0x00007f10ed42b000)]
  0x00007f1118099800 JavaThread "Service Thread" daemon [_thread_blocked, id=21790, stack(0x00007f10ef213000,0x00007f10ef314000)]
  0x00007f1118097800 JavaThread "C2 CompilerThread1" daemon [_thread_blocked, id=21789, stack(0x00007f10ef314000,0x00007f10ef415000)]
  0x00007f1118094800 JavaThread "C2 CompilerThread0" daemon [_thread_blocked, id=21788, stack(0x00007f10ef415000,0x00007f10ef516000)]
  0x00007f1118092000 JavaThread "Signal Dispatcher" daemon [_thread_blocked, id=21787, stack(0x00007f10ef516000,0x00007f10ef617000)]
  0x00007f1118071800 JavaThread "Finalizer" daemon [_thread_blocked, id=21786, stack(0x00007f10efcfd000,0x00007f10efdfe000)]
  0x00007f111806f800 JavaThread "Reference Handler" daemon [_thread_blocked, id=21785, stack(0x00007f10efdfe000,0x00007f10efeff000)]
  0x00007f111800b000 JavaThread "main" [_thread_blocked, id=21779, stack(0x00007f111dcc2000,0x00007f111ddc3000)]

Other Threads:
  0x00007f111806b000 VMThread [stack: 0x00007f10efeff000,0x00007f10f0000000] [id=21784]
  0x00007f11180a4000 WatcherThread [stack: 0x00007f10ef112000,0x00007f10ef213000] [id=21791]

=>0x00007f1118021000 (exited) GCTaskThread [stack: 0x00007f1112421000,0x00007f1112522000] [id=21780]

VM state:at safepoint (normal execution)

VM Mutex/Monitor currently owned by a thread:  ([mutex/lock_event])
[0x00007f1118007840] Threads_lock - owner thread: 0x00007f111806b000
[0x00007f1118007d40] Heap_lock - owner thread: 0x00007f111800b000

Heap
 PSYoungGen      total 150528K, used 129536K [0x0000000758e80000, 0x0000000763600000, 0x0000000800000000)
  eden space 129536K, 100% used [0x0000000758e80000,0x0000000760d00000,0x0000000760d00000)
  from space 20992K, 0% used [0x0000000762180000,0x0000000762180000,0x0000000763600000)
  to   space 20992K, 13% used [0x0000000760d00000,0x0000000760fc8020,0x0000000762180000)
 ParOldGen       total 342016K, used 72K [0x000000060ac00000, 0x000000061fa00000, 0x0000000758e80000)
  object space 342016K, 0% used [0x000000060ac00000,0x000000060ac12010,0x000000061fa00000)
 PSPermGen       total 24576K, used 24477K [0x0000000605a00000, 0x0000000607200000, 0x000000060ac00000)
  object space 24576K, 99% used [0x0000000605a00000,0x00000006071e75f8,0x0000000607200000)

Card table byte_map: [0x00007f1112f94000,0x00007f1113f68000] byte_map_base: 0x00007f110ff67000

Polling page: 0x00007f111dde4000

Code Cache  [0x00007f1113f68000, 0x00007f11141d8000, 0x00007f1116f68000)
 total_blobs=790 nmethods=326 adapters=417 free_code_cache=47739Kb largest_free_block=48860160

Compilation events (10 events):
Event: 1.999 Thread 0x00007f1118097800  322             org.apache.log4j.PatternLayout::format (72 bytes)
Event: 2.007 Thread 0x00007f1118097800 nmethod 322 0x00007f11140c7610 code [0x00007f11140c77c0, 0x00007f11140c84c8]
Event: 2.035 Thread 0x00007f1118094800  323             java.net.URL::getQuery (5 bytes)
Event: 2.035 Thread 0x00007f1118094800 nmethod 323 0x00007f11140ab590 code [0x00007f11140ab6c0, 0x00007f11140ab738]
Event: 2.038 Thread 0x00007f1118097800  324             java.util.zip.Inflater::ensureOpen (47 bytes)
Event: 2.039 Thread 0x00007f1118097800 nmethod 324 0x00007f11140ab310 code [0x00007f11140ab460, 0x00007f11140ab4f8]
Event: 2.045 Thread 0x00007f1118094800  325 %           java.util.Properties::load0 @ 30 (250 bytes)
Event: 2.046 Thread 0x00007f1118097800  326             java.util.HashMap::createEntry (39 bytes)
Event: 2.047 Thread 0x00007f1118097800 nmethod 326 0x00007f11140c9210 code [0x00007f11140c9360, 0x00007f11140c9538]
Event: 2.070 Thread 0x00007f1118094800 nmethod 325% 0x00007f11140cd010 code [0x00007f11140cd240, 0x00007f11140ce650]

GC Heap History (1 events):
Event: 2.082 GC heap before
{Heap before GC invocations=1 (full 0):
 PSYoungGen      total 150528K, used 129536K [0x0000000758e80000, 0x0000000763600000, 0x0000000800000000)
  eden space 129536K, 100% used [0x0000000758e80000,0x0000000760d00000,0x0000000760d00000)
  from space 20992K, 0% used [0x0000000762180000,0x0000000762180000,0x0000000763600000)
  to   space 20992K, 0% used [0x0000000760d00000,0x0000000760d00000,0x0000000762180000)
 ParOldGen       total 342016K, used 0K [0x000000060ac00000, 0x000000061fa00000, 0x0000000758e80000)
  object space 342016K, 0% used [0x000000060ac00000,0x000000060ac00000,0x000000061fa00000)
 PSPermGen       total 24576K, used 24477K [0x0000000605a00000, 0x0000000607200000, 0x000000060ac00000)
  object space 24576K, 99% used [0x0000000605a00000,0x00000006071e75f8,0x0000000607200000)

Deoptimization events (10 events):
Event: 1.318 Thread 0x00007f111800b000 Uncommon trap: reason=bimorphic action=maybe_recompile pc=0x00007f1114062858 method=com.sun.org.apache.xerces.internal.impl.XMLDocumentFragmentScannerImpl.scanDocument(Z)Z @ 103
Event: 1.332 Thread 0x00007f111800b000 Uncommon trap: reason=bimorphic action=maybe_recompile pc=0x00007f1114062858 method=com.sun.org.apache.xerces.internal.impl.XMLDocumentFragmentScannerImpl.scanDocument(Z)Z @ 103
Event: 1.346 Thread 0x00007f111800b000 Uncommon trap: reason=class_check action=maybe_recompile pc=0x00007f1114060ca4 method=com.sun.org.apache.xerces.internal.impl.XMLDocumentFragmentScannerImpl.scanDocument(Z)Z @ 147
Event: 1.353 Thread 0x00007f111800b000 Uncommon trap: reason=unreached action=reinterpret pc=0x00007f11140262c8 method=com.sun.org.apache.xerces.internal.dom.ParentNode.nodeListItem(I)Lorg/w3c/dom/Node; @ 167
Event: 1.570 Thread 0x00007f111800b000 Uncommon trap: reason=unreached action=reinterpret pc=0x00007f1114090170 method=java.lang.Class.searchMethods([Ljava/lang/reflect/Method;Ljava/lang/String;[Ljava/lang/Class;)Ljava/lang/reflect/Method; @ 47
Event: 1.591 Thread 0x00007f111800b000 Uncommon trap: reason=unreached action=reinterpret pc=0x00007f111402a794 method=java.lang.AbstractStringBuilder.append(Ljava/lang/String;)Ljava/lang/AbstractStringBuilder; @ 1
Event: 1.630 Thread 0x00007f111800b000 Uncommon trap: reason=class_check action=maybe_recompile pc=0x00007f1113fed240 method=java.lang.String.equals(Ljava/lang/Object;)Z @ 8
Event: 1.630 Thread 0x00007f111800b000 Uncommon trap: reason=class_check action=maybe_recompile pc=0x00007f1113fed240 method=java.lang.String.equals(Ljava/lang/Object;)Z @ 8
Event: 1.943 Thread 0x00007f111800b000 Uncommon trap: reason=class_check action=maybe_recompile pc=0x00007f1113fed240 method=java.lang.String.equals(Ljava/lang/Object;)Z @ 8
Event: 1.943 Thread 0x00007f111800b000 Uncommon trap: reason=class_check action=maybe_recompile pc=0x00007f1113fed240 method=java.lang.String.equals(Ljava/lang/Object;)Z @ 8

Internal exceptions (10 events):
Event: 2.047 Thread 0x00007f111800b000 Threw 0x0000000760b21490 at /HUDSON/workspace/7u-2-build-linux-amd64/jdk7u75/1940/hotspot/src/share/vm/prims/jvm.cpp:1281
Event: 2.048 Thread 0x00007f111800b000 Threw 0x0000000760b25760 at /HUDSON/workspace/7u-2-build-linux-amd64/jdk7u75/1940/hotspot/src/share/vm/prims/jvm.cpp:1281
Event: 2.048 Thread 0x00007f111800b000 Threw 0x0000000760b25a88 at /HUDSON/workspace/7u-2-build-linux-amd64/jdk7u75/1940/hotspot/src/share/vm/prims/jvm.cpp:1281
Event: 2.048 Thread 0x00007f111800b000 Threw 0x0000000760b2eee0 at /HUDSON/workspace/7u-2-build-linux-amd64/jdk7u75/1940/hotspot/src/share/vm/prims/jvm.cpp:1281
Event: 2.048 Thread 0x00007f111800b000 Threw 0x0000000760b2f208 at /HUDSON/workspace/7u-2-build-linux-amd64/jdk7u75/1940/hotspot/src/share/vm/prims/jvm.cpp:1281
Event: 2.048 Thread 0x00007f111800b000 Threw 0x0000000760b32328 at /HUDSON/workspace/7u-2-build-linux-amd64/jdk7u75/1940/hotspot/src/share/vm/prims/jvm.cpp:1281
Event: 2.048 Thread 0x00007f111800b000 Threw 0x0000000760b32c20 at /HUDSON/workspace/7u-2-build-linux-amd64/jdk7u75/1940/hotspot/src/share/vm/prims/jvm.cpp:1281
Event: 2.048 Thread 0x00007f111800b000 Threw 0x0000000760b35aa8 at /HUDSON/workspace/7u-2-build-linux-amd64/jdk7u75/1940/hotspot/src/share/vm/prims/jvm.cpp:1281
Event: 2.048 Thread 0x00007f111800b000 Threw 0x0000000760b3a000 at /HUDSON/workspace/7u-2-build-linux-amd64/jdk7u75/1940/hotspot/src/share/vm/prims/jvm.cpp:1281
Event: 2.048 Thread 0x00007f111800b000 Threw 0x0000000760b3a328 at /HUDSON/workspace/7u-2-build-linux-amd64/jdk7u75/1940/hotspot/src/share/vm/prims/jvm.cpp:1281

Events (10 events):
Event: 2.067 loading class 0x00007f11187d4270 done
Event: 2.069 loading class 0x00007f111899e2a0
Event: 2.069 loading class 0x00007f11187d4240
Event: 2.070 loading class 0x00007f11187d4240 done
Event: 2.070 loading class 0x00007f111899e2a0 done
Event: 2.078 loading class 0x00007f1118bb9450
Event: 2.078 loading class 0x00007f1118bb9450 done
Event: 2.079 loading class 0x00007f111899f5a0
Event: 2.079 loading class 0x00007f111899f5a0 done
Event: 2.082 Executing VM operation: ParallelGCFailedAllocation


Dynamic libraries:
00400000-00401000 r-xp 00000000 08:01 67635064                           /opt/jdk1.7.0_75/bin/java
00600000-00601000 rw-p 00000000 08:01 67635064                           /opt/jdk1.7.0_75/bin/java
00a10000-00a31000 rw-p 00000000 00:00 0                                  [heap]
605a00000-607200000 rw-p 00000000 00:00 0 
607200000-60ac00000 rw-p 00000000 00:00 0 
60ac00000-61fa00000 rw-p 00000000 00:00 0 
61fa00000-758e80000 rw-p 00000000 00:00 0 
758e80000-763600000 rw-p 00000000 00:00 0 
763600000-800000000 rw-p 00000000 00:00 0 
7f10a8000000-7f10a8021000 rw-p 00000000 00:00 0 
7f10a8021000-7f10ac000000 ---p 00000000 00:00 0 
7f10b0000000-7f10b0021000 rw-p 00000000 00:00 0 
7f10b0021000-7f10b4000000 ---p 00000000 00:00 0 
7f10b4000000-7f10b4021000 rw-p 00000000 00:00 0 
7f10b4021000-7f10b8000000 ---p 00000000 00:00 0 
7f10b8000000-7f10b8021000 rw-p 00000000 00:00 0 
7f10b8021000-7f10bc000000 ---p 00000000 00:00 0 
7f10bf5ac000-7f10bf5af000 ---p 00000000 00:00 0 
7f10bf5af000-7f10bf6ad000 rw-p 00000000 00:00 0                          [stack:21808]
7f10bf6ad000-7f10bf6b0000 ---p 00000000 00:00 0 
7f10bf6b0000-7f10bf7ae000 rw-p 00000000 00:00 0                          [stack:21798]
7f10bf7ae000-7f10bf7b5000 r-xp 00000000 08:01 33300557                   /usr/lib/x86_64-linux-gnu/libogg.so.0.8.1
7f10bf7b5000-7f10bf9b5000 ---p 00007000 08:01 33300557                   /usr/lib/x86_64-linux-gnu/libogg.so.0.8.1
7f10bf9b5000-7f10bf9b6000 r--p 00007000 08:01 33300557                   /usr/lib/x86_64-linux-gnu/libogg.so.0.8.1
7f10bf9b6000-7f10bf9b7000 rw-p 00008000 08:01 33300557                   /usr/lib/x86_64-linux-gnu/libogg.so.0.8.1
7f10bf9b7000-7f10bf9e3000 r-xp 00000000 08:01 33300833                   /usr/lib/x86_64-linux-gnu/libvorbis.so.0.4.5
7f10bf9e3000-7f10bfbe2000 ---p 0002c000 08:01 33300833                   /usr/lib/x86_64-linux-gnu/libvorbis.so.0.4.5
7f10bfbe2000-7f10bfbe3000 r--p 0002b000 08:01 33300833                   /usr/lib/x86_64-linux-gnu/libvorbis.so.0.4.5
7f10bfbe3000-7f10bfbe4000 rw-p 0002c000 08:01 33300833                   /usr/lib/x86_64-linux-gnu/libvorbis.so.0.4.5
7f10bfbe4000-7f10bfbed000 r-xp 00000000 08:01 33300463                   /usr/lib/x86_64-linux-gnu/libltdl.so.7.3.0
7f10bfbed000-7f10bfdec000 ---p 00009000 08:01 33300463                   /usr/lib/x86_64-linux-gnu/libltdl.so.7.3.0
7f10bfdec000-7f10bfded000 r--p 00008000 08:01 33300463                   /usr/lib/x86_64-linux-gnu/libltdl.so.7.3.0
7f10bfded000-7f10bfdee000 rw-p 00009000 08:01 33300463                   /usr/lib/x86_64-linux-gnu/libltdl.so.7.3.0
7f10bfdee000-7f10bfdff000 r-xp 00000000 08:01 33300752                   /usr/lib/x86_64-linux-gnu/libtdb.so.1.2.12
7f10bfdff000-7f10bfffe000 ---p 00011000 08:01 33300752                   /usr/lib/x86_64-linux-gnu/libtdb.so.1.2.12
7f10bfffe000-7f10bffff000 r--p 00010000 08:01 33300752                   /usr/lib/x86_64-linux-gnu/libtdb.so.1.2.12
7f10bffff000-7f10c0000000 rw-p 00011000 08:01 33300752                   /usr/lib/x86_64-linux-gnu/libtdb.so.1.2.12
7f10c0000000-7f10c0021000 rw-p 00000000 00:00 0 
7f10c0021000-7f10c4000000 ---p 00000000 00:00 0 
7f10c4038000-7f10c403b000 ---p 00000000 00:00 0 
7f10c403b000-7f10c4139000 rw-p 00000000 00:00 0                          [stack:21796]
7f10c4139000-7f10c4140000 r-xp 00000000 08:01 33300837                   /usr/lib/x86_64-linux-gnu/libvorbisfile.so.3.3.4
7f10c4140000-7f10c433f000 ---p 00007000 08:01 33300837                   /usr/lib/x86_64-linux-gnu/libvorbisfile.so.3.3.4
7f10c433f000-7f10c4340000 r--p 00006000 08:01 33300837                   /usr/lib/x86_64-linux-gnu/libvorbisfile.so.3.3.4
7f10c4340000-7f10c4341000 rw-p 00007000 08:01 33300837                   /usr/lib/x86_64-linux-gnu/libvorbisfile.so.3.3.4
7f10c4341000-7f10c439b000 r-xp 00000000 08:01 33294300                   /usr/lib/x86_64-linux-gnu/libORBit-2.so.0.1.0
7f10c439b000-7f10c459b000 ---p 0005a000 08:01 33294300                   /usr/lib/x86_64-linux-gnu/libORBit-2.so.0.1.0
7f10c459b000-7f10c45aa000 r--p 0005a000 08:01 33294300                   /usr/lib/x86_64-linux-gnu/libORBit-2.so.0.1.0
7f10c45aa000-7f10c45ad000 rw-p 00069000 08:01 33294300                   /usr/lib/x86_64-linux-gnu/libORBit-2.so.0.1.0
7f10c45ad000-7f10c45b2000 r-xp 00000000 08:01 33294301                   /usr/lib/x86_64-linux-gnu/libORBitCosNaming-2.so.0.1.0
7f10c45b2000-7f10c47b2000 ---p 00005000 08:01 33294301                   /usr/lib/x86_64-linux-gnu/libORBitCosNaming-2.so.0.1.0
7f10c47b2000-7f10c47b3000 r--p 00005000 08:01 33294301                   /usr/lib/x86_64-linux-gnu/libORBitCosNaming-2.so.0.1.0
7f10c47b3000-7f10c47b4000 rw-p 00006000 08:01 33294301                   /usr/lib/x86_64-linux-gnu/libORBitCosNaming-2.so.0.1.0
7f10c47b4000-7f10c47bf000 r-xp 00000000 08:01 72355867                   /lib/x86_64-linux-gnu/libpopt.so.0.0.0
7f10c47bf000-7f10c49be000 ---p 0000b000 08:01 72355867                   /lib/x86_64-linux-gnu/libpopt.so.0.0.0
7f10c49be000-7f10c49bf000 r--p 0000a000 08:01 72355867                   /lib/x86_64-linux-gnu/libpopt.so.0.0.0
7f10c49bf000-7f10c49c0000 rw-p 0000b000 08:01 72355867                   /lib/x86_64-linux-gnu/libpopt.so.0.0.0
7f10c49c0000-7f10c49cf000 r-xp 00000000 08:01 33299977                   /usr/lib/x86_64-linux-gnu/libcanberra.so.0.2.5
7f10c49cf000-7f10c4bce000 ---p 0000f000 08:01 33299977                   /usr/lib/x86_64-linux-gnu/libcanberra.so.0.2.5
7f10c4bce000-7f10c4bcf000 r--p 0000e000 08:01 33299977                   /usr/lib/x86_64-linux-gnu/libcanberra.so.0.2.5
7f10c4bcf000-7f10c4bd0000 rw-p 0000f000 08:01 33299977                   /usr/lib/x86_64-linux-gnu/libcanberra.so.0.2.5
7f10c4bd0000-7f10c4bd1000 r-xp 00000000 08:01 33300356                   /usr/lib/x86_64-linux-gnu/libgthread-2.0.so.0.4002.0
7f10c4bd1000-7f10c4dd0000 ---p 00001000 08:01 33300356                   /usr/lib/x86_64-linux-gnu/libgthread-2.0.so.0.4002.0
7f10c4dd0000-7f10c4dd1000 r--p 00000000 08:01 33300356                   /usr/lib/x86_64-linux-gnu/libgthread-2.0.so.0.4002.0
7f10c4dd1000-7f10c4dd2000 rw-p 00001000 08:01 33300356                   /usr/lib/x86_64-linux-gnu/libgthread-2.0.so.0.4002.0
7f10c4dd2000-7f10c4de8000 r-xp 00000000 08:01 33294306                   /usr/lib/x86_64-linux-gnu/libbonobo-activation.so.4.0.0
7f10c4de8000-7f10c4fe8000 ---p 00016000 08:01 33294306                   /usr/lib/x86_64-linux-gnu/libbonobo-activation.so.4.0.0
7f10c4fe8000-7f10c4fea000 r--p 00016000 08:01 33294306                   /usr/lib/x86_64-linux-gnu/libbonobo-activation.so.4.0.0
7f10c4fea000-7f10c4fec000 rw-p 00018000 08:01 33294306                   /usr/lib/x86_64-linux-gnu/libbonobo-activation.so.4.0.0
7f10c4fec000-7f10c504c000 r-xp 00000000 08:01 33294307                   /usr/lib/x86_64-linux-gnu/libbonobo-2.so.0.0.0
7f10c504c000-7f10c524c000 ---p 00060000 08:01 33294307                   /usr/lib/x86_64-linux-gnu/libbonobo-2.so.0.0.0
7f10c524c000-7f10c5251000 r--p 00060000 08:01 33294307                   /usr/lib/x86_64-linux-gnu/libbonobo-2.so.0.0.0
7f10c5251000-7f10c525c000 rw-p 00065000 08:01 33294307                   /usr/lib/x86_64-linux-gnu/libbonobo-2.so.0.0.0
7f10c525c000-7f10c5271000 r-xp 00000000 08:01 33294313                   /usr/lib/x86_64-linux-gnu/libgnome-2.so.0.3200.1
7f10c5271000-7f10c5471000 ---p 00015000 08:01 33294313                   /usr/lib/x86_64-linux-gnu/libgnome-2.so.0.3200.1
7f10c5471000-7f10c5472000 r--p 00015000 08:01 33294313                   /usr/lib/x86_64-linux-gnu/libgnome-2.so.0.3200.1
7f10c5472000-7f10c5473000 rw-p 00016000 08:01 33294313                   /usr/lib/x86_64-linux-gnu/libgnome-2.so.0.3200.1
7f10c5473000-7f10c5477000 r-xp 00000000 08:01 72355783                   /lib/x86_64-linux-gnu/libgpg-error.so.0.10.0
7f10c5477000-7f10c5676000 ---p 00004000 08:01 72355783                   /lib/x86_64-linux-gnu/libgpg-error.so.0.10.0
7f10c5676000-7f10c5677000 r--p 00003000 08:01 72355783                   /lib/x86_64-linux-gnu/libgpg-error.so.0.10.0
7f10c5677000-7f10c5678000 rw-p 00004000 08:01 72355783                   /lib/x86_64-linux-gnu/libgpg-error.so.0.10.0
7f10c5678000-7f10c5698000 r-xp 00000000 08:01 72355880                   /lib/x86_64-linux-gnu/libselinux.so.1
7f10c5698000-7f10c5897000 ---p 00020000 08:01 72355880                   /lib/x86_64-linux-gnu/libselinux.so.1
7f10c5897000-7f10c5898000 r--p 0001f000 08:01 72355880                   /lib/x86_64-linux-gnu/libselinux.so.1
7f10c5898000-7f10c5899000 rw-p 00020000 08:01 72355880                   /lib/x86_64-linux-gnu/libselinux.so.1
7f10c5899000-7f10c589b000 rw-p 00000000 00:00 0 
7f10c589b000-7f10c58d8000 r-xp 00000000 08:01 72355683                   /lib/x86_64-linux-gnu/libpcre.so.3.13.1
7f10c58d8000-7f10c5ad7000 ---p 0003d000 08:01 72355683                   /lib/x86_64-linux-gnu/libpcre.so.3.13.1
7f10c5ad7000-7f10c5ad8000 r--p 0003c000 08:01 72355683                   /lib/x86_64-linux-gnu/libpcre.so.3.13.1
7f10c5ad8000-7f10c5ad9000 rw-p 0003d000 08:01 72355683                   /lib/x86_64-linux-gnu/libpcre.so.3.13.1
7f10c5ad9000-7f10c5b14000 r-xp 00000000 08:01 33300565                   /usr/lib/x86_64-linux-gnu/libp11-kit.so.0.0.0
7f10c5b14000-7f10c5d13000 ---p 0003b000 08:01 33300565                   /usr/lib/x86_64-linux-gnu/libp11-kit.so.0.0.0
7f10c5d13000-7f10c5d19000 r--p 0003a000 08:01 33300565                   /usr/lib/x86_64-linux-gnu/libp11-kit.so.0.0.0
7f10c5d19000-7f10c5d1b000 rw-p 00040000 08:01 33300565                   /usr/lib/x86_64-linux-gnu/libp11-kit.so.0.0.0
7f10c5d1b000-7f10c5d2d000 r-xp 00000000 08:01 33294480                   /usr/lib/x86_64-linux-gnu/libtasn1.so.6.2.0
7f10c5d2d000-7f10c5f2d000 ---p 00012000 08:01 33294480                   /usr/lib/x86_64-linux-gnu/libtasn1.so.6.2.0
7f10c5f2d000-7f10c5f2e000 r--p 00012000 08:01 33294480                   /usr/lib/x86_64-linux-gnu/libtasn1.so.6.2.0
7f10c5f2e000-7f10c5f2f000 rw-p 00013000 08:01 33294480                   /usr/lib/x86_64-linux-gnu/libtasn1.so.6.2.0
7f10c5f2f000-7f10c5fab000 r-xp 00000000 08:01 72356063                   /lib/x86_64-linux-gnu/libgcrypt.so.11.8.2
7f10c5fab000-7f10c61ab000 ---p 0007c000 08:01 72356063                   /lib/x86_64-linux-gnu/libgcrypt.so.11.8.2
7f10c61ab000-7f10c61ac000 r--p 0007c000 08:01 72356063                   /lib/x86_64-linux-gnu/libgcrypt.so.11.8.2
7f10c61ac000-7f10c61af000 rw-p 0007d000 08:01 72356063                   /lib/x86_64-linux-gnu/libgcrypt.so.11.8.2
7f10c61af000-7f10c61b6000 r-xp 00000000 08:01 33300120                   /usr/lib/x86_64-linux-gnu/libffi.so.6.0.1
7f10c61b6000-7f10c63b5000 ---p 00007000 08:01 33300120                   /usr/lib/x86_64-linux-gnu/libffi.so.6.0.1
7f10c63b5000-7f10c63b6000 r--p 00006000 08:01 33300120                   /usr/lib/x86_64-linux-gnu/libffi.so.6.0.1
7f10c63b6000-7f10c63b7000 rw-p 00007000 08:01 33300120                   /usr/lib/x86_64-linux-gnu/libffi.so.6.0.1
7f10c63b7000-7f10c6523000 r-xp 00000000 08:01 33300221                   /usr/lib/x86_64-linux-gnu/libgio-2.0.so.0.4002.0
7f10c6523000-7f10c6722000 ---p 0016c000 08:01 33300221                   /usr/lib/x86_64-linux-gnu/libgio-2.0.so.0.4002.0
7f10c6722000-7f10c6726000 r--p 0016b000 08:01 33300221                   /usr/lib/x86_64-linux-gnu/libgio-2.0.so.0.4002.0
7f10c6726000-7f10c6728000 rw-p 0016f000 08:01 33300221                   /usr/lib/x86_64-linux-gnu/libgio-2.0.so.0.4002.0
7f10c6728000-7f10c672a000 rw-p 00000000 00:00 0 
7f10c672a000-7f10c674b000 r-xp 00000000 08:01 72355797                   /lib/x86_64-linux-gnu/liblzma.so.5.0.0
7f10c674b000-7f10c694a000 ---p 00021000 08:01 72355797                   /lib/x86_64-linux-gnu/liblzma.so.5.0.0
7f10c694a000-7f10c694b000 r--p 00020000 08:01 72355797                   /lib/x86_64-linux-gnu/liblzma.so.5.0.0
7f10c694b000-7f10c694c000 rw-p 00021000 08:01 72355797                   /lib/x86_64-linux-gnu/liblzma.so.5.0.0
7f10c694c000-7f10c6964000 r-xp 00000000 08:01 72355913                   /lib/x86_64-linux-gnu/libz.so.1.2.8
7f10c6964000-7f10c6b63000 ---p 00018000 08:01 72355913                   /lib/x86_64-linux-gnu/libz.so.1.2.8
7f10c6b63000-7f10c6b64000 r--p 00017000 08:01 72355913                   /lib/x86_64-linux-gnu/libz.so.1.2.8
7f10c6b64000-7f10c6b65000 rw-p 00018000 08:01 72355913                   /lib/x86_64-linux-gnu/libz.so.1.2.8
7f10c6b65000-7f10c6b67000 r-xp 00000000 08:01 72351834                   /lib/x86_64-linux-gnu/libutil-2.19.so
7f10c6b67000-7f10c6d66000 ---p 00002000 08:01 72351834                   /lib/x86_64-linux-gnu/libutil-2.19.so
7f10c6d66000-7f10c6d67000 r--p 00001000 08:01 72351834                   /lib/x86_64-linux-gnu/libutil-2.19.so
7f10c6d67000-7f10c6d68000 rw-p 00002000 08:01 72351834                   /lib/x86_64-linux-gnu/libutil-2.19.so
7f10c6d68000-7f10c6d7f000 r-xp 00000000 08:01 72351749                   /lib/x86_64-linux-gnu/libresolv-2.19.so
7f10c6d7f000-7f10c6f7f000 ---p 00017000 08:01 72351749                   /lib/x86_64-linux-gnu/libresolv-2.19.so
7f10c6f7f000-7f10c6f80000 r--p 00017000 08:01 72351749                   /lib/x86_64-linux-gnu/libresolv-2.19.so
7f10c6f80000-7f10c6f81000 rw-p 00018000 08:01 72351749                   /lib/x86_64-linux-gnu/libresolv-2.19.so
7f10c6f81000-7f10c6f83000 rw-p 00000000 00:00 0 
7f10c6f83000-7f10c6f92000 r-xp 00000000 08:01 33299942                   /usr/lib/x86_64-linux-gnu/libavahi-client.so.3.2.9
7f10c6f92000-7f10c7192000 ---p 0000f000 08:01 33299942                   /usr/lib/x86_64-linux-gnu/libavahi-client.so.3.2.9
7f10c7192000-7f10c7193000 r--p 0000f000 08:01 33299942                   /usr/lib/x86_64-linux-gnu/libavahi-client.so.3.2.9
7f10c7193000-7f10c7194000 rw-p 00010000 08:01 33299942                   /usr/lib/x86_64-linux-gnu/libavahi-client.so.3.2.9
7f10c7194000-7f10c719f000 r-xp 00000000 08:01 33299944                   /usr/lib/x86_64-linux-gnu/libavahi-common.so.3.5.3
7f10c719f000-7f10c739e000 ---p 0000b000 08:01 33299944                   /usr/lib/x86_64-linux-gnu/libavahi-common.so.3.5.3
7f10c739e000-7f10c739f000 r--p 0000a000 08:01 33299944                   /usr/lib/x86_64-linux-gnu/libavahi-common.so.3.5.3
7f10c739f000-7f10c73a0000 rw-p 0000b000 08:01 33299944                   /usr/lib/x86_64-linux-gnu/libavahi-common.so.3.5.3
7f10c73a0000-7f10c74a6000 r-xp 00000000 08:01 72355781                   /lib/x86_64-linux-gnu/libglib-2.0.so.0.4002.0
7f10c74a6000-7f10c76a5000 ---p 00106000 08:01 72355781                   /lib/x86_64-linux-gnu/libglib-2.0.so.0.4002.0
7f10c76a5000-7f10c76a6000 r--p 00105000 08:01 72355781                   /lib/x86_64-linux-gnu/libglib-2.0.so.0.4002.0
7f10c76a6000-7f10c76a7000 rw-p 00106000 08:01 72355781                   /lib/x86_64-linux-gnu/libglib-2.0.so.0.4002.0
7f10c76a7000-7f10c76a8000 rw-p 00000000 00:00 0 
7f10c76a8000-7f10c76ab000 r-xp 00000000 08:01 33299948                   /usr/lib/x86_64-linux-gnu/libavahi-glib.so.1.0.2
7f10c76ab000-7f10c78aa000 ---p 00003000 08:01 33299948                   /usr/lib/x86_64-linux-gnu/libavahi-glib.so.1.0.2
7f10c78aa000-7f10c78ab000 r--p 00002000 08:01 33299948                   /usr/lib/x86_64-linux-gnu/libavahi-glib.so.1.0.2
7f10c78ab000-7f10c78ac000 rw-p 00003000 08:01 33299948                   /usr/lib/x86_64-linux-gnu/libavahi-glib.so.1.0.2
7f10c78ac000-7f10c7962000 r-xp 00000000 08:01 33294471                   /usr/lib/x86_64-linux-gnu/libgnutls.so.26.22.6
7f10c7962000-7f10c7b62000 ---p 000b6000 08:01 33294471                   /usr/lib/x86_64-linux-gnu/libgnutls.so.26.22.6
7f10c7b62000-7f10c7b68000 r--p 000b6000 08:01 33294471                   /usr/lib/x86_64-linux-gnu/libgnutls.so.26.22.6
7f10c7b68000-7f10c7b69000 rw-p 000bc000 08:01 33294471                   /usr/lib/x86_64-linux-gnu/libgnutls.so.26.22.6
7f10c7b69000-7f10c7b6a000 rw-p 00000000 00:00 0 
7f10c7b6a000-7f10c7bb9000 r-xp 00000000 08:01 33300249                   /usr/lib/x86_64-linux-gnu/libgobject-2.0.so.0.4002.0
7f10c7bb9000-7f10c7db9000 ---p 0004f000 08:01 33300249                   /usr/lib/x86_64-linux-gnu/libgobject-2.0.so.0.4002.0
7f10c7db9000-7f10c7dba000 r--p 0004f000 08:01 33300249                   /usr/lib/x86_64-linux-gnu/libgobject-2.0.so.0.4002.0
7f10c7dba000-7f10c7dbb000 rw-p 00050000 08:01 33300249                   /usr/lib/x86_64-linux-gnu/libgobject-2.0.so.0.4002.0
7f10c7dbb000-7f10c7dff000 r-xp 00000000 08:01 72355764                   /lib/x86_64-linux-gnu/libdbus-1.so.3.7.6
7f10c7dff000-7f10c7ffe000 ---p 00044000 08:01 72355764                   /lib/x86_64-linux-gnu/libdbus-1.so.3.7.6
7f10c7ffe000-7f10c7fff000 r--p 00043000 08:01 72355764                   /lib/x86_64-linux-gnu/libdbus-1.so.3.7.6
7f10c7fff000-7f10c8000000 rw-p 00044000 08:01 72355764                   /lib/x86_64-linux-gnu/libdbus-1.so.3.7.6
7f10c8000000-7f10c8021000 rw-p 00000000 00:00 0 
7f10c8021000-7f10cc000000 ---p 00000000 00:00 0 
7f10cc000000-7f10cc021000 rw-p 00000000 00:00 0 
7f10cc021000-7f10d0000000 ---p 00000000 00:00 0 
7f10d0000000-7f10d0d3e000 rw-p 00000000 00:00 0 
7f10d0d3e000-7f10d4000000 ---p 00000000 00:00 0 
7f10d4000000-7f10d4021000 rw-p 00000000 00:00 0 
7f10d4021000-7f10d8000000 ---p 00000000 00:00 0 
7f10d8000000-7f10d8021000 rw-p 00000000 00:00 0 
7f10d8021000-7f10dc000000 ---p 00000000 00:00 0 
7f10dc000000-7f10dc9db000 rw-p 00000000 00:00 0 
7f10dc9db000-7f10e0000000 ---p 00000000 00:00 0 
7f10e0000000-7f10e0021000 rw-p 00000000 00:00 0 
7f10e0021000-7f10e4000000 ---p 00000000 00:00 0 
7f10e4000000-7f10e4021000 rw-p 00000000 00:00 0 
7f10e4021000-7f10e8000000 ---p 00000000 00:00 0 
7f10e8000000-7f10e8021000 rw-p 00000000 00:00 0 
7f10e8021000-7f10ec000000 ---p 00000000 00:00 0 
7f10ec002000-7f10ec003000 rw-p 00000000 00:00 0 
7f10ec003000-7f10ec00f000 r--s 00090000 08:01 50988193                   /home/upsmart/.m2/repository/org/springframework/spring-webmvc/3.2.11.RELEASE/spring-webmvc-3.2.11.RELEASE.jar
7f10ec00f000-7f10ec01e000 r--s 0008c000 08:01 50988214                   /home/upsmart/.m2/repository/org/springframework/spring-web/3.2.11.RELEASE/spring-web-3.2.11.RELEASE.jar
7f10ec01e000-7f10ec026000 r--s 00034000 08:01 50988505                   /home/upsmart/.m2/repository/org/springframework/spring-tx/3.2.11.RELEASE/spring-tx-3.2.11.RELEASE.jar
7f10ec026000-7f10ec028000 r--s 00011000 08:01 50988357                   /home/upsmart/.m2/repository/org/springframework/spring-oxm/3.2.11.RELEASE/spring-oxm-3.2.11.RELEASE.jar
7f10ec028000-7f10ec031000 r--s 00056000 08:01 50988476                   /home/upsmart/.m2/repository/org/springframework/spring-orm/3.2.11.RELEASE/spring-orm-3.2.11.RELEASE.jar
7f10ec031000-7f10ec03b000 r--s 0005a000 08:01 50988315                   /home/upsmart/.m2/repository/org/springframework/spring-jdbc/3.2.11.RELEASE/spring-jdbc-3.2.11.RELEASE.jar
7f10ec03b000-7f10ec03f000 r--s 0002c000 08:01 50988283                   /home/upsmart/.m2/repository/org/springframework/spring-expression/3.2.11.RELEASE/spring-expression-3.2.11.RELEASE.jar
7f10ec03f000-7f10ec052000 r--s 000c6000 08:01 50988329                   /home/upsmart/.m2/repository/org/springframework/spring-core/3.2.11.RELEASE/spring-core-3.2.11.RELEASE.jar
7f10ec052000-7f10ec067000 r--s 000bf000 08:01 50988227                   /home/upsmart/.m2/repository/org/springframework/spring-context/3.2.11.RELEASE/spring-context-3.2.11.RELEASE.jar
7f10ec067000-7f10ec06b000 r--s 0001c000 08:01 50988466                   /home/upsmart/.m2/repository/org/springframework/spring-context-support/3.2.11.RELEASE/spring-context-support-3.2.11.RELEASE.jar
7f10ec06b000-7f10ec077000 r--s 0008a000 08:01 50988527                   /home/upsmart/.m2/repository/org/springframework/spring-beans/3.2.11.RELEASE/spring-beans-3.2.11.RELEASE.jar
7f10ec077000-7f10ec080000 r--s 0004a000 08:01 50988256                   /home/upsmart/.m2/repository/org/springframework/spring-aop/3.2.11.RELEASE/spring-aop-3.2.11.RELEASE.jar
7f10ec080000-7f10ec084000 r--s 00020000 08:01 50988408                   /home/upsmart/.m2/repository/org/springframework/data/spring-data-jpa/1.3.2.RELEASE/spring-data-jpa-1.3.2.RELEASE.jar
7f10ec084000-7f10ec08d000 r--s 00046000 08:01 50988391                   /home/upsmart/.m2/repository/org/springframework/data/spring-data-commons/1.5.1.RELEASE/spring-data-commons-1.5.1.RELEASE.jar
7f10ec08d000-7f10ec08f000 r--s 00001000 08:01 51118662                   /home/upsmart/.m2/repository/org/slf4j/slf4j-log4j12/1.7.2/slf4j-log4j12-1.7.2.jar
7f10ec08f000-7f10ec091000 r--s 00005000 08:01 51118682                   /home/upsmart/.m2/repository/org/slf4j/slf4j-api/1.7.2/slf4j-api-1.7.2.jar
7f10ec091000-7f10ec093000 r--s 00003000 08:01 51118655                   /home/upsmart/.m2/repository/org/slf4j/jcl-over-slf4j/1.7.1/jcl-over-slf4j-1.7.1.jar
7f10ec093000-7f10ec095000 r--s 0000d000 08:01 50988610                   /home/upsmart/.m2/repository/org/jboss/logging/jboss-logging/3.1.0.GA/jboss-logging-3.1.0.GA.jar
7f10ec095000-7f10ec09e000 r--s 00096000 08:01 50988555                   /home/upsmart/.m2/repository/org/javassist/javassist/3.15.0-GA/javassist-3.15.0-GA.jar
7f10ec09e000-7f10ec0a3000 r--s 00015000 08:01 51118635                   /home/upsmart/.m2/repository/org/hibernate/javax/persistence/hibernate-jpa-2.0-api/1.0.1.Final/hibernate-jpa-2.0-api-1.0.1.Final.jar
7f10ec0a3000-7f10ec0f0000 r--s 003f5000 08:01 51118624                   /home/upsmart/.m2/repository/org/hibernate/hibernate-core/4.1.7.Final/hibernate-core-4.1.7.Final.jar
7f10ec0f0000-7f10ec0f3000 ---p 00000000 00:00 0 
7f10ec0f3000-7f10ec1f1000 rw-p 00000000 00:00 0                          [stack:21795]
7f10ec1f1000-7f10ec216000 r-xp 00000000 08:01 33300044                   /usr/lib/x86_64-linux-gnu/libdbus-glib-1.so.2.2.2
7f10ec216000-7f10ec416000 ---p 00025000 08:01 33300044                   /usr/lib/x86_64-linux-gnu/libdbus-glib-1.so.2.2.2
7f10ec416000-7f10ec417000 r--p 00025000 08:01 33300044                   /usr/lib/x86_64-linux-gnu/libdbus-glib-1.so.2.2.2
7f10ec417000-7f10ec418000 rw-p 00026000 08:01 33300044                   /usr/lib/x86_64-linux-gnu/libdbus-glib-1.so.2.2.2
7f10ec418000-7f10ec574000 r-xp 00000000 08:01 33302484                   /usr/lib/x86_64-linux-gnu/libxml2.so.2.9.1
7f10ec574000-7f10ec773000 ---p 0015c000 08:01 33302484                   /usr/lib/x86_64-linux-gnu/libxml2.so.2.9.1
7f10ec773000-7f10ec77b000 r--p 0015b000 08:01 33302484                   /usr/lib/x86_64-linux-gnu/libxml2.so.2.9.1
7f10ec77b000-7f10ec77d000 rw-p 00163000 08:01 33302484                   /usr/lib/x86_64-linux-gnu/libxml2.so.2.9.1
7f10ec77d000-7f10ec77e000 rw-p 00000000 00:00 0 
7f10ec77e000-7f10ec7ac000 r-xp 00000000 08:01 33300181                   /usr/lib/x86_64-linux-gnu/libgconf-2.so.4.1.5
7f10ec7ac000-7f10ec9ab000 ---p 0002e000 08:01 33300181                   /usr/lib/x86_64-linux-gnu/libgconf-2.so.4.1.5
7f10ec9ab000-7f10ec9ac000 r--p 0002d000 08:01 33300181                   /usr/lib/x86_64-linux-gnu/libgconf-2.so.4.1.5
7f10ec9ac000-7f10ec9ad000 rw-p 0002e000 08:01 33300181                   /usr/lib/x86_64-linux-gnu/libgconf-2.so.4.1.5
7f10ec9ad000-7f10ec9b0000 r-xp 00000000 08:01 33300233                   /usr/lib/x86_64-linux-gnu/libgmodule-2.0.so.0.4002.0
7f10ec9b0000-7f10ecbaf000 ---p 00003000 08:01 33300233                   /usr/lib/x86_64-linux-gnu/libgmodule-2.0.so.0.4002.0
7f10ecbaf000-7f10ecbb0000 r--p 00002000 08:01 33300233                   /usr/lib/x86_64-linux-gnu/libgmodule-2.0.so.0.4002.0
7f10ecbb0000-7f10ecbb1000 rw-p 00003000 08:01 33300233                   /usr/lib/x86_64-linux-gnu/libgmodule-2.0.so.0.4002.0
7f10ecbb1000-7f10ecc14000 r-xp 00000000 08:01 33294310                   /usr/lib/x86_64-linux-gnu/libgnomevfs-2.so.0.2400.4
7f10ecc14000-7f10ece13000 ---p 00063000 08:01 33294310                   /usr/lib/x86_64-linux-gnu/libgnomevfs-2.so.0.2400.4
7f10ece13000-7f10ece16000 r--p 00062000 08:01 33294310                   /usr/lib/x86_64-linux-gnu/libgnomevfs-2.so.0.2400.4
7f10ece16000-7f10ece18000 rw-p 00065000 08:01 33294310                   /usr/lib/x86_64-linux-gnu/libgnomevfs-2.so.0.2400.4
7f10ece18000-7f10ece19000 rw-p 00000000 00:00 0 
7f10ece19000-7f10ece1c000 ---p 00000000 00:00 0 
7f10ece1c000-7f10ecf1a000 rw-p 00000000 00:00 0                          [stack:21794]
7f10ecf1a000-7f10ecf1f000 r-xp 00000000 08:01 33292768                   /usr/lib/x86_64-linux-gnu/libXfixes.so.3.1.0
7f10ecf1f000-7f10ed11e000 ---p 00005000 08:01 33292768                   /usr/lib/x86_64-linux-gnu/libXfixes.so.3.1.0
7f10ed11e000-7f10ed11f000 r--p 00004000 08:01 33292768                   /usr/lib/x86_64-linux-gnu/libXfixes.so.3.1.0
7f10ed11f000-7f10ed120000 rw-p 00005000 08:01 33292768                   /usr/lib/x86_64-linux-gnu/libXfixes.so.3.1.0
7f10ed120000-7f10ed129000 r-xp 00000000 08:01 33299845                   /usr/lib/x86_64-linux-gnu/libXcursor.so.1.0.2
7f10ed129000-7f10ed328000 ---p 00009000 08:01 33299845                   /usr/lib/x86_64-linux-gnu/libXcursor.so.1.0.2
7f10ed328000-7f10ed329000 r--p 00008000 08:01 33299845                   /usr/lib/x86_64-linux-gnu/libXcursor.so.1.0.2
7f10ed329000-7f10ed32a000 rw-p 00009000 08:01 33299845                   /usr/lib/x86_64-linux-gnu/libXcursor.so.1.0.2
7f10ed32a000-7f10ed32d000 ---p 00000000 00:00 0 
7f10ed32d000-7f10ed42b000 rw-p 00000000 00:00 0                          [stack:21793]
7f10ed42b000-7f10ed430000 r-xp 00000000 08:01 33299849                   /usr/lib/x86_64-linux-gnu/libXdmcp.so.6.0.0
7f10ed430000-7f10ed62f000 ---p 00005000 08:01 33299849                   /usr/lib/x86_64-linux-gnu/libXdmcp.so.6.0.0
7f10ed62f000-7f10ed630000 r--p 00004000 08:01 33299849                   /usr/lib/x86_64-linux-gnu/libXdmcp.so.6.0.0
7f10ed630000-7f10ed631000 rw-p 00005000 08:01 33299849                   /usr/lib/x86_64-linux-gnu/libXdmcp.so.6.0.0
7f10ed631000-7f10ed633000 r-xp 00000000 08:01 33299838                   /usr/lib/x86_64-linux-gnu/libXau.so.6.0.0
7f10ed633000-7f10ed833000 ---p 00002000 08:01 33299838                   /usr/lib/x86_64-linux-gnu/libXau.so.6.0.0
7f10ed833000-7f10ed834000 r--p 00002000 08:01 33299838                   /usr/lib/x86_64-linux-gnu/libXau.so.6.0.0
7f10ed834000-7f10ed835000 rw-p 00003000 08:01 33299838                   /usr/lib/x86_64-linux-gnu/libXau.so.6.0.0
7f10ed835000-7f10ed852000 r-xp 00000000 08:01 33300906                   /usr/lib/x86_64-linux-gnu/libxcb.so.1.1.0
7f10ed852000-7f10eda52000 ---p 0001d000 08:01 33300906                   /usr/lib/x86_64-linux-gnu/libxcb.so.1.1.0
7f10eda52000-7f10eda53000 r--p 0001d000 08:01 33300906                   /usr/lib/x86_64-linux-gnu/libxcb.so.1.1.0
7f10eda53000-7f10eda54000 rw-p 0001e000 08:01 33300906                   /usr/lib/x86_64-linux-gnu/libxcb.so.1.1.0
7f10eda54000-7f10eda63000 r-xp 00000000 08:01 33294999                   /usr/lib/x86_64-linux-gnu/libXi.so.6.1.0
7f10eda63000-7f10edc62000 ---p 0000f000 08:01 33294999                   /usr/lib/x86_64-linux-gnu/libXi.so.6.1.0
7f10edc62000-7f10edc63000 r--p 0000e000 08:01 33294999                   /usr/lib/x86_64-linux-gnu/libXi.so.6.1.0
7f10edc63000-7f10edc64000 rw-p 0000f000 08:01 33294999                   /usr/lib/x86_64-linux-gnu/libXi.so.6.1.0
7f10edc64000-7f10edc69000 r-xp 00000000 08:01 33299879                   /usr/lib/x86_64-linux-gnu/libXtst.so.6.1.0
7f10edc69000-7f10ede68000 ---p 00005000 08:01 33299879                   /usr/lib/x86_64-linux-gnu/libXtst.so.6.1.0
7f10ede68000-7f10ede69000 r--p 00004000 08:01 33299879                   /usr/lib/x86_64-linux-gnu/libXtst.so.6.1.0
7f10ede69000-7f10ede6a000 rw-p 00005000 08:01 33299879                   /usr/lib/x86_64-linux-gnu/libXtst.so.6.1.0
7f10ede6a000-7f10ede73000 r-xp 00000000 08:01 33294994                   /usr/lib/x86_64-linux-gnu/libXrender.so.1.3.0
7f10ede73000-7f10ee072000 ---p 00009000 08:01 33294994                   /usr/lib/x86_64-linux-gnu/libXrender.so.1.3.0
7f10ee072000-7f10ee073000 r--p 00008000 08:01 33294994                   /usr/lib/x86_64-linux-gnu/libXrender.so.1.3.0
7f10ee073000-7f10ee074000 rw-p 00009000 08:01 33294994                   /usr/lib/x86_64-linux-gnu/libXrender.so.1.3.0
7f10ee074000-7f10ee1a4000 r-xp 00000000 08:01 33299834                   /usr/lib/x86_64-linux-gnu/libX11.so.6.3.0
7f10ee1a4000-7f10ee3a4000 ---p 00130000 08:01 33299834                   /usr/lib/x86_64-linux-gnu/libX11.so.6.3.0
7f10ee3a4000-7f10ee3a5000 r--p 00130000 08:01 33299834                   /usr/lib/x86_64-linux-gnu/libX11.so.6.3.0
7f10ee3a5000-7f10ee3a9000 rw-p 00131000 08:01 33299834                   /usr/lib/x86_64-linux-gnu/libX11.so.6.3.0
7f10ee3a9000-7f10ee3ba000 r-xp 00000000 08:01 33294938                   /usr/lib/x86_64-linux-gnu/libXext.so.6.4.0
7f10ee3ba000-7f10ee5b9000 ---p 00011000 08:01 33294938                   /usr/lib/x86_64-linux-gnu/libXext.so.6.4.0
7f10ee5b9000-7f10ee5ba000 r--p 00010000 08:01 33294938                   /usr/lib/x86_64-linux-gnu/libXext.so.6.4.0
7f10ee5ba000-7f10ee5bb000 rw-p 00011000 08:01 33294938                   /usr/lib/x86_64-linux-gnu/libXext.so.6.4.0
7f10ee5bb000-7f10ee60b000 r-xp 00000000 08:01 67633201                   /opt/jdk1.7.0_75/jre/lib/amd64/xawt/libmawt.so
7f10ee60b000-7f10ee80b000 ---p 00050000 08:01 67633201                   /opt/jdk1.7.0_75/jre/lib/amd64/xawt/libmawt.so
7f10ee80b000-7f10ee80f000 rw-p 00050000 08:01 67633201                   /opt/jdk1.7.0_75/jre/lib/amd64/xawt/libmawt.so
7f10ee80f000-7f10ee810000 rw-p 00000000 00:00 0 
7f10ee810000-7f10ee8b2000 r-xp 00000000 08:01 67633221                   /opt/jdk1.7.0_75/jre/lib/amd64/libawt.so
7f10ee8b2000-7f10eeab2000 ---p 000a2000 08:01 67633221                   /opt/jdk1.7.0_75/jre/lib/amd64/libawt.so
7f10eeab2000-7f10eeabe000 rw-p 000a2000 08:01 67633221                   /opt/jdk1.7.0_75/jre/lib/amd64/libawt.so
7f10eeabe000-7f10eeae2000 rw-p 00000000 00:00 0 
7f10eeae2000-7f10eeaea000 r-xp 00000000 08:01 67633196                   /opt/jdk1.7.0_75/jre/lib/amd64/libmanagement.so
7f10eeaea000-7f10eece9000 ---p 00008000 08:01 67633196                   /opt/jdk1.7.0_75/jre/lib/amd64/libmanagement.so
7f10eece9000-7f10eecea000 rw-p 00007000 08:01 67633196                   /opt/jdk1.7.0_75/jre/lib/amd64/libmanagement.so
7f10eecea000-7f10eed00000 r-xp 00000000 08:01 67633222                   /opt/jdk1.7.0_75/jre/lib/amd64/libnet.so
7f10eed00000-7f10eef00000 ---p 00016000 08:01 67633222                   /opt/jdk1.7.0_75/jre/lib/amd64/libnet.so
7f10eef00000-7f10eef01000 rw-p 00016000 08:01 67633222                   /opt/jdk1.7.0_75/jre/lib/amd64/libnet.so
7f10eef01000-7f10eef11000 r-xp 00000000 08:01 67633188                   /opt/jdk1.7.0_75/jre/lib/amd64/libnio.so
7f10eef11000-7f10ef111000 ---p 00010000 08:01 67633188                   /opt/jdk1.7.0_75/jre/lib/amd64/libnio.so
7f10ef111000-7f10ef112000 rw-p 00010000 08:01 67633188                   /opt/jdk1.7.0_75/jre/lib/amd64/libnio.so
7f10ef112000-7f10ef113000 ---p 00000000 00:00 0 
7f10ef113000-7f10ef213000 rw-p 00000000 00:00 0                          [stack:21791]
7f10ef213000-7f10ef216000 ---p 00000000 00:00 0 
7f10ef216000-7f10ef314000 rw-p 00000000 00:00 0                          [stack:21790]
7f10ef314000-7f10ef317000 ---p 00000000 00:00 0 
7f10ef317000-7f10ef415000 rw-p 00000000 00:00 0                          [stack:21789]
7f10ef415000-7f10ef418000 ---p 00000000 00:00 0 
7f10ef418000-7f10ef516000 rw-p 00000000 00:00 0                          [stack:21788]
7f10ef516000-7f10ef519000 ---p 00000000 00:00 0 
7f10ef519000-7f10ef617000 rw-p 00000000 00:00 0                          [stack:21787]
7f10ef617000-7f10efcfd000 r--p 00000000 08:01 33298951                   /usr/lib/locale/locale-archive
7f10efcfd000-7f10efd00000 ---p 00000000 00:00 0 
7f10efd00000-7f10efdfe000 rw-p 00000000 00:00 0                          [stack:21786]
7f10efdfe000-7f10efe01000 ---p 00000000 00:00 0 
7f10efe01000-7f10efeff000 rw-p 00000000 00:00 0                          [stack:21785]
7f10efeff000-7f10eff00000 ---p 00000000 00:00 0 
7f10eff00000-7f10f0000000 rw-p 00000000 00:00 0                          [stack:21784]
7f10f0000000-7f10f0021000 rw-p 00000000 00:00 0 
7f10f0021000-7f10f4000000 ---p 00000000 00:00 0 
7f10f4000000-7f10f4021000 rw-p 00000000 00:00 0 
7f10f4021000-7f10f8000000 ---p 00000000 00:00 0 
7f10f8000000-7f10f824d000 rw-p 00000000 00:00 0 
7f10f824d000-7f10fc000000 ---p 00000000 00:00 0 
7f10fc000000-7f10fc021000 rw-p 00000000 00:00 0 
7f10fc021000-7f1100000000 ---p 00000000 00:00 0 
7f1100000000-7f1100009000 r--s 0006c000 08:01 51118611                   /home/upsmart/.m2/repository/org/hibernate/hibernate-entitymanager/4.1.7.Final/hibernate-entitymanager-4.1.7.Final.jar
7f1100009000-7f110000c000 r--s 00011000 08:01 51118607                   /home/upsmart/.m2/repository/org/hibernate/common/hibernate-commons-annotations/4.0.1.Final/hibernate-commons-annotations-4.0.1.Final.jar
7f110000c000-7f110001b000 r--s 000b0000 08:01 50988177                   /home/upsmart/.m2/repository/org/codehaus/jackson/jackson-mapper-asl/1.9.12/jackson-mapper-asl-1.9.12.jar
7f110001b000-7f110001f000 r--s 00035000 08:01 50988168                   /home/upsmart/.m2/repository/org/codehaus/jackson/jackson-core-asl/1.9.12/jackson-core-asl-1.9.12.jar
7f110001f000-7f1100038000 r--s 001ae000 08:01 56099927                   /home/upsmart/.m2/repository/org/aspectj/aspectjweaver/1.8.1/aspectjweaver-1.8.1.jar
7f1100038000-7f110003c000 r--s 00019000 08:01 56099924                   /home/upsmart/.m2/repository/org/aspectj/aspectjrt/1.8.1/aspectjrt-1.8.1.jar
7f110003c000-7f1100044000 r--s 000c3000 08:01 50987576                   /home/upsmart/.m2/repository/mysql/mysql-connector-java/5.1.21/mysql-connector-java-5.1.21.jar
7f1100044000-7f110004d000 r--s 0006f000 08:01 50987608                   /home/upsmart/.m2/repository/log4j/log4j/1.2.17/log4j-1.2.17.jar
7f110004d000-7f110004f000 r--s 00018000 08:01 50987693                   /home/upsmart/.m2/repository/javax/servlet/servlet-api/2.5/servlet-api-2.5.jar
7f110004f000-7f1100054000 r--s 00048000 08:01 50987796                   /home/upsmart/.m2/repository/dom4j/dom4j/1.6.1/dom4j-1.6.1.jar
7f1100054000-7f1100057000 r--s 00015000 08:01 50987365                   /home/upsmart/.m2/repository/commons-pool/commons-pool/1.5.4/commons-pool-1.5.4.jar
7f1100057000-7f1100059000 r--s 0000e000 08:01 50987671                   /home/upsmart/.m2/repository/commons-logging/commons-logging/1.1.3/commons-logging-1.1.3.jar
7f1100059000-7f110005e000 r--s 00041000 08:01 50987381                   /home/upsmart/.m2/repository/commons-lang/commons-lang/2.6/commons-lang-2.6.jar
7f110005e000-7f1100062000 r--s 00027000 08:01 51120335                   /home/upsmart/.m2/repository/commons-io/commons-io/2.2/commons-io-2.2.jar
7f1100062000-7f1100064000 r--s 0000f000 08:01 50987220                   /home/upsmart/.m2/repository/commons-fileupload/commons-fileupload/1.3.1/commons-fileupload-1.3.1.jar
7f1100064000-7f1100067000 r--s 00025000 08:01 51118744                   /home/upsmart/.m2/repository/commons-dbcp/commons-dbcp/1.4/commons-dbcp-1.4.jar
7f1100067000-7f1100069000 r--s 00000000 08:01 50987630                   /home/upsmart/.m2/repository/aopalliance/aopalliance/1.0/aopalliance-1.0.jar
7f1100069000-7f110006e000 r--s 00068000 08:01 50987640                   /home/upsmart/.m2/repository/antlr/antlr/2.7.7/antlr-2.7.7.jar
7f110006e000-7f1100073000 r--s 0003c000 08:01 74714395                   /home/upsmart/.gradle/caches/modules-2/files-2.1/org.eclipse.jetty/jetty-util/7.6.15.v20140411/24afe1d3e6378be47cfb0e34aaae83009b8ae361/jetty-util-7.6.15.v20140411.jar
7f1100073000-7f1100078000 r--s 0004c000 08:01 74714329                   /home/upsmart/.gradle/caches/modules-2/files-2.1/org.eclipse.jetty/jetty-server/7.6.15.v20140411/d06b373f1acf1429a666f13d2ef187c503b601c0/jetty-server-7.6.15.v20140411.jar
7f1100078000-7f110007b000 r--s 00016000 08:01 74714386                   /home/upsmart/.gradle/caches/modules-2/files-2.1/org.eclipse.jetty/jetty-io/7.6.15.v20140411/24e4d9dd57914119a9837bb8f76de035f63805a/jetty-io-7.6.15.v20140411.jar
7f110007b000-7f110007d000 r--s 00015000 08:01 74714354                   /home/upsmart/.gradle/caches/modules-2/files-2.1/org.eclipse.jetty/jetty-http/7.6.15.v20140411/9535b316ac0f1eaedceaba890a90d2a9b3c6c3fe/jetty-http-7.6.15.v20140411.jar
7f110007d000-7f1100080000 r--s 0001b000 08:01 74714352                   /home/upsmart/.gradle/caches/modules-2/files-2.1/org.eclipse.jetty.orbit/javax.servlet/2.5.0.v201103041518/9c16011c06bc6fe5e9dba080fcb40ddb4b75dc85/javax.servlet-2.5.0.v201103041518.jar
7f1100080000-7f1100087000 r--s 00000000 08:01 33690550                   /usr/lib/x86_64-linux-gnu/gconv/gconv-modules.cache
7f1100087000-7f110009b000 r--p 00000000 08:01 33827291                   /usr/share/locale-langpack/zh_CN/LC_MESSAGES/libc.mo
7f110009b000-7f11000a6000 r--s 0037c000 08:01 67633895                   /opt/jdk1.7.0_75/jre/lib/charsets.jar
7f11000a6000-7f11000b0000 r--s 00251000 08:01 67633265                   /opt/jdk1.7.0_75/jre/lib/resources.jar
7f11000b0000-7f11000b4000 r--s 000f7000 08:01 67633829                   /opt/jdk1.7.0_75/jre/lib/ext/localedata.jar
7f11000b4000-7f11000b6000 r--s 00013000 08:01 49547053                   /home/upsmart/eclipse/eclipse-gradle/eclipse/configuration/org.eclipse.osgi/888/0/.cp/lib/jetty/jetty-plus.jar
7f11000b6000-7f11000c5000 r--s 0019c000 08:01 49547042                   /home/upsmart/eclipse/eclipse-gradle/eclipse/configuration/org.eclipse.osgi/888/0/.cp/lib/jetty/org.eclipse.jdt.core.jar
7f11000c5000-7f11010c4000 rw-p 00000000 00:00 0 
7f11010c4000-7f1101283000 r--s 039eb000 08:01 67633874                   /opt/jdk1.7.0_75/jre/lib/rt.jar
7f1101283000-7f111211e000 rw-p 00000000 00:00 0 
7f111211e000-7f111211f000 ---p 00000000 00:00 0 
7f111211f000-7f111221f000 rw-p 00000000 00:00 0                          [stack:21783]
7f111221f000-7f1112220000 ---p 00000000 00:00 0 
7f1112220000-7f1112320000 rw-p 00000000 00:00 0                          [stack:21782]
7f1112320000-7f1112321000 ---p 00000000 00:00 0 
7f1112321000-7f1112421000 rw-p 00000000 00:00 0                          [stack:21781]
7f1112421000-7f1112422000 ---p 00000000 00:00 0 
7f1112422000-7f11125c9000 rw-p 00000000 00:00 0                          [stack:21780]
7f11125c9000-7f1112f94000 rw-p 00000000 00:00 0 
7f1112f94000-7f1112fa0000 rw-p 00000000 00:00 0 
7f1112fa0000-7f1112fbd000 rw-p 00000000 00:00 0 
7f1112fbd000-7f1113064000 rw-p 00000000 00:00 0 
7f1113064000-7f1113a2e000 rw-p 00000000 00:00 0 
7f1113a2e000-7f1113a82000 rw-p 00000000 00:00 0 
7f1113a82000-7f1113f67000 rw-p 00000000 00:00 0 
7f1113f67000-7f1113f68000 rw-p 00000000 00:00 0 
7f1113f68000-7f11141d8000 rwxp 00000000 00:00 0 
7f11141d8000-7f1116f68000 rw-p 00000000 00:00 0 
7f1116f68000-7f1116f82000 r-xp 00000000 08:01 67633217                   /opt/jdk1.7.0_75/jre/lib/amd64/libzip.so
7f1116f82000-7f1117182000 ---p 0001a000 08:01 67633217                   /opt/jdk1.7.0_75/jre/lib/amd64/libzip.so
7f1117182000-7f1117183000 rw-p 0001a000 08:01 67633217                   /opt/jdk1.7.0_75/jre/lib/amd64/libzip.so
7f1117183000-7f111718e000 r-xp 00000000 08:01 72351763                   /lib/x86_64-linux-gnu/libnss_files-2.19.so
7f111718e000-7f111738d000 ---p 0000b000 08:01 72351763                   /lib/x86_64-linux-gnu/libnss_files-2.19.so
7f111738d000-7f111738e000 r--p 0000a000 08:01 72351763                   /lib/x86_64-linux-gnu/libnss_files-2.19.so
7f111738e000-7f111738f000 rw-p 0000b000 08:01 72351763                   /lib/x86_64-linux-gnu/libnss_files-2.19.so
7f111738f000-7f111739a000 r-xp 00000000 08:01 72355680                   /lib/x86_64-linux-gnu/libnss_nis-2.19.so
7f111739a000-7f1117599000 ---p 0000b000 08:01 72355680                   /lib/x86_64-linux-gnu/libnss_nis-2.19.so
7f1117599000-7f111759a000 r--p 0000a000 08:01 72355680                   /lib/x86_64-linux-gnu/libnss_nis-2.19.so
7f111759a000-7f111759b000 rw-p 0000b000 08:01 72355680                   /lib/x86_64-linux-gnu/libnss_nis-2.19.so
7f111759b000-7f11175b2000 r-xp 00000000 08:01 72351838                   /lib/x86_64-linux-gnu/libnsl-2.19.so
7f11175b2000-7f11177b1000 ---p 00017000 08:01 72351838                   /lib/x86_64-linux-gnu/libnsl-2.19.so
7f11177b1000-7f11177b2000 r--p 00016000 08:01 72351838                   /lib/x86_64-linux-gnu/libnsl-2.19.so
7f11177b2000-7f11177b3000 rw-p 00017000 08:01 72351838                   /lib/x86_64-linux-gnu/libnsl-2.19.so
7f11177b3000-7f11177b5000 rw-p 00000000 00:00 0 
7f11177b5000-7f11177be000 r-xp 00000000 08:01 72351837                   /lib/x86_64-linux-gnu/libnss_compat-2.19.so
7f11177be000-7f11179bd000 ---p 00009000 08:01 72351837                   /lib/x86_64-linux-gnu/libnss_compat-2.19.so
7f11179bd000-7f11179be000 r--p 00008000 08:01 72351837                   /lib/x86_64-linux-gnu/libnss_compat-2.19.so
7f11179be000-7f11179bf000 rw-p 00009000 08:01 72351837                   /lib/x86_64-linux-gnu/libnss_compat-2.19.so
7f11179bf000-7f11179e8000 r-xp 00000000 08:01 67633183                   /opt/jdk1.7.0_75/jre/lib/amd64/libjava.so
7f11179e8000-7f1117be8000 ---p 00029000 08:01 67633183                   /opt/jdk1.7.0_75/jre/lib/amd64/libjava.so
7f1117be8000-7f1117bea000 rw-p 00029000 08:01 67633183                   /opt/jdk1.7.0_75/jre/lib/amd64/libjava.so
7f1117bea000-7f1117bf7000 r-xp 00000000 08:01 67633210                   /opt/jdk1.7.0_75/jre/lib/amd64/libverify.so
7f1117bf7000-7f1117df6000 ---p 0000d000 08:01 67633210                   /opt/jdk1.7.0_75/jre/lib/amd64/libverify.so
7f1117df6000-7f1117df8000 rw-p 0000c000 08:01 67633210                   /opt/jdk1.7.0_75/jre/lib/amd64/libverify.so
7f1117df8000-7f1117dff000 r-xp 00000000 08:01 72351846                   /lib/x86_64-linux-gnu/librt-2.19.so
7f1117dff000-7f1117ffe000 ---p 00007000 08:01 72351846                   /lib/x86_64-linux-gnu/librt-2.19.so
7f1117ffe000-7f1117fff000 r--p 00006000 08:01 72351846                   /lib/x86_64-linux-gnu/librt-2.19.so
7f1117fff000-7f1118000000 rw-p 00007000 08:01 72351846                   /lib/x86_64-linux-gnu/librt-2.19.so
7f1118000000-7f1118ca6000 rw-p 00000000 00:00 0 
7f1118ca6000-7f111c000000 ---p 00000000 00:00 0 
7f111c000000-7f111c001000 r--s 00002000 08:01 50988587                   /home/upsmart/.m2/repository/org/jboss/spec/javax/transaction/jboss-transaction-api_1.1_spec/1.0.0.Final/jboss-transaction-api_1.1_spec-1.0.0.Final.jar
7f111c001000-7f111c006000 r--s 00032000 08:01 49547052                   /home/upsmart/eclipse/eclipse-gradle/eclipse/configuration/org.eclipse.osgi/888/0/.cp/lib/jetty/org.objectweb.asm.jar
7f111c006000-7f111c008000 r--s 00005000 08:01 49547050                   /home/upsmart/eclipse/eclipse-gradle/eclipse/configuration/org.eclipse.osgi/888/0/.cp/lib/jetty/javax.annotation.jar
7f111c008000-7f111c00a000 r--s 00011000 08:01 49547043                   /home/upsmart/eclipse/eclipse-gradle/eclipse/configuration/org.eclipse.osgi/888/0/.cp/lib/jetty/jetty-annotations.jar
7f111c00a000-7f111c00d000 r--s 0001d000 08:01 49547039                   /home/upsmart/eclipse/eclipse-gradle/eclipse/configuration/org.eclipse.osgi/888/0/.cp/lib/jetty/com.sun.el.jar
7f111c00d000-7f111c00f000 r--s 0000b000 08:01 49547038                   /home/upsmart/eclipse/eclipse-gradle/eclipse/configuration/org.eclipse.osgi/888/0/.cp/lib/jetty/javax.el.jar
7f111c00f000-7f111c017000 r--s 00061000 08:01 49546803                   /home/upsmart/eclipse/eclipse-gradle/eclipse/configuration/org.eclipse.osgi/888/0/.cp/lib/jetty/org.apache.taglibs.standard.glassfish.jar
7f111c017000-7f111c019000 r--s 0000b000 08:01 49546801                   /home/upsmart/eclipse/eclipse-gradle/eclipse/configuration/org.eclipse.osgi/888/0/.cp/lib/jetty/javax.servlet.jsp.jstl.jar
7f111c019000-7f111c020000 r--s 0008a000 08:01 49546195                   /home/upsmart/eclipse/eclipse-gradle/eclipse/configuration/org.eclipse.osgi/888/0/.cp/lib/jetty/org.apache.jasper.glassfish.jar
7f111c020000-7f111c02c000 rw-p 00000000 00:00 0 
7f111c02c000-7f111c049000 rw-p 00000000 00:00 0 
7f111c049000-7f111c14e000 r-xp 00000000 08:01 72351759                   /lib/x86_64-linux-gnu/libm-2.19.so
7f111c14e000-7f111c34d000 ---p 00105000 08:01 72351759                   /lib/x86_64-linux-gnu/libm-2.19.so
7f111c34d000-7f111c34e000 r--p 00104000 08:01 72351759                   /lib/x86_64-linux-gnu/libm-2.19.so
7f111c34e000-7f111c34f000 rw-p 00105000 08:01 72351759                   /lib/x86_64-linux-gnu/libm-2.19.so
7f111c34f000-7f111cec2000 r-xp 00000000 08:01 67633237                   /opt/jdk1.7.0_75/jre/lib/amd64/server/libjvm.so
7f111cec2000-7f111d0c2000 ---p 00b73000 08:01 67633237                   /opt/jdk1.7.0_75/jre/lib/amd64/server/libjvm.so
7f111d0c2000-7f111d186000 rw-p 00b73000 08:01 67633237                   /opt/jdk1.7.0_75/jre/lib/amd64/server/libjvm.so
7f111d186000-7f111d1c7000 rw-p 00000000 00:00 0 
7f111d1c7000-7f111d382000 r-xp 00000000 08:01 72351843                   /lib/x86_64-linux-gnu/libc-2.19.so
7f111d382000-7f111d581000 ---p 001bb000 08:01 72351843                   /lib/x86_64-linux-gnu/libc-2.19.so
7f111d581000-7f111d585000 r--p 001ba000 08:01 72351843                   /lib/x86_64-linux-gnu/libc-2.19.so
7f111d585000-7f111d587000 rw-p 001be000 08:01 72351843                   /lib/x86_64-linux-gnu/libc-2.19.so
7f111d587000-7f111d58c000 rw-p 00000000 00:00 0 
7f111d58c000-7f111d58f000 r-xp 00000000 08:01 72351774                   /lib/x86_64-linux-gnu/libdl-2.19.so
7f111d58f000-7f111d78e000 ---p 00003000 08:01 72351774                   /lib/x86_64-linux-gnu/libdl-2.19.so
7f111d78e000-7f111d78f000 r--p 00002000 08:01 72351774                   /lib/x86_64-linux-gnu/libdl-2.19.so
7f111d78f000-7f111d790000 rw-p 00003000 08:01 72351774                   /lib/x86_64-linux-gnu/libdl-2.19.so
7f111d790000-7f111d7a6000 r-xp 00000000 08:01 67633922                   /opt/jdk1.7.0_75/lib/amd64/jli/libjli.so
7f111d7a6000-7f111d9a6000 ---p 00016000 08:01 67633922                   /opt/jdk1.7.0_75/lib/amd64/jli/libjli.so
7f111d9a6000-7f111d9a7000 rw-p 00016000 08:01 67633922                   /opt/jdk1.7.0_75/lib/amd64/jli/libjli.so
7f111d9a7000-7f111d9c0000 r-xp 00000000 08:01 72351844                   /lib/x86_64-linux-gnu/libpthread-2.19.so
7f111d9c0000-7f111dbbf000 ---p 00019000 08:01 72351844                   /lib/x86_64-linux-gnu/libpthread-2.19.so
7f111dbbf000-7f111dbc0000 r--p 00018000 08:01 72351844                   /lib/x86_64-linux-gnu/libpthread-2.19.so
7f111dbc0000-7f111dbc1000 rw-p 00019000 08:01 72351844                   /lib/x86_64-linux-gnu/libpthread-2.19.so
7f111dbc1000-7f111dbc5000 rw-p 00000000 00:00 0 
7f111dbc5000-7f111dbe8000 r-xp 00000000 08:01 72351840                   /lib/x86_64-linux-gnu/ld-2.19.so
7f111dbe8000-7f111dbe9000 r--s 00004000 08:01 74714353                   /home/upsmart/.gradle/caches/modules-2/files-2.1/org.eclipse.jetty/jetty-continuation/7.6.15.v20140411/f8e51a26a82233a5babdb9afbd87ccde98d00ede/jetty-continuation-7.6.15.v20140411.jar
7f111dbe9000-7f111dbeb000 r--s 00018000 08:01 49545580                   /home/upsmart/eclipse/eclipse-gradle/eclipse/configuration/org.eclipse.osgi/888/0/.cp/lib/jetty/javax.servlet.jsp.jar
7f111dbeb000-7f111dbec000 r--s 00000000 08:01 49545579                   /home/upsmart/eclipse/eclipse-gradle/eclipse/configuration/org.eclipse.osgi/888/0/.cp/lib/jetty/jetty-jsp.jar
7f111dbec000-7f111dbed000 r--s 00009000 08:01 49545578                   /home/upsmart/eclipse/eclipse-gradle/eclipse/configuration/org.eclipse.osgi/888/0/.cp/lib/jetty/jetty-xml.jar
7f111dbed000-7f111dbef000 r--s 00019000 08:01 49545577                   /home/upsmart/eclipse/eclipse-gradle/eclipse/configuration/org.eclipse.osgi/888/0/.cp/lib/jetty/jetty-webapp.jar
7f111dbef000-7f111dbf1000 r--s 00017000 08:01 49545575                   /home/upsmart/eclipse/eclipse-gradle/eclipse/configuration/org.eclipse.osgi/888/0/.cp/lib/jetty/jetty-servlet.jar
7f111dbf1000-7f111dbf3000 r--s 00014000 08:01 49545574                   /home/upsmart/eclipse/eclipse-gradle/eclipse/configuration/org.eclipse.osgi/888/0/.cp/lib/jetty/jetty-security.jar
7f111dbf3000-7f111dbf6000 r--s 00019000 08:01 67633795                   /opt/jdk1.7.0_75/jre/lib/jce.jar
7f111dbf6000-7f111dbfa000 r--s 0008b000 08:01 67633818                   /opt/jdk1.7.0_75/jre/lib/jsse.jar
7f111dbfa000-7f111dbff000 r--s 00042000 08:01 49545572                   /home/upsmart/eclipse/eclipse-gradle/eclipse/configuration/org.eclipse.osgi/888/0/.cp/lib/jetty/jetty-util.jar
7f111dbff000-7f111dc02000 r--s 00017000 08:01 49545570                   /home/upsmart/eclipse/eclipse-gradle/eclipse/configuration/org.eclipse.osgi/888/0/.cp/lib/jetty/jetty-io.jar
7f111dc02000-7f111dc0c000 rw-p 00000000 00:00 0 
7f111dc0c000-7f111dcc2000 rw-p 00000000 00:00 0 
7f111dcc2000-7f111dcc5000 ---p 00000000 00:00 0 
7f111dcc5000-7f111ddc7000 rw-p 00000000 00:00 0                          [stack:21779]
7f111ddc7000-7f111ddc9000 r--s 00016000 08:01 49545569                   /home/upsmart/eclipse/eclipse-gradle/eclipse/configuration/org.eclipse.osgi/888/0/.cp/lib/jetty/jetty-http.jar
7f111ddc9000-7f111ddcb000 r--s 00004000 08:01 49545568                   /home/upsmart/eclipse/eclipse-gradle/eclipse/configuration/org.eclipse.osgi/888/0/.cp/lib/jetty/jetty-continuation.jar
7f111ddcb000-7f111ddd1000 r--s 00052000 08:01 49545561                   /home/upsmart/eclipse/eclipse-gradle/eclipse/configuration/org.eclipse.osgi/888/0/.cp/lib/jetty/jetty-server.jar
7f111ddd1000-7f111ddd4000 r--s 0002e000 08:01 49545567                   /home/upsmart/eclipse/eclipse-gradle/eclipse/configuration/org.eclipse.osgi/888/0/.cp/lib/jetty/javax.servlet.jar
7f111ddd4000-7f111ddd6000 r--s 00002000 08:01 49545566                   /home/upsmart/eclipse/eclipse-gradle/eclipse/configuration/org.eclipse.osgi/888/0/.cp/lib/eclipse-jetty-starters-embedded.jar
7f111ddd6000-7f111ddd8000 r--s 0000a000 08:01 49545565                   /home/upsmart/eclipse/eclipse-gradle/eclipse/configuration/org.eclipse.osgi/888/0/.cp/lib/eclipse-jetty-starters-console.jar
7f111ddd8000-7f111ddd9000 r--s 00002000 08:01 49545564                   /home/upsmart/eclipse/eclipse-gradle/eclipse/configuration/org.eclipse.osgi/888/0/.cp/lib/eclipse-jetty-starters-util.jar
7f111ddd9000-7f111dddb000 r--s 00002000 08:01 49545563                   /home/upsmart/eclipse/eclipse-gradle/eclipse/configuration/org.eclipse.osgi/888/0/.cp/lib/eclipse-jetty-starters-common.jar
7f111dddb000-7f111dde3000 rw-s 00000000 08:01 74973225                   /tmp/hsperfdata_upsmart/21773
7f111dde3000-7f111dde4000 rw-p 00000000 00:00 0 
7f111dde4000-7f111dde5000 ---p 00000000 00:00 0 
7f111dde5000-7f111dde7000 rw-p 00000000 00:00 0 
7f111dde7000-7f111dde8000 r--p 00022000 08:01 72351840                   /lib/x86_64-linux-gnu/ld-2.19.so
7f111dde8000-7f111dde9000 rw-p 00023000 08:01 72351840                   /lib/x86_64-linux-gnu/ld-2.19.so
7f111dde9000-7f111ddea000 rw-p 00000000 00:00 0 
7fff30c10000-7fff30c32000 rw-p 00000000 00:00 0                          [stack]
7fff30c83000-7fff30c85000 r-xp 00000000 00:00 0                          [vdso]
7fff30c85000-7fff30c87000 r--p 00000000 00:00 0                          [vvar]
ffffffffff600000-ffffffffff601000 r-xp 00000000 00:00 0                  [vsyscall]

VM Arguments:
jvm_args: -Djetty.launcher.configuration=/tmp/eclipseJettyPlugin.config.upsmart_water_drop__1_.xml -Dfile.encoding=UTF-8 
java_command: net.sourceforge.eclipsejetty.starter.embedded.JettyEmbeddedLauncherMain
Launcher Type: SUN_STANDARD

Environment Variables:
JAVA_HOME=/opt/jdk1.7.0_75
CLASSPATH=:/opt/jdk1.7.0_75/lib/
PATH=/opt/jdk1.7.0_75/bin:/opt/gradle/current/bin:/usr/local/sbin:/usr/local/bin:/usr/sbin:/usr/bin:/sbin:/bin:/usr/games:/usr/local/games
SHELL=/bin/zsh
DISPLAY=:0

Signal Handlers:
SIGSEGV: [libjvm.so+0x9a21f0], sa_mask[0]=0x7ffbfeff, sa_flags=0x10000004
SIGBUS: [libjvm.so+0x9a21f0], sa_mask[0]=0x7ffbfeff, sa_flags=0x10000004
SIGFPE: [libjvm.so+0x81ba40], sa_mask[0]=0x7ffbfeff, sa_flags=0x10000004
SIGPIPE: SIG_IGN, sa_mask[0]=0x00001000, sa_flags=0x10000000
SIGXFSZ: [libjvm.so+0x81ba40], sa_mask[0]=0x7ffbfeff, sa_flags=0x10000004
SIGILL: [libjvm.so+0x81ba40], sa_mask[0]=0x7ffbfeff, sa_flags=0x10000004
SIGUSR1: SIG_DFL, sa_mask[0]=0x00000000, sa_flags=0x00000000
SIGUSR2: [libjvm.so+0x81d240], sa_mask[0]=0x00000004, sa_flags=0x10000004
SIGHUP: [libjvm.so+0x81e360], sa_mask[0]=0x7ffbfeff, sa_flags=0x10000004
SIGINT: [libjvm.so+0x81e360], sa_mask[0]=0x7ffbfeff, sa_flags=0x10000004
SIGTERM: [libjvm.so+0x81e360], sa_mask[0]=0x7ffbfeff, sa_flags=0x10000004
SIGQUIT: [libjvm.so+0x81e360], sa_mask[0]=0x7ffbfeff, sa_flags=0x10000004


---------------  S Y S T E M  ---------------

OS:jessie/sid

uname:Linux 3.16.0-55-generic #74~14.04.1-Ubuntu SMP Tue Nov 17 10:15:59 UTC 2015 x86_64
libc:glibc 2.19 NPTL 2.19 
rlimit: STACK 8192k, CORE 0k, NPROC 128226, NOFILE 4096, AS infinity
load average:1.03 1.35 1.05

/proc/meminfo:
MemTotal:       32847296 kB
MemFree:        11152856 kB
MemAvailable:   14352248 kB
Buffers:          541956 kB
Cached:          3495964 kB
SwapCached:            0 kB
Active:         18788552 kB
Inactive:        2068100 kB
Active(anon):   16827008 kB
Inactive(anon):   990820 kB
Active(file):    1961544 kB
Inactive(file):  1077280 kB
Unevictable:         400 kB
Mlocked:             400 kB
SwapTotal:      33452028 kB
SwapFree:       33452028 kB
Dirty:               436 kB
Writeback:             0 kB
AnonPages:      16820796 kB
Mapped:           926412 kB
Shmem:            999320 kB
Slab:             466736 kB
SReclaimable:     413984 kB
SUnreclaim:        52752 kB
KernelStack:       17232 kB
PageTables:       104404 kB
NFS_Unstable:          0 kB
Bounce:                0 kB
WritebackTmp:          0 kB
CommitLimit:    49875676 kB
Committed_AS:   28208500 kB
VmallocTotal:   34359738367 kB
VmallocUsed:      408124 kB
VmallocChunk:   34359272856 kB
HardwareCorrupted:     0 kB
AnonHugePages:  14024704 kB
HugePages_Total:       0
HugePages_Free:        0
HugePages_Rsvd:        0
HugePages_Surp:        0
Hugepagesize:       2048 kB
DirectMap4k:      131624 kB
DirectMap2M:     8155136 kB
DirectMap1G:    25165824 kB


CPU:total 4 (4 cores per cpu, 1 threads per core) family 6 model 60 stepping 3, cmov, cx8, fxsr, mmx, sse, sse2, sse3, ssse3, sse4.1, sse4.2, popcnt, avx, avx2, aes, erms, tsc, tscinvbit

/proc/cpuinfo:
processor	: 0
vendor_id	: GenuineIntel
cpu family	: 6
model		: 60
model name	: Intel(R) Core(TM) i5-4460  CPU @ 3.20GHz
stepping	: 3
microcode	: 0x12
cpu MHz		: 3301.875
cache size	: 6144 KB
physical id	: 0
siblings	: 4
core id		: 0
cpu cores	: 4
apicid		: 0
initial apicid	: 0
fpu		: yes
fpu_exception	: yes
cpuid level	: 13
wp		: yes
flags		: fpu vme de pse tsc msr pae mce cx8 apic sep mtrr pge mca cmov pat pse36 clflush dts acpi mmx fxsr sse sse2 ss ht tm pbe syscall nx pdpe1gb rdtscp lm constant_tsc arch_perfmon pebs bts rep_good nopl xtopology nonstop_tsc aperfmperf eagerfpu pni pclmulqdq dtes64 monitor ds_cpl vmx est tm2 ssse3 fma cx16 xtpr pdcm pcid sse4_1 sse4_2 x2apic movbe popcnt tsc_deadline_timer aes xsave avx f16c rdrand lahf_lm abm ida arat xsaveopt pln pts dtherm tpr_shadow vnmi flexpriority ept vpid fsgsbase tsc_adjust bmi1 avx2 smep bmi2 erms invpcid
bogomips	: 6385.04
clflush size	: 64
cache_alignment	: 64
address sizes	: 39 bits physical, 48 bits virtual
power management:

processor	: 1
vendor_id	: GenuineIntel
cpu family	: 6
model		: 60
model name	: Intel(R) Core(TM) i5-4460  CPU @ 3.20GHz
stepping	: 3
microcode	: 0x12
cpu MHz		: 3295.000
cache size	: 6144 KB
physical id	: 0
siblings	: 4
core id		: 1
cpu cores	: 4
apicid		: 2
initial apicid	: 2
fpu		: yes
fpu_exception	: yes
cpuid level	: 13
wp		: yes
flags		: fpu vme de pse tsc msr pae mce cx8 apic sep mtrr pge mca cmov pat pse36 clflush dts acpi mmx fxsr sse sse2 ss ht tm pbe syscall nx pdpe1gb rdtscp lm constant_tsc arch_perfmon pebs bts rep_good nopl xtopology nonstop_tsc aperfmperf eagerfpu pni pclmulqdq dtes64 monitor ds_cpl vmx est tm2 ssse3 fma cx16 xtpr pdcm pcid sse4_1 sse4_2 x2apic movbe popcnt tsc_deadline_timer aes xsave avx f16c rdrand lahf_lm abm ida arat xsaveopt pln pts dtherm tpr_shadow vnmi flexpriority ept vpid fsgsbase tsc_adjust bmi1 avx2 smep bmi2 erms invpcid
bogomips	: 6385.04
clflush size	: 64
cache_alignment	: 64
address sizes	: 39 bits physical, 48 bits virtual
power management:

processor	: 2
vendor_id	: GenuineIntel
cpu family	: 6
model		: 60
model name	: Intel(R) Core(TM) i5-4460  CPU @ 3.20GHz
stepping	: 3
microcode	: 0x12
cpu MHz		: 3376.125
cache size	: 6144 KB
physical id	: 0
siblings	: 4
core id		: 2
cpu cores	: 4
apicid		: 4
initial apicid	: 4
fpu		: yes
fpu_exception	: yes
cpuid level	: 13
wp		: yes
flags		: fpu vme de pse tsc msr pae mce cx8 apic sep mtrr pge mca cmov pat pse36 clflush dts acpi mmx fxsr sse sse2 ss ht tm pbe syscall nx pdpe1gb rdtscp lm constant_tsc arch_perfmon pebs bts rep_good nopl xtopology nonstop_tsc aperfmperf eagerfpu pni pclmulqdq dtes64 monitor ds_cpl vmx est tm2 ssse3 fma cx16 xtpr pdcm pcid sse4_1 sse4_2 x2apic movbe popcnt tsc_deadline_timer aes xsave avx f16c rdrand lahf_lm abm ida arat xsaveopt pln pts dtherm tpr_shadow vnmi flexpriority ept vpid fsgsbase tsc_adjust bmi1 avx2 smep bmi2 erms invpcid
bogomips	: 6385.04
clflush size	: 64
cache_alignment	: 64
address sizes	: 39 bits physical, 48 bits virtual
power management:

processor	: 3
vendor_id	: GenuineIntel
cpu family	: 6
model		: 60
model name	: Intel(R) Core(TM) i5-4460  CPU @ 3.20GHz
stepping	: 3
microcode	: 0x12
cpu MHz		: 3364.375
cache size	: 6144 KB
physical id	: 0
siblings	: 4
core id		: 3
cpu cores	: 4
apicid		: 6
initial apicid	: 6
fpu		: yes
fpu_exception	: yes
cpuid level	: 13
wp		: yes
flags		: fpu vme de pse tsc msr pae mce cx8 apic sep mtrr pge mca cmov pat pse36 clflush dts acpi mmx fxsr sse sse2 ss ht tm pbe syscall nx pdpe1gb rdtscp lm constant_tsc arch_perfmon pebs bts rep_good nopl xtopology nonstop_tsc aperfmperf eagerfpu pni pclmulqdq dtes64 monitor ds_cpl vmx est tm2 ssse3 fma cx16 xtpr pdcm pcid sse4_1 sse4_2 x2apic movbe popcnt tsc_deadline_timer aes xsave avx f16c rdrand lahf_lm abm ida arat xsaveopt pln pts dtherm tpr_shadow vnmi flexpriority ept vpid fsgsbase tsc_adjust bmi1 avx2 smep bmi2 erms invpcid
bogomips	: 6385.04
clflush size	: 64
cache_alignment	: 64
address sizes	: 39 bits physical, 48 bits virtual
power management:



Memory: 4k page, physical 32847296k(11152856k free), swap 33452028k(33452028k free)

vm_info: Java HotSpot(TM) 64-Bit Server VM (24.75-b04) for linux-amd64 JRE (1.7.0_75-b13), built on Dec 18 2014 16:45:18 by "java_re" with gcc 4.3.0 20080428 (Red Hat 4.3.0-8)

time: Thu Dec 10 11:19:52 2015
elapsed time: 2 seconds

