2015-12-10 10:38:58,797 ERROR [main] org.hibernate.ejb.metamodel.MetadataContext : HHH015011: Unable to locate static metamodel field : com.upsmart.water.drop.domain.Company_#commerce
2015-12-10 10:38:58,797 ERROR [main] org.hibernate.ejb.metamodel.MetadataContext : HHH015011: Unable to locate static metamodel field : com.upsmart.water.drop.domain.Company_#url
2015-12-10 10:38:58,798 ERROR [main] org.hibernate.ejb.metamodel.MetadataContext : HHH015011: Unable to locate static metamodel field : com.upsmart.water.drop.domain.Company_#city
2015-12-10 10:38:58,798 ERROR [main] org.hibernate.ejb.metamodel.MetadataContext : HHH015011: Unable to locate static metamodel field : com.upsmart.water.drop.domain.Company_#abbreviation
2015-12-10 10:38:58,798 ERROR [main] org.hibernate.ejb.metamodel.MetadataContext : HHH015011: Unable to locate static metamodel field : com.upsmart.water.drop.domain.Company_#contract
2015-12-10 10:38:58,798 ERROR [main] org.hibernate.ejb.metamodel.MetadataContext : HHH015011: Unable to locate static metamodel field : com.upsmart.water.drop.domain.Company_#trade
2015-12-10 10:38:58,798 ERROR [main] org.hibernate.ejb.metamodel.MetadataContext : HHH015011: Unable to locate static metamodel field : com.upsmart.water.drop.domain.Company_#serviceContent
2015-12-10 10:49:45,007 ERROR [main] org.hibernate.ejb.metamodel.MetadataContext : HHH015011: Unable to locate static metamodel field : com.upsmart.water.drop.domain.Company_#abbreviation
2015-12-10 10:49:45,007 ERROR [main] org.hibernate.ejb.metamodel.MetadataContext : HHH015011: Unable to locate static metamodel field : com.upsmart.water.drop.domain.Company_#trade
2015-12-10 10:49:45,007 ERROR [main] org.hibernate.ejb.metamodel.MetadataContext : HHH015011: Unable to locate static metamodel field : com.upsmart.water.drop.domain.Company_#url
2015-12-10 10:49:45,008 ERROR [main] org.hibernate.ejb.metamodel.MetadataContext : HHH015011: Unable to locate static metamodel field : com.upsmart.water.drop.domain.Company_#serviceContent
2015-12-10 10:49:45,008 ERROR [main] org.hibernate.ejb.metamodel.MetadataContext : HHH015011: Unable to locate static metamodel field : com.upsmart.water.drop.domain.Company_#contract
2015-12-10 10:49:45,008 ERROR [main] org.hibernate.ejb.metamodel.MetadataContext : HHH015011: Unable to locate static metamodel field : com.upsmart.water.drop.domain.Company_#commerce
2015-12-10 10:49:45,008 ERROR [main] org.hibernate.ejb.metamodel.MetadataContext : HHH015011: Unable to locate static metamodel field : com.upsmart.water.drop.domain.Company_#city
2015-12-10 10:52:32,708 ERROR [main] org.hibernate.ejb.metamodel.MetadataContext : HHH015011: Unable to locate static metamodel field : com.upsmart.water.drop.domain.Company_#contract
2015-12-10 10:52:32,709 ERROR [main] org.hibernate.ejb.metamodel.MetadataContext : HHH015011: Unable to locate static metamodel field : com.upsmart.water.drop.domain.Company_#serviceContent
2015-12-10 10:52:32,709 ERROR [main] org.hibernate.ejb.metamodel.MetadataContext : HHH015011: Unable to locate static metamodel field : com.upsmart.water.drop.domain.Company_#commerce
2015-12-10 10:52:32,709 ERROR [main] org.hibernate.ejb.metamodel.MetadataContext : HHH015011: Unable to locate static metamodel field : com.upsmart.water.drop.domain.Company_#url
2015-12-10 10:52:32,709 ERROR [main] org.hibernate.ejb.metamodel.MetadataContext : HHH015011: Unable to locate static metamodel field : com.upsmart.water.drop.domain.Company_#abbreviation
2015-12-10 10:52:32,709 ERROR [main] org.hibernate.ejb.metamodel.MetadataContext : HHH015011: Unable to locate static metamodel field : com.upsmart.water.drop.domain.Company_#city
2015-12-10 10:52:32,710 ERROR [main] org.hibernate.ejb.metamodel.MetadataContext : HHH015011: Unable to locate static metamodel field : com.upsmart.water.drop.domain.Company_#trade
